ERROR - 2024-02-11 00:35:43 --> mysqli_sql_exception: Unknown column 'id_shakemap' in 'field list' in C:\laragon\www\geofisikaDNP\profileWeb\system\Database\MySQLi\Connection.php:306
Stack trace:
#0 C:\laragon\www\geofisikaDNP\profileWeb\system\Database\MySQLi\Connection.php(306): mysqli->query('INSERT INTO gem...', 0)
#1 C:\laragon\www\geofisikaDNP\profileWeb\system\Database\BaseConnection.php(693): CodeIgniter\Database\MySQLi\Connection->execute('INSERT INTO gem...')
#2 C:\laragon\www\geofisikaDNP\profileWeb\system\Database\BaseConnection.php(607): CodeIgniter\Database\BaseConnection->simpleQuery('INSERT INTO gem...')
#3 C:\laragon\www\geofisikaDNP\profileWeb\app\Controllers\Web.php(152): CodeIgniter\Database\BaseConnection->query('INSERT INTO gem...')
#4 C:\laragon\www\geofisikaDNP\profileWeb\system\CodeIgniter.php(939): App\Controllers\Web->simpan2()
#5 C:\laragon\www\geofisikaDNP\profileWeb\system\CodeIgniter.php(502): CodeIgniter\CodeIgniter->runController(Object(App\Controllers\Web))
#6 C:\laragon\www\geofisikaDNP\profileWeb\system\CodeIgniter.php(361): CodeIgniter\CodeIgniter->handleRequest(NULL, Object(Config\Cache), false)
#7 C:\laragon\www\geofisikaDNP\profileWeb\public\index.php(79): CodeIgniter\CodeIgniter->run()
#8 {main}
CRITICAL - 2024-02-11 00:35:43 --> Unknown column 'id_shakemap' in 'field list'
in SYSTEMPATH\Database\BaseConnection.php on line 647.
 1 APPPATH\Controllers\Web.php(152): CodeIgniter\Database\BaseConnection->query('INSERT INTO gempapgr3 (id,infogempa,id_shakemap) VALUES (\'20240211072810\',\'Info Gempa Mag:1.9 SR, 11-Feb-24 07:28:10 WIB, Lok:9.82 LS,119.37 BT (4 km BaratDaya WANOKAKA-NTT), Kedlmn:10 Km ::BMKG-PGR III\',\'\')')
 2 SYSTEMPATH\CodeIgniter.php(939): App\Controllers\Web->simpan2()
 3 SYSTEMPATH\CodeIgniter.php(502): CodeIgniter\CodeIgniter->runController(Object(App\Controllers\Web))
 4 SYSTEMPATH\CodeIgniter.php(361): CodeIgniter\CodeIgniter->handleRequest(null, Object(Config\Cache), false)
 5 FCPATH\index.php(79): CodeIgniter\CodeIgniter->run()
ERROR - 2024-02-11 01:54:43 --> mysqli_sql_exception: Unknown column 'id_shakemap' in 'field list' in C:\laragon\www\geofisikaDNP\profileWeb\system\Database\MySQLi\Connection.php:306
Stack trace:
#0 C:\laragon\www\geofisikaDNP\profileWeb\system\Database\MySQLi\Connection.php(306): mysqli->query('INSERT INTO gem...', 0)
#1 C:\laragon\www\geofisikaDNP\profileWeb\system\Database\BaseConnection.php(693): CodeIgniter\Database\MySQLi\Connection->execute('INSERT INTO gem...')
#2 C:\laragon\www\geofisikaDNP\profileWeb\system\Database\BaseConnection.php(607): CodeIgniter\Database\BaseConnection->simpleQuery('INSERT INTO gem...')
#3 C:\laragon\www\geofisikaDNP\profileWeb\app\Controllers\Web.php(152): CodeIgniter\Database\BaseConnection->query('INSERT INTO gem...')
#4 C:\laragon\www\geofisikaDNP\profileWeb\system\CodeIgniter.php(939): App\Controllers\Web->simpan2()
#5 C:\laragon\www\geofisikaDNP\profileWeb\system\CodeIgniter.php(502): CodeIgniter\CodeIgniter->runController(Object(App\Controllers\Web))
#6 C:\laragon\www\geofisikaDNP\profileWeb\system\CodeIgniter.php(361): CodeIgniter\CodeIgniter->handleRequest(NULL, Object(Config\Cache), false)
#7 C:\laragon\www\geofisikaDNP\profileWeb\public\index.php(79): CodeIgniter\CodeIgniter->run()
#8 {main}
CRITICAL - 2024-02-11 01:54:43 --> Unknown column 'id_shakemap' in 'field list'
in SYSTEMPATH\Database\BaseConnection.php on line 647.
 1 APPPATH\Controllers\Web.php(152): CodeIgniter\Database\BaseConnection->query('INSERT INTO gempapgr3 (id,infogempa,id_shakemap) VALUES (\'20240211084844\',\'Info Gempa Mag:2.6 SR, 11-Feb-24 08:48:44 WIB, Lok:9.67 LS,119.30 BT (10 km BaratDaya WAIKABUBAK-NTT), Kedlmn:49 Km ::BMKG-PGR III\',\'\')')
 2 SYSTEMPATH\CodeIgniter.php(939): App\Controllers\Web->simpan2()
 3 SYSTEMPATH\CodeIgniter.php(502): CodeIgniter\CodeIgniter->runController(Object(App\Controllers\Web))
 4 SYSTEMPATH\CodeIgniter.php(361): CodeIgniter\CodeIgniter->handleRequest(null, Object(Config\Cache), false)
 5 FCPATH\index.php(79): CodeIgniter\CodeIgniter->run()
ERROR - 2024-02-11 04:00:43 --> mysqli_sql_exception: Unknown column 'id_shakemap' in 'field list' in C:\laragon\www\geofisikaDNP\profileWeb\system\Database\MySQLi\Connection.php:306
Stack trace:
#0 C:\laragon\www\geofisikaDNP\profileWeb\system\Database\MySQLi\Connection.php(306): mysqli->query('INSERT INTO gem...', 0)
#1 C:\laragon\www\geofisikaDNP\profileWeb\system\Database\BaseConnection.php(693): CodeIgniter\Database\MySQLi\Connection->execute('INSERT INTO gem...')
#2 C:\laragon\www\geofisikaDNP\profileWeb\system\Database\BaseConnection.php(607): CodeIgniter\Database\BaseConnection->simpleQuery('INSERT INTO gem...')
#3 C:\laragon\www\geofisikaDNP\profileWeb\app\Controllers\Web.php(152): CodeIgniter\Database\BaseConnection->query('INSERT INTO gem...')
#4 C:\laragon\www\geofisikaDNP\profileWeb\system\CodeIgniter.php(939): App\Controllers\Web->simpan2()
#5 C:\laragon\www\geofisikaDNP\profileWeb\system\CodeIgniter.php(502): CodeIgniter\CodeIgniter->runController(Object(App\Controllers\Web))
#6 C:\laragon\www\geofisikaDNP\profileWeb\system\CodeIgniter.php(361): CodeIgniter\CodeIgniter->handleRequest(NULL, Object(Config\Cache), false)
#7 C:\laragon\www\geofisikaDNP\profileWeb\public\index.php(79): CodeIgniter\CodeIgniter->run()
#8 {main}
CRITICAL - 2024-02-11 04:00:43 --> Unknown column 'id_shakemap' in 'field list'
in SYSTEMPATH\Database\BaseConnection.php on line 647.
 1 APPPATH\Controllers\Web.php(152): CodeIgniter\Database\BaseConnection->query('INSERT INTO gempapgr3 (id,infogempa,id_shakemap) VALUES (\'20240211105416\',\'Info Gempa Mag:2.2 SR, 11-Feb-24 10:54:16 WIB, Lok:8.33 LS,118.08 BT (48 km BaratLaut DOMPU-NTB), Kedlmn:131 Km ::BMKG-PGR III\',\'\')')
 2 SYSTEMPATH\CodeIgniter.php(939): App\Controllers\Web->simpan2()
 3 SYSTEMPATH\CodeIgniter.php(502): CodeIgniter\CodeIgniter->runController(Object(App\Controllers\Web))
 4 SYSTEMPATH\CodeIgniter.php(361): CodeIgniter\CodeIgniter->handleRequest(null, Object(Config\Cache), false)
 5 FCPATH\index.php(79): CodeIgniter\CodeIgniter->run()
ERROR - 2024-02-11 05:07:48 --> mysqli_sql_exception: Unknown column 'id_shakemap' in 'field list' in C:\laragon\www\geofisikaDNP\profileWeb\system\Database\MySQLi\Connection.php:306
Stack trace:
#0 C:\laragon\www\geofisikaDNP\profileWeb\system\Database\MySQLi\Connection.php(306): mysqli->query('INSERT INTO gem...', 0)
#1 C:\laragon\www\geofisikaDNP\profileWeb\system\Database\BaseConnection.php(693): CodeIgniter\Database\MySQLi\Connection->execute('INSERT INTO gem...')
#2 C:\laragon\www\geofisikaDNP\profileWeb\system\Database\BaseConnection.php(607): CodeIgniter\Database\BaseConnection->simpleQuery('INSERT INTO gem...')
#3 C:\laragon\www\geofisikaDNP\profileWeb\app\Controllers\Web.php(152): CodeIgniter\Database\BaseConnection->query('INSERT INTO gem...')
#4 C:\laragon\www\geofisikaDNP\profileWeb\system\CodeIgniter.php(939): App\Controllers\Web->simpan2()
#5 C:\laragon\www\geofisikaDNP\profileWeb\system\CodeIgniter.php(502): CodeIgniter\CodeIgniter->runController(Object(App\Controllers\Web))
#6 C:\laragon\www\geofisikaDNP\profileWeb\system\CodeIgniter.php(361): CodeIgniter\CodeIgniter->handleRequest(NULL, Object(Config\Cache), false)
#7 C:\laragon\www\geofisikaDNP\profileWeb\public\index.php(79): CodeIgniter\CodeIgniter->run()
#8 {main}
CRITICAL - 2024-02-11 05:07:48 --> Unknown column 'id_shakemap' in 'field list'
in SYSTEMPATH\Database\BaseConnection.php on line 647.
 1 APPPATH\Controllers\Web.php(152): CodeIgniter\Database\BaseConnection->query('INSERT INTO gempapgr3 (id,infogempa,id_shakemap) VALUES (\'20240211120001\',\'Info Gempa Mag:2.8 SR, 11-Feb-24 12:00:01 WIB, Lok:8.42 LS,114.12 BT (35 km BaratDaya BANYUWANGI-JATIM), Kedlmn:12 Km ::BMKG-KHK\',\'\')')
 2 SYSTEMPATH\CodeIgniter.php(939): App\Controllers\Web->simpan2()
 3 SYSTEMPATH\CodeIgniter.php(502): CodeIgniter\CodeIgniter->runController(Object(App\Controllers\Web))
 4 SYSTEMPATH\CodeIgniter.php(361): CodeIgniter\CodeIgniter->handleRequest(null, Object(Config\Cache), false)
 5 FCPATH\index.php(79): CodeIgniter\CodeIgniter->run()
ERROR - 2024-02-11 05:28:43 --> mysqli_sql_exception: Unknown column 'id_shakemap' in 'field list' in C:\laragon\www\geofisikaDNP\profileWeb\system\Database\MySQLi\Connection.php:306
Stack trace:
#0 C:\laragon\www\geofisikaDNP\profileWeb\system\Database\MySQLi\Connection.php(306): mysqli->query('INSERT INTO gem...', 0)
#1 C:\laragon\www\geofisikaDNP\profileWeb\system\Database\BaseConnection.php(693): CodeIgniter\Database\MySQLi\Connection->execute('INSERT INTO gem...')
#2 C:\laragon\www\geofisikaDNP\profileWeb\system\Database\BaseConnection.php(607): CodeIgniter\Database\BaseConnection->simpleQuery('INSERT INTO gem...')
#3 C:\laragon\www\geofisikaDNP\profileWeb\app\Controllers\Web.php(152): CodeIgniter\Database\BaseConnection->query('INSERT INTO gem...')
#4 C:\laragon\www\geofisikaDNP\profileWeb\system\CodeIgniter.php(939): App\Controllers\Web->simpan2()
#5 C:\laragon\www\geofisikaDNP\profileWeb\system\CodeIgniter.php(502): CodeIgniter\CodeIgniter->runController(Object(App\Controllers\Web))
#6 C:\laragon\www\geofisikaDNP\profileWeb\system\CodeIgniter.php(361): CodeIgniter\CodeIgniter->handleRequest(NULL, Object(Config\Cache), false)
#7 C:\laragon\www\geofisikaDNP\profileWeb\public\index.php(79): CodeIgniter\CodeIgniter->run()
#8 {main}
CRITICAL - 2024-02-11 05:28:43 --> Unknown column 'id_shakemap' in 'field list'
in SYSTEMPATH\Database\BaseConnection.php on line 647.
 1 APPPATH\Controllers\Web.php(152): CodeIgniter\Database\BaseConnection->query('INSERT INTO gempapgr3 (id,infogempa,id_shakemap) VALUES (\'20240211122109\',\'Info Gempa Mag:2.1 SR, 11-Feb-24 12:21:09 WIB, Lok:8.45 LS,119.17 BT (46 km TimurLaut KOTA-BIMA-NTB), Kedlmn:139 Km ::BMKG-PGR III\',\'\')')
 2 SYSTEMPATH\CodeIgniter.php(939): App\Controllers\Web->simpan2()
 3 SYSTEMPATH\CodeIgniter.php(502): CodeIgniter\CodeIgniter->runController(Object(App\Controllers\Web))
 4 SYSTEMPATH\CodeIgniter.php(361): CodeIgniter\CodeIgniter->handleRequest(null, Object(Config\Cache), false)
 5 FCPATH\index.php(79): CodeIgniter\CodeIgniter->run()
ERROR - 2024-02-11 05:32:42 --> mysqli_sql_exception: Unknown column 'id_shakemap' in 'field list' in C:\laragon\www\geofisikaDNP\profileWeb\system\Database\MySQLi\Connection.php:306
Stack trace:
#0 C:\laragon\www\geofisikaDNP\profileWeb\system\Database\MySQLi\Connection.php(306): mysqli->query('INSERT INTO gem...', 0)
#1 C:\laragon\www\geofisikaDNP\profileWeb\system\Database\BaseConnection.php(693): CodeIgniter\Database\MySQLi\Connection->execute('INSERT INTO gem...')
#2 C:\laragon\www\geofisikaDNP\profileWeb\system\Database\BaseConnection.php(607): CodeIgniter\Database\BaseConnection->simpleQuery('INSERT INTO gem...')
#3 C:\laragon\www\geofisikaDNP\profileWeb\app\Controllers\Web.php(152): CodeIgniter\Database\BaseConnection->query('INSERT INTO gem...')
#4 C:\laragon\www\geofisikaDNP\profileWeb\system\CodeIgniter.php(939): App\Controllers\Web->simpan2()
#5 C:\laragon\www\geofisikaDNP\profileWeb\system\CodeIgniter.php(502): CodeIgniter\CodeIgniter->runController(Object(App\Controllers\Web))
#6 C:\laragon\www\geofisikaDNP\profileWeb\system\CodeIgniter.php(361): CodeIgniter\CodeIgniter->handleRequest(NULL, Object(Config\Cache), false)
#7 C:\laragon\www\geofisikaDNP\profileWeb\public\index.php(79): CodeIgniter\CodeIgniter->run()
#8 {main}
CRITICAL - 2024-02-11 05:32:42 --> Unknown column 'id_shakemap' in 'field list'
in SYSTEMPATH\Database\BaseConnection.php on line 647.
 1 APPPATH\Controllers\Web.php(152): CodeIgniter\Database\BaseConnection->query('INSERT INTO gempapgr3 (id,infogempa,id_shakemap) VALUES (\'20240211122754\',\'Info Gempa Mag:1.3 SR, 11-Feb-24 12:27:54 WIB, Lok:8.42 LS,121.50 BT (35 km TimurLaut MBAY-NAGEKEO-NTT), Kedlmn:10 Km ::BMKG-KHK\',\'\')')
 2 SYSTEMPATH\CodeIgniter.php(939): App\Controllers\Web->simpan2()
 3 SYSTEMPATH\CodeIgniter.php(502): CodeIgniter\CodeIgniter->runController(Object(App\Controllers\Web))
 4 SYSTEMPATH\CodeIgniter.php(361): CodeIgniter\CodeIgniter->handleRequest(null, Object(Config\Cache), false)
 5 FCPATH\index.php(79): CodeIgniter\CodeIgniter->run()
ERROR - 2024-02-11 05:36:42 --> mysqli_sql_exception: Unknown column 'id_shakemap' in 'field list' in C:\laragon\www\geofisikaDNP\profileWeb\system\Database\MySQLi\Connection.php:306
Stack trace:
#0 C:\laragon\www\geofisikaDNP\profileWeb\system\Database\MySQLi\Connection.php(306): mysqli->query('INSERT INTO gem...', 0)
#1 C:\laragon\www\geofisikaDNP\profileWeb\system\Database\BaseConnection.php(693): CodeIgniter\Database\MySQLi\Connection->execute('INSERT INTO gem...')
#2 C:\laragon\www\geofisikaDNP\profileWeb\system\Database\BaseConnection.php(607): CodeIgniter\Database\BaseConnection->simpleQuery('INSERT INTO gem...')
#3 C:\laragon\www\geofisikaDNP\profileWeb\app\Controllers\Web.php(152): CodeIgniter\Database\BaseConnection->query('INSERT INTO gem...')
#4 C:\laragon\www\geofisikaDNP\profileWeb\system\CodeIgniter.php(939): App\Controllers\Web->simpan2()
#5 C:\laragon\www\geofisikaDNP\profileWeb\system\CodeIgniter.php(502): CodeIgniter\CodeIgniter->runController(Object(App\Controllers\Web))
#6 C:\laragon\www\geofisikaDNP\profileWeb\system\CodeIgniter.php(361): CodeIgniter\CodeIgniter->handleRequest(NULL, Object(Config\Cache), false)
#7 C:\laragon\www\geofisikaDNP\profileWeb\public\index.php(79): CodeIgniter\CodeIgniter->run()
#8 {main}
CRITICAL - 2024-02-11 05:36:42 --> Unknown column 'id_shakemap' in 'field list'
in SYSTEMPATH\Database\BaseConnection.php on line 647.
 1 APPPATH\Controllers\Web.php(152): CodeIgniter\Database\BaseConnection->query('INSERT INTO gempapgr3 (id,infogempa,id_shakemap) VALUES (\'20240211122950\',\'Info Gempa Mag:2.7 SR, 11-Feb-24 12:29:50 WIB, Lok:9.64 LS,119.59 BT (2 km BaratDaya WAIBAKUL-NTT), Kedlmn:22 Km ::BMKG-PGR III\',\'\')')
 2 SYSTEMPATH\CodeIgniter.php(939): App\Controllers\Web->simpan2()
 3 SYSTEMPATH\CodeIgniter.php(502): CodeIgniter\CodeIgniter->runController(Object(App\Controllers\Web))
 4 SYSTEMPATH\CodeIgniter.php(361): CodeIgniter\CodeIgniter->handleRequest(null, Object(Config\Cache), false)
 5 FCPATH\index.php(79): CodeIgniter\CodeIgniter->run()
ERROR - 2024-02-11 07:31:48 --> mysqli_sql_exception: Unknown column 'id_shakemap' in 'field list' in C:\laragon\www\geofisikaDNP\profileWeb\system\Database\MySQLi\Connection.php:306
Stack trace:
#0 C:\laragon\www\geofisikaDNP\profileWeb\system\Database\MySQLi\Connection.php(306): mysqli->query('INSERT INTO gem...', 0)
#1 C:\laragon\www\geofisikaDNP\profileWeb\system\Database\BaseConnection.php(693): CodeIgniter\Database\MySQLi\Connection->execute('INSERT INTO gem...')
#2 C:\laragon\www\geofisikaDNP\profileWeb\system\Database\BaseConnection.php(607): CodeIgniter\Database\BaseConnection->simpleQuery('INSERT INTO gem...')
#3 C:\laragon\www\geofisikaDNP\profileWeb\app\Controllers\Web.php(152): CodeIgniter\Database\BaseConnection->query('INSERT INTO gem...')
#4 C:\laragon\www\geofisikaDNP\profileWeb\system\CodeIgniter.php(939): App\Controllers\Web->simpan2()
#5 C:\laragon\www\geofisikaDNP\profileWeb\system\CodeIgniter.php(502): CodeIgniter\CodeIgniter->runController(Object(App\Controllers\Web))
#6 C:\laragon\www\geofisikaDNP\profileWeb\system\CodeIgniter.php(361): CodeIgniter\CodeIgniter->handleRequest(NULL, Object(Config\Cache), false)
#7 C:\laragon\www\geofisikaDNP\profileWeb\public\index.php(79): CodeIgniter\CodeIgniter->run()
#8 {main}
CRITICAL - 2024-02-11 07:31:48 --> Unknown column 'id_shakemap' in 'field list'
in SYSTEMPATH\Database\BaseConnection.php on line 647.
 1 APPPATH\Controllers\Web.php(152): CodeIgniter\Database\BaseConnection->query('INSERT INTO gempaindodirasakan (id,infogempa,id_shakemap) VALUES (\'20240210214430\',\'Info Gempa Mag:4.2 SR, 10-Feb-24 21:44:30 WIB, Lok:2.21 LS,140.06 BT (Pusat gempa berada di 44 km BaratLaut GENYEM-JAYAPURA), Kedlmn:6 km :: Dirasakan: II Kab. Jayapura\',\'\')')
 2 SYSTEMPATH\CodeIgniter.php(939): App\Controllers\Web->simpan2()
 3 SYSTEMPATH\CodeIgniter.php(502): CodeIgniter\CodeIgniter->runController(Object(App\Controllers\Web))
 4 SYSTEMPATH\CodeIgniter.php(361): CodeIgniter\CodeIgniter->handleRequest(null, Object(Config\Cache), false)
 5 FCPATH\index.php(79): CodeIgniter\CodeIgniter->run()
ERROR - 2024-02-11 09:42:42 --> mysqli_sql_exception: Unknown column 'id_shakemap' in 'field list' in C:\laragon\www\geofisikaDNP\profileWeb\system\Database\MySQLi\Connection.php:306
Stack trace:
#0 C:\laragon\www\geofisikaDNP\profileWeb\system\Database\MySQLi\Connection.php(306): mysqli->query('INSERT INTO gem...', 0)
#1 C:\laragon\www\geofisikaDNP\profileWeb\system\Database\BaseConnection.php(693): CodeIgniter\Database\MySQLi\Connection->execute('INSERT INTO gem...')
#2 C:\laragon\www\geofisikaDNP\profileWeb\system\Database\BaseConnection.php(607): CodeIgniter\Database\BaseConnection->simpleQuery('INSERT INTO gem...')
#3 C:\laragon\www\geofisikaDNP\profileWeb\app\Controllers\Web.php(152): CodeIgniter\Database\BaseConnection->query('INSERT INTO gem...')
#4 C:\laragon\www\geofisikaDNP\profileWeb\system\CodeIgniter.php(939): App\Controllers\Web->simpan2()
#5 C:\laragon\www\geofisikaDNP\profileWeb\system\CodeIgniter.php(502): CodeIgniter\CodeIgniter->runController(Object(App\Controllers\Web))
#6 C:\laragon\www\geofisikaDNP\profileWeb\system\CodeIgniter.php(361): CodeIgniter\CodeIgniter->handleRequest(NULL, Object(Config\Cache), false)
#7 C:\laragon\www\geofisikaDNP\profileWeb\public\index.php(79): CodeIgniter\CodeIgniter->run()
#8 {main}
CRITICAL - 2024-02-11 09:42:42 --> Unknown column 'id_shakemap' in 'field list'
in SYSTEMPATH\Database\BaseConnection.php on line 647.
 1 APPPATH\Controllers\Web.php(152): CodeIgniter\Database\BaseConnection->query('INSERT INTO gempapgr3 (id,infogempa,id_shakemap) VALUES (\'20240211163454\',\'Info Gempa Mag:2.5 SR, 11-Feb-24 16:34:54 WIB, Lok:8.28 LS,119.95 BT (24 km TimurLaut LABUANBAJO-NTT), Kedlmn:171 Km ::BMKG-PGR III\',\'\')')
 2 SYSTEMPATH\CodeIgniter.php(939): App\Controllers\Web->simpan2()
 3 SYSTEMPATH\CodeIgniter.php(502): CodeIgniter\CodeIgniter->runController(Object(App\Controllers\Web))
 4 SYSTEMPATH\CodeIgniter.php(361): CodeIgniter\CodeIgniter->handleRequest(null, Object(Config\Cache), false)
 5 FCPATH\index.php(79): CodeIgniter\CodeIgniter->run()
ERROR - 2024-02-11 09:53:42 --> mysqli_sql_exception: Unknown column 'id_shakemap' in 'field list' in C:\laragon\www\geofisikaDNP\profileWeb\system\Database\MySQLi\Connection.php:306
Stack trace:
#0 C:\laragon\www\geofisikaDNP\profileWeb\system\Database\MySQLi\Connection.php(306): mysqli->query('INSERT INTO gem...', 0)
#1 C:\laragon\www\geofisikaDNP\profileWeb\system\Database\BaseConnection.php(693): CodeIgniter\Database\MySQLi\Connection->execute('INSERT INTO gem...')
#2 C:\laragon\www\geofisikaDNP\profileWeb\system\Database\BaseConnection.php(607): CodeIgniter\Database\BaseConnection->simpleQuery('INSERT INTO gem...')
#3 C:\laragon\www\geofisikaDNP\profileWeb\app\Controllers\Web.php(152): CodeIgniter\Database\BaseConnection->query('INSERT INTO gem...')
#4 C:\laragon\www\geofisikaDNP\profileWeb\system\CodeIgniter.php(939): App\Controllers\Web->simpan2()
#5 C:\laragon\www\geofisikaDNP\profileWeb\system\CodeIgniter.php(502): CodeIgniter\CodeIgniter->runController(Object(App\Controllers\Web))
#6 C:\laragon\www\geofisikaDNP\profileWeb\system\CodeIgniter.php(361): CodeIgniter\CodeIgniter->handleRequest(NULL, Object(Config\Cache), false)
#7 C:\laragon\www\geofisikaDNP\profileWeb\public\index.php(79): CodeIgniter\CodeIgniter->run()
#8 {main}
CRITICAL - 2024-02-11 09:53:42 --> Unknown column 'id_shakemap' in 'field list'
in SYSTEMPATH\Database\BaseConnection.php on line 647.
 1 APPPATH\Controllers\Web.php(152): CodeIgniter\Database\BaseConnection->query('INSERT INTO gempapgr3 (id,infogempa,id_shakemap) VALUES (\'20240211164644\',\'Info Gempa Mag:3.0 SR, 11-Feb-24 16:46:44 WIB, Lok:7.46 LS,121.66 BT (140 km TimurLaut MBAY-NAGEKEO-NTT), Kedlmn:22 Km ::BMKG-WSI\',\'\')')
 2 SYSTEMPATH\CodeIgniter.php(939): App\Controllers\Web->simpan2()
 3 SYSTEMPATH\CodeIgniter.php(502): CodeIgniter\CodeIgniter->runController(Object(App\Controllers\Web))
 4 SYSTEMPATH\CodeIgniter.php(361): CodeIgniter\CodeIgniter->handleRequest(null, Object(Config\Cache), false)
 5 FCPATH\index.php(79): CodeIgniter\CodeIgniter->run()
ERROR - 2024-02-11 10:49:43 --> mysqli_sql_exception: Unknown column 'id_shakemap' in 'field list' in C:\laragon\www\geofisikaDNP\profileWeb\system\Database\MySQLi\Connection.php:306
Stack trace:
#0 C:\laragon\www\geofisikaDNP\profileWeb\system\Database\MySQLi\Connection.php(306): mysqli->query('INSERT INTO gem...', 0)
#1 C:\laragon\www\geofisikaDNP\profileWeb\system\Database\BaseConnection.php(693): CodeIgniter\Database\MySQLi\Connection->execute('INSERT INTO gem...')
#2 C:\laragon\www\geofisikaDNP\profileWeb\system\Database\BaseConnection.php(607): CodeIgniter\Database\BaseConnection->simpleQuery('INSERT INTO gem...')
#3 C:\laragon\www\geofisikaDNP\profileWeb\app\Controllers\Web.php(152): CodeIgniter\Database\BaseConnection->query('INSERT INTO gem...')
#4 C:\laragon\www\geofisikaDNP\profileWeb\system\CodeIgniter.php(939): App\Controllers\Web->simpan2()
#5 C:\laragon\www\geofisikaDNP\profileWeb\system\CodeIgniter.php(502): CodeIgniter\CodeIgniter->runController(Object(App\Controllers\Web))
#6 C:\laragon\www\geofisikaDNP\profileWeb\system\CodeIgniter.php(361): CodeIgniter\CodeIgniter->handleRequest(NULL, Object(Config\Cache), false)
#7 C:\laragon\www\geofisikaDNP\profileWeb\public\index.php(79): CodeIgniter\CodeIgniter->run()
#8 {main}
CRITICAL - 2024-02-11 10:49:43 --> Unknown column 'id_shakemap' in 'field list'
in SYSTEMPATH\Database\BaseConnection.php on line 647.
 1 APPPATH\Controllers\Web.php(152): CodeIgniter\Database\BaseConnection->query('INSERT INTO gempapgr3 (id,infogempa,id_shakemap) VALUES (\'20240211174201\',\'Info Gempa Mag:2.8 SR, 11-Feb-24 17:42:01 WIB, Lok:8.62 LS,120.42 BT (4 km BaratDaya RUTENG-MANGGARAI-NTT), Kedlmn:10 Km ::BMKG-PGR III\',\'\')')
 2 SYSTEMPATH\CodeIgniter.php(939): App\Controllers\Web->simpan2()
 3 SYSTEMPATH\CodeIgniter.php(502): CodeIgniter\CodeIgniter->runController(Object(App\Controllers\Web))
 4 SYSTEMPATH\CodeIgniter.php(361): CodeIgniter\CodeIgniter->handleRequest(null, Object(Config\Cache), false)
 5 FCPATH\index.php(79): CodeIgniter\CodeIgniter->run()
ERROR - 2024-02-11 10:58:45 --> mysqli_sql_exception: Unknown column 'id_shakemap' in 'field list' in C:\laragon\www\geofisikaDNP\profileWeb\system\Database\MySQLi\Connection.php:306
Stack trace:
#0 C:\laragon\www\geofisikaDNP\profileWeb\system\Database\MySQLi\Connection.php(306): mysqli->query('INSERT INTO gem...', 0)
#1 C:\laragon\www\geofisikaDNP\profileWeb\system\Database\BaseConnection.php(693): CodeIgniter\Database\MySQLi\Connection->execute('INSERT INTO gem...')
#2 C:\laragon\www\geofisikaDNP\profileWeb\system\Database\BaseConnection.php(607): CodeIgniter\Database\BaseConnection->simpleQuery('INSERT INTO gem...')
#3 C:\laragon\www\geofisikaDNP\profileWeb\app\Controllers\Web.php(152): CodeIgniter\Database\BaseConnection->query('INSERT INTO gem...')
#4 C:\laragon\www\geofisikaDNP\profileWeb\system\CodeIgniter.php(939): App\Controllers\Web->simpan2()
#5 C:\laragon\www\geofisikaDNP\profileWeb\system\CodeIgniter.php(502): CodeIgniter\CodeIgniter->runController(Object(App\Controllers\Web))
#6 C:\laragon\www\geofisikaDNP\profileWeb\system\CodeIgniter.php(361): CodeIgniter\CodeIgniter->handleRequest(NULL, Object(Config\Cache), false)
#7 C:\laragon\www\geofisikaDNP\profileWeb\public\index.php(79): CodeIgniter\CodeIgniter->run()
#8 {main}
CRITICAL - 2024-02-11 10:58:45 --> Unknown column 'id_shakemap' in 'field list'
in SYSTEMPATH\Database\BaseConnection.php on line 647.
 1 APPPATH\Controllers\Web.php(152): CodeIgniter\Database\BaseConnection->query('INSERT INTO gempapgr3 (id,infogempa,id_shakemap) VALUES (\'20240211174403\',\'Info Gempa Mag:3.1 SR, 11-Feb-24 17:44:03 WIB, Lok:10.88 LS,117.69 BT (202 km BaratDaya KODI-SUMBABARATDAYA-NTT), Kedlmn:10 Km ::BMKG-PGR III\',\'\')')
 2 SYSTEMPATH\CodeIgniter.php(939): App\Controllers\Web->simpan2()
 3 SYSTEMPATH\CodeIgniter.php(502): CodeIgniter\CodeIgniter->runController(Object(App\Controllers\Web))
 4 SYSTEMPATH\CodeIgniter.php(361): CodeIgniter\CodeIgniter->handleRequest(null, Object(Config\Cache), false)
 5 FCPATH\index.php(79): CodeIgniter\CodeIgniter->run()
ERROR - 2024-02-11 11:07:50 --> mysqli_sql_exception: Unknown column 'id_shakemap' in 'field list' in C:\laragon\www\geofisikaDNP\profileWeb\system\Database\MySQLi\Connection.php:306
Stack trace:
#0 C:\laragon\www\geofisikaDNP\profileWeb\system\Database\MySQLi\Connection.php(306): mysqli->query('INSERT INTO gem...', 0)
#1 C:\laragon\www\geofisikaDNP\profileWeb\system\Database\BaseConnection.php(693): CodeIgniter\Database\MySQLi\Connection->execute('INSERT INTO gem...')
#2 C:\laragon\www\geofisikaDNP\profileWeb\system\Database\BaseConnection.php(607): CodeIgniter\Database\BaseConnection->simpleQuery('INSERT INTO gem...')
#3 C:\laragon\www\geofisikaDNP\profileWeb\app\Controllers\Web.php(152): CodeIgniter\Database\BaseConnection->query('INSERT INTO gem...')
#4 C:\laragon\www\geofisikaDNP\profileWeb\system\CodeIgniter.php(939): App\Controllers\Web->simpan2()
#5 C:\laragon\www\geofisikaDNP\profileWeb\system\CodeIgniter.php(502): CodeIgniter\CodeIgniter->runController(Object(App\Controllers\Web))
#6 C:\laragon\www\geofisikaDNP\profileWeb\system\CodeIgniter.php(361): CodeIgniter\CodeIgniter->handleRequest(NULL, Object(Config\Cache), false)
#7 C:\laragon\www\geofisikaDNP\profileWeb\public\index.php(79): CodeIgniter\CodeIgniter->run()
#8 {main}
CRITICAL - 2024-02-11 11:07:50 --> Unknown column 'id_shakemap' in 'field list'
in SYSTEMPATH\Database\BaseConnection.php on line 647.
 1 APPPATH\Controllers\Web.php(152): CodeIgniter\Database\BaseConnection->query('INSERT INTO gempaindodirasakan (id,infogempa,id_shakemap) VALUES (\'20240210214430\',\'Info Gempa Mag:4.2 SR, 10-Feb-24 21:44:30 WIB, Lok:2.21 LS,140.06 BT (Pusat gempa berada di 44 km BaratLaut GENYEM-JAYAPURA), Kedlmn:6 km :: Dirasakan: II Kab. Jayapura\',\'\')')
 2 SYSTEMPATH\CodeIgniter.php(939): App\Controllers\Web->simpan2()
 3 SYSTEMPATH\CodeIgniter.php(502): CodeIgniter\CodeIgniter->runController(Object(App\Controllers\Web))
 4 SYSTEMPATH\CodeIgniter.php(361): CodeIgniter\CodeIgniter->handleRequest(null, Object(Config\Cache), false)
 5 FCPATH\index.php(79): CodeIgniter\CodeIgniter->run()
ERROR - 2024-02-11 11:07:51 --> mysqli_sql_exception: Unknown column 'id_shakemap' in 'field list' in C:\laragon\www\geofisikaDNP\profileWeb\system\Database\MySQLi\Connection.php:306
Stack trace:
#0 C:\laragon\www\geofisikaDNP\profileWeb\system\Database\MySQLi\Connection.php(306): mysqli->query('INSERT INTO gem...', 0)
#1 C:\laragon\www\geofisikaDNP\profileWeb\system\Database\BaseConnection.php(693): CodeIgniter\Database\MySQLi\Connection->execute('INSERT INTO gem...')
#2 C:\laragon\www\geofisikaDNP\profileWeb\system\Database\BaseConnection.php(607): CodeIgniter\Database\BaseConnection->simpleQuery('INSERT INTO gem...')
#3 C:\laragon\www\geofisikaDNP\profileWeb\app\Controllers\Web.php(152): CodeIgniter\Database\BaseConnection->query('INSERT INTO gem...')
#4 C:\laragon\www\geofisikaDNP\profileWeb\system\CodeIgniter.php(939): App\Controllers\Web->simpan2()
#5 C:\laragon\www\geofisikaDNP\profileWeb\system\CodeIgniter.php(502): CodeIgniter\CodeIgniter->runController(Object(App\Controllers\Web))
#6 C:\laragon\www\geofisikaDNP\profileWeb\system\CodeIgniter.php(361): CodeIgniter\CodeIgniter->handleRequest(NULL, Object(Config\Cache), false)
#7 C:\laragon\www\geofisikaDNP\profileWeb\public\index.php(79): CodeIgniter\CodeIgniter->run()
#8 {main}
CRITICAL - 2024-02-11 11:07:51 --> Unknown column 'id_shakemap' in 'field list'
in SYSTEMPATH\Database\BaseConnection.php on line 647.
 1 APPPATH\Controllers\Web.php(152): CodeIgniter\Database\BaseConnection->query('INSERT INTO gempaindodirasakan (id,infogempa,id_shakemap) VALUES (\'20240211174201\',\'Info Gempa Mag:2.8 SR, 11-Feb-24 17:42:01 WIB, Lok:8.62 LS,120.42 BT (Pusat gempa berada di darat 4 km BaratDaya Ruteng-Manggarai), Kedlmn:10 km :: Dirasakan: II Ruteng\',\'\')')
 2 SYSTEMPATH\CodeIgniter.php(939): App\Controllers\Web->simpan2()
 3 SYSTEMPATH\CodeIgniter.php(502): CodeIgniter\CodeIgniter->runController(Object(App\Controllers\Web))
 4 SYSTEMPATH\CodeIgniter.php(361): CodeIgniter\CodeIgniter->handleRequest(null, Object(Config\Cache), false)
 5 FCPATH\index.php(79): CodeIgniter\CodeIgniter->run()
ERROR - 2024-02-11 11:13:43 --> mysqli_sql_exception: Unknown column 'id_shakemap' in 'field list' in C:\laragon\www\geofisikaDNP\profileWeb\system\Database\MySQLi\Connection.php:306
Stack trace:
#0 C:\laragon\www\geofisikaDNP\profileWeb\system\Database\MySQLi\Connection.php(306): mysqli->query('INSERT INTO gem...', 0)
#1 C:\laragon\www\geofisikaDNP\profileWeb\system\Database\BaseConnection.php(693): CodeIgniter\Database\MySQLi\Connection->execute('INSERT INTO gem...')
#2 C:\laragon\www\geofisikaDNP\profileWeb\system\Database\BaseConnection.php(607): CodeIgniter\Database\BaseConnection->simpleQuery('INSERT INTO gem...')
#3 C:\laragon\www\geofisikaDNP\profileWeb\app\Controllers\Web.php(152): CodeIgniter\Database\BaseConnection->query('INSERT INTO gem...')
#4 C:\laragon\www\geofisikaDNP\profileWeb\system\CodeIgniter.php(939): App\Controllers\Web->simpan2()
#5 C:\laragon\www\geofisikaDNP\profileWeb\system\CodeIgniter.php(502): CodeIgniter\CodeIgniter->runController(Object(App\Controllers\Web))
#6 C:\laragon\www\geofisikaDNP\profileWeb\system\CodeIgniter.php(361): CodeIgniter\CodeIgniter->handleRequest(NULL, Object(Config\Cache), false)
#7 C:\laragon\www\geofisikaDNP\profileWeb\public\index.php(79): CodeIgniter\CodeIgniter->run()
#8 {main}
CRITICAL - 2024-02-11 11:13:43 --> Unknown column 'id_shakemap' in 'field list'
in SYSTEMPATH\Database\BaseConnection.php on line 647.
 1 APPPATH\Controllers\Web.php(152): CodeIgniter\Database\BaseConnection->query('INSERT INTO gempapgr3 (id,infogempa,id_shakemap) VALUES (\'20240211180528\',\'Info Gempa Mag:2.4 SR, 11-Feb-24 18:05:28 WIB, Lok:9.34 LS,116.42 BT (72 km Tenggara LOMBOKTENGAH-NTB), Kedlmn:58 Km ::BMKG-PGR III\',\'\')')
 2 SYSTEMPATH\CodeIgniter.php(939): App\Controllers\Web->simpan2()
 3 SYSTEMPATH\CodeIgniter.php(502): CodeIgniter\CodeIgniter->runController(Object(App\Controllers\Web))
 4 SYSTEMPATH\CodeIgniter.php(361): CodeIgniter\CodeIgniter->handleRequest(null, Object(Config\Cache), false)
 5 FCPATH\index.php(79): CodeIgniter\CodeIgniter->run()
ERROR - 2024-02-11 11:19:43 --> mysqli_sql_exception: Unknown column 'id_shakemap' in 'field list' in C:\laragon\www\geofisikaDNP\profileWeb\system\Database\MySQLi\Connection.php:306
Stack trace:
#0 C:\laragon\www\geofisikaDNP\profileWeb\system\Database\MySQLi\Connection.php(306): mysqli->query('INSERT INTO gem...', 0)
#1 C:\laragon\www\geofisikaDNP\profileWeb\system\Database\BaseConnection.php(693): CodeIgniter\Database\MySQLi\Connection->execute('INSERT INTO gem...')
#2 C:\laragon\www\geofisikaDNP\profileWeb\system\Database\BaseConnection.php(607): CodeIgniter\Database\BaseConnection->simpleQuery('INSERT INTO gem...')
#3 C:\laragon\www\geofisikaDNP\profileWeb\app\Controllers\Web.php(152): CodeIgniter\Database\BaseConnection->query('INSERT INTO gem...')
#4 C:\laragon\www\geofisikaDNP\profileWeb\system\CodeIgniter.php(939): App\Controllers\Web->simpan2()
#5 C:\laragon\www\geofisikaDNP\profileWeb\system\CodeIgniter.php(502): CodeIgniter\CodeIgniter->runController(Object(App\Controllers\Web))
#6 C:\laragon\www\geofisikaDNP\profileWeb\system\CodeIgniter.php(361): CodeIgniter\CodeIgniter->handleRequest(NULL, Object(Config\Cache), false)
#7 C:\laragon\www\geofisikaDNP\profileWeb\public\index.php(79): CodeIgniter\CodeIgniter->run()
#8 {main}
CRITICAL - 2024-02-11 11:19:43 --> Unknown column 'id_shakemap' in 'field list'
in SYSTEMPATH\Database\BaseConnection.php on line 647.
 1 APPPATH\Controllers\Web.php(152): CodeIgniter\Database\BaseConnection->query('INSERT INTO gempapgr3 (id,infogempa,id_shakemap) VALUES (\'20240211181411\',\'Info Gempa Mag:1.6 SR, 11-Feb-24 18:14:11 WIB, Lok:8.60 LS,120.46 BT (1 km BaratLaut RUTENG-MANGGARAI-NTT), Kedlmn:13 Km ::BMKG-PGR III\',\'\')')
 2 SYSTEMPATH\CodeIgniter.php(939): App\Controllers\Web->simpan2()
 3 SYSTEMPATH\CodeIgniter.php(502): CodeIgniter\CodeIgniter->runController(Object(App\Controllers\Web))
 4 SYSTEMPATH\CodeIgniter.php(361): CodeIgniter\CodeIgniter->handleRequest(null, Object(Config\Cache), false)
 5 FCPATH\index.php(79): CodeIgniter\CodeIgniter->run()
ERROR - 2024-02-11 11:26:43 --> mysqli_sql_exception: Unknown column 'id_shakemap' in 'field list' in C:\laragon\www\geofisikaDNP\profileWeb\system\Database\MySQLi\Connection.php:306
Stack trace:
#0 C:\laragon\www\geofisikaDNP\profileWeb\system\Database\MySQLi\Connection.php(306): mysqli->query('INSERT INTO gem...', 0)
#1 C:\laragon\www\geofisikaDNP\profileWeb\system\Database\BaseConnection.php(693): CodeIgniter\Database\MySQLi\Connection->execute('INSERT INTO gem...')
#2 C:\laragon\www\geofisikaDNP\profileWeb\system\Database\BaseConnection.php(607): CodeIgniter\Database\BaseConnection->simpleQuery('INSERT INTO gem...')
#3 C:\laragon\www\geofisikaDNP\profileWeb\app\Controllers\Web.php(152): CodeIgniter\Database\BaseConnection->query('INSERT INTO gem...')
#4 C:\laragon\www\geofisikaDNP\profileWeb\system\CodeIgniter.php(939): App\Controllers\Web->simpan2()
#5 C:\laragon\www\geofisikaDNP\profileWeb\system\CodeIgniter.php(502): CodeIgniter\CodeIgniter->runController(Object(App\Controllers\Web))
#6 C:\laragon\www\geofisikaDNP\profileWeb\system\CodeIgniter.php(361): CodeIgniter\CodeIgniter->handleRequest(NULL, Object(Config\Cache), false)
#7 C:\laragon\www\geofisikaDNP\profileWeb\public\index.php(79): CodeIgniter\CodeIgniter->run()
#8 {main}
CRITICAL - 2024-02-11 11:26:43 --> Unknown column 'id_shakemap' in 'field list'
in SYSTEMPATH\Database\BaseConnection.php on line 647.
 1 APPPATH\Controllers\Web.php(152): CodeIgniter\Database\BaseConnection->query('INSERT INTO gempapgr3 (id,infogempa,id_shakemap) VALUES (\'20240211182021\',\'Info Gempa Mag:3.7 SR, 11-Feb-24 18:20:21 WIB, Lok:7.39 LS,121.74 BT (146 km BaratLaut MAUMERE-SIKKA-NTT), Kedlmn:24 Km ::BMKG-KHK\',\'\')')
 2 SYSTEMPATH\CodeIgniter.php(939): App\Controllers\Web->simpan2()
 3 SYSTEMPATH\CodeIgniter.php(502): CodeIgniter\CodeIgniter->runController(Object(App\Controllers\Web))
 4 SYSTEMPATH\CodeIgniter.php(361): CodeIgniter\CodeIgniter->handleRequest(null, Object(Config\Cache), false)
 5 FCPATH\index.php(79): CodeIgniter\CodeIgniter->run()
ERROR - 2024-02-11 13:09:43 --> mysqli_sql_exception: Unknown column 'id_shakemap' in 'field list' in C:\laragon\www\geofisikaDNP\profileWeb\system\Database\MySQLi\Connection.php:306
Stack trace:
#0 C:\laragon\www\geofisikaDNP\profileWeb\system\Database\MySQLi\Connection.php(306): mysqli->query('INSERT INTO gem...', 0)
#1 C:\laragon\www\geofisikaDNP\profileWeb\system\Database\BaseConnection.php(693): CodeIgniter\Database\MySQLi\Connection->execute('INSERT INTO gem...')
#2 C:\laragon\www\geofisikaDNP\profileWeb\system\Database\BaseConnection.php(607): CodeIgniter\Database\BaseConnection->simpleQuery('INSERT INTO gem...')
#3 C:\laragon\www\geofisikaDNP\profileWeb\app\Controllers\Web.php(152): CodeIgniter\Database\BaseConnection->query('INSERT INTO gem...')
#4 C:\laragon\www\geofisikaDNP\profileWeb\system\CodeIgniter.php(939): App\Controllers\Web->simpan2()
#5 C:\laragon\www\geofisikaDNP\profileWeb\system\CodeIgniter.php(502): CodeIgniter\CodeIgniter->runController(Object(App\Controllers\Web))
#6 C:\laragon\www\geofisikaDNP\profileWeb\system\CodeIgniter.php(361): CodeIgniter\CodeIgniter->handleRequest(NULL, Object(Config\Cache), false)
#7 C:\laragon\www\geofisikaDNP\profileWeb\public\index.php(79): CodeIgniter\CodeIgniter->run()
#8 {main}
CRITICAL - 2024-02-11 13:09:43 --> Unknown column 'id_shakemap' in 'field list'
in SYSTEMPATH\Database\BaseConnection.php on line 647.
 1 APPPATH\Controllers\Web.php(152): CodeIgniter\Database\BaseConnection->query('INSERT INTO gempapgr3 (id,infogempa,id_shakemap) VALUES (\'20240211200558\',\'Info Gempa Mag:2.9 SR, 11-Feb-24 20:05:58 WIB, Lok:8.60 LS,120.42 BT (5 km BaratLaut RUTENG-MANGGARAI-NTT), Kedlmn:10 Km ::BMKG-PGR III\',\'\')')
 2 SYSTEMPATH\CodeIgniter.php(939): App\Controllers\Web->simpan2()
 3 SYSTEMPATH\CodeIgniter.php(502): CodeIgniter\CodeIgniter->runController(Object(App\Controllers\Web))
 4 SYSTEMPATH\CodeIgniter.php(361): CodeIgniter\CodeIgniter->handleRequest(null, Object(Config\Cache), false)
 5 FCPATH\index.php(79): CodeIgniter\CodeIgniter->run()
ERROR - 2024-02-11 13:14:43 --> mysqli_sql_exception: Unknown column 'id_shakemap' in 'field list' in C:\laragon\www\geofisikaDNP\profileWeb\system\Database\MySQLi\Connection.php:306
Stack trace:
#0 C:\laragon\www\geofisikaDNP\profileWeb\system\Database\MySQLi\Connection.php(306): mysqli->query('INSERT INTO gem...', 0)
#1 C:\laragon\www\geofisikaDNP\profileWeb\system\Database\BaseConnection.php(693): CodeIgniter\Database\MySQLi\Connection->execute('INSERT INTO gem...')
#2 C:\laragon\www\geofisikaDNP\profileWeb\system\Database\BaseConnection.php(607): CodeIgniter\Database\BaseConnection->simpleQuery('INSERT INTO gem...')
#3 C:\laragon\www\geofisikaDNP\profileWeb\app\Controllers\Web.php(152): CodeIgniter\Database\BaseConnection->query('INSERT INTO gem...')
#4 C:\laragon\www\geofisikaDNP\profileWeb\system\CodeIgniter.php(939): App\Controllers\Web->simpan2()
#5 C:\laragon\www\geofisikaDNP\profileWeb\system\CodeIgniter.php(502): CodeIgniter\CodeIgniter->runController(Object(App\Controllers\Web))
#6 C:\laragon\www\geofisikaDNP\profileWeb\system\CodeIgniter.php(361): CodeIgniter\CodeIgniter->handleRequest(NULL, Object(Config\Cache), false)
#7 C:\laragon\www\geofisikaDNP\profileWeb\public\index.php(79): CodeIgniter\CodeIgniter->run()
#8 {main}
CRITICAL - 2024-02-11 13:14:43 --> Unknown column 'id_shakemap' in 'field list'
in SYSTEMPATH\Database\BaseConnection.php on line 647.
 1 APPPATH\Controllers\Web.php(152): CodeIgniter\Database\BaseConnection->query('INSERT INTO gempapgr3 (id,infogempa,id_shakemap) VALUES (\'20240211200610\',\'Info Gempa Mag:3.2 SR, 11-Feb-24 20:06:10 WIB, Lok:8.63 LS,120.48 BT (2 km Tenggara RUTENG-MANGGARAI-NTT), Kedlmn:10 Km ::BMKG-DNP\',\'\')')
 2 SYSTEMPATH\CodeIgniter.php(939): App\Controllers\Web->simpan2()
 3 SYSTEMPATH\CodeIgniter.php(502): CodeIgniter\CodeIgniter->runController(Object(App\Controllers\Web))
 4 SYSTEMPATH\CodeIgniter.php(361): CodeIgniter\CodeIgniter->handleRequest(null, Object(Config\Cache), false)
 5 FCPATH\index.php(79): CodeIgniter\CodeIgniter->run()
ERROR - 2024-02-11 13:25:43 --> mysqli_sql_exception: Unknown column 'id_shakemap' in 'field list' in C:\laragon\www\geofisikaDNP\profileWeb\system\Database\MySQLi\Connection.php:306
Stack trace:
#0 C:\laragon\www\geofisikaDNP\profileWeb\system\Database\MySQLi\Connection.php(306): mysqli->query('INSERT INTO gem...', 0)
#1 C:\laragon\www\geofisikaDNP\profileWeb\system\Database\BaseConnection.php(693): CodeIgniter\Database\MySQLi\Connection->execute('INSERT INTO gem...')
#2 C:\laragon\www\geofisikaDNP\profileWeb\system\Database\BaseConnection.php(607): CodeIgniter\Database\BaseConnection->simpleQuery('INSERT INTO gem...')
#3 C:\laragon\www\geofisikaDNP\profileWeb\app\Controllers\Web.php(152): CodeIgniter\Database\BaseConnection->query('INSERT INTO gem...')
#4 C:\laragon\www\geofisikaDNP\profileWeb\system\CodeIgniter.php(939): App\Controllers\Web->simpan2()
#5 C:\laragon\www\geofisikaDNP\profileWeb\system\CodeIgniter.php(502): CodeIgniter\CodeIgniter->runController(Object(App\Controllers\Web))
#6 C:\laragon\www\geofisikaDNP\profileWeb\system\CodeIgniter.php(361): CodeIgniter\CodeIgniter->handleRequest(NULL, Object(Config\Cache), false)
#7 C:\laragon\www\geofisikaDNP\profileWeb\public\index.php(79): CodeIgniter\CodeIgniter->run()
#8 {main}
CRITICAL - 2024-02-11 13:25:43 --> Unknown column 'id_shakemap' in 'field list'
in SYSTEMPATH\Database\BaseConnection.php on line 647.
 1 APPPATH\Controllers\Web.php(152): CodeIgniter\Database\BaseConnection->query('INSERT INTO gempapgr3 (id,infogempa,id_shakemap) VALUES (\'20240211201659\',\'Info Gempa Mag:2.4 SR, 11-Feb-24 20:16:59 WIB, Lok:8.64 LS,120.41 BT (6 km BaratDaya RUTENG-MANGGARAI-NTT), Kedlmn:10 Km ::BMKG-PGR III\',\'\')')
 2 SYSTEMPATH\CodeIgniter.php(939): App\Controllers\Web->simpan2()
 3 SYSTEMPATH\CodeIgniter.php(502): CodeIgniter\CodeIgniter->runController(Object(App\Controllers\Web))
 4 SYSTEMPATH\CodeIgniter.php(361): CodeIgniter\CodeIgniter->handleRequest(null, Object(Config\Cache), false)
 5 FCPATH\index.php(79): CodeIgniter\CodeIgniter->run()
ERROR - 2024-02-11 13:26:48 --> mysqli_sql_exception: Unknown column 'id_shakemap' in 'field list' in C:\laragon\www\geofisikaDNP\profileWeb\system\Database\MySQLi\Connection.php:306
Stack trace:
#0 C:\laragon\www\geofisikaDNP\profileWeb\system\Database\MySQLi\Connection.php(306): mysqli->query('INSERT INTO gem...', 0)
#1 C:\laragon\www\geofisikaDNP\profileWeb\system\Database\BaseConnection.php(693): CodeIgniter\Database\MySQLi\Connection->execute('INSERT INTO gem...')
#2 C:\laragon\www\geofisikaDNP\profileWeb\system\Database\BaseConnection.php(607): CodeIgniter\Database\BaseConnection->simpleQuery('INSERT INTO gem...')
#3 C:\laragon\www\geofisikaDNP\profileWeb\app\Controllers\Web.php(152): CodeIgniter\Database\BaseConnection->query('INSERT INTO gem...')
#4 C:\laragon\www\geofisikaDNP\profileWeb\system\CodeIgniter.php(939): App\Controllers\Web->simpan2()
#5 C:\laragon\www\geofisikaDNP\profileWeb\system\CodeIgniter.php(502): CodeIgniter\CodeIgniter->runController(Object(App\Controllers\Web))
#6 C:\laragon\www\geofisikaDNP\profileWeb\system\CodeIgniter.php(361): CodeIgniter\CodeIgniter->handleRequest(NULL, Object(Config\Cache), false)
#7 C:\laragon\www\geofisikaDNP\profileWeb\public\index.php(79): CodeIgniter\CodeIgniter->run()
#8 {main}
CRITICAL - 2024-02-11 13:26:48 --> Unknown column 'id_shakemap' in 'field list'
in SYSTEMPATH\Database\BaseConnection.php on line 647.
 1 APPPATH\Controllers\Web.php(152): CodeIgniter\Database\BaseConnection->query('INSERT INTO gempaindodirasakan (id,infogempa,id_shakemap) VALUES (\'20240210214430\',\'Info Gempa Mag:4.2 SR, 10-Feb-24 21:44:30 WIB, Lok:2.21 LS,140.06 BT (Pusat gempa berada di 44 km BaratLaut GENYEM-JAYAPURA), Kedlmn:6 km :: Dirasakan: II Kab. Jayapura\',\'\')')
 2 SYSTEMPATH\CodeIgniter.php(939): App\Controllers\Web->simpan2()
 3 SYSTEMPATH\CodeIgniter.php(502): CodeIgniter\CodeIgniter->runController(Object(App\Controllers\Web))
 4 SYSTEMPATH\CodeIgniter.php(361): CodeIgniter\CodeIgniter->handleRequest(null, Object(Config\Cache), false)
 5 FCPATH\index.php(79): CodeIgniter\CodeIgniter->run()
ERROR - 2024-02-11 13:26:48 --> mysqli_sql_exception: Unknown column 'id_shakemap' in 'field list' in C:\laragon\www\geofisikaDNP\profileWeb\system\Database\MySQLi\Connection.php:306
Stack trace:
#0 C:\laragon\www\geofisikaDNP\profileWeb\system\Database\MySQLi\Connection.php(306): mysqli->query('INSERT INTO gem...', 0)
#1 C:\laragon\www\geofisikaDNP\profileWeb\system\Database\BaseConnection.php(693): CodeIgniter\Database\MySQLi\Connection->execute('INSERT INTO gem...')
#2 C:\laragon\www\geofisikaDNP\profileWeb\system\Database\BaseConnection.php(607): CodeIgniter\Database\BaseConnection->simpleQuery('INSERT INTO gem...')
#3 C:\laragon\www\geofisikaDNP\profileWeb\app\Controllers\Web.php(152): CodeIgniter\Database\BaseConnection->query('INSERT INTO gem...')
#4 C:\laragon\www\geofisikaDNP\profileWeb\system\CodeIgniter.php(939): App\Controllers\Web->simpan2()
#5 C:\laragon\www\geofisikaDNP\profileWeb\system\CodeIgniter.php(502): CodeIgniter\CodeIgniter->runController(Object(App\Controllers\Web))
#6 C:\laragon\www\geofisikaDNP\profileWeb\system\CodeIgniter.php(361): CodeIgniter\CodeIgniter->handleRequest(NULL, Object(Config\Cache), false)
#7 C:\laragon\www\geofisikaDNP\profileWeb\public\index.php(79): CodeIgniter\CodeIgniter->run()
#8 {main}
CRITICAL - 2024-02-11 13:26:48 --> Unknown column 'id_shakemap' in 'field list'
in SYSTEMPATH\Database\BaseConnection.php on line 647.
 1 APPPATH\Controllers\Web.php(152): CodeIgniter\Database\BaseConnection->query('INSERT INTO gempaindodirasakan (id,infogempa,id_shakemap) VALUES (\'20240211174201\',\'Info Gempa Mag:2.8 SR, 11-Feb-24 17:42:01 WIB, Lok:8.62 LS,120.42 BT (Pusat gempa berada di darat 4 km BaratDaya Ruteng-Manggarai), Kedlmn:10 km :: Dirasakan: II Ruteng\',\'\')')
 2 SYSTEMPATH\CodeIgniter.php(939): App\Controllers\Web->simpan2()
 3 SYSTEMPATH\CodeIgniter.php(502): CodeIgniter\CodeIgniter->runController(Object(App\Controllers\Web))
 4 SYSTEMPATH\CodeIgniter.php(361): CodeIgniter\CodeIgniter->handleRequest(null, Object(Config\Cache), false)
 5 FCPATH\index.php(79): CodeIgniter\CodeIgniter->run()
ERROR - 2024-02-11 13:26:48 --> mysqli_sql_exception: Unknown column 'id_shakemap' in 'field list' in C:\laragon\www\geofisikaDNP\profileWeb\system\Database\MySQLi\Connection.php:306
Stack trace:
#0 C:\laragon\www\geofisikaDNP\profileWeb\system\Database\MySQLi\Connection.php(306): mysqli->query('INSERT INTO gem...', 0)
#1 C:\laragon\www\geofisikaDNP\profileWeb\system\Database\BaseConnection.php(693): CodeIgniter\Database\MySQLi\Connection->execute('INSERT INTO gem...')
#2 C:\laragon\www\geofisikaDNP\profileWeb\system\Database\BaseConnection.php(607): CodeIgniter\Database\BaseConnection->simpleQuery('INSERT INTO gem...')
#3 C:\laragon\www\geofisikaDNP\profileWeb\app\Controllers\Web.php(152): CodeIgniter\Database\BaseConnection->query('INSERT INTO gem...')
#4 C:\laragon\www\geofisikaDNP\profileWeb\system\CodeIgniter.php(939): App\Controllers\Web->simpan2()
#5 C:\laragon\www\geofisikaDNP\profileWeb\system\CodeIgniter.php(502): CodeIgniter\CodeIgniter->runController(Object(App\Controllers\Web))
#6 C:\laragon\www\geofisikaDNP\profileWeb\system\CodeIgniter.php(361): CodeIgniter\CodeIgniter->handleRequest(NULL, Object(Config\Cache), false)
#7 C:\laragon\www\geofisikaDNP\profileWeb\public\index.php(79): CodeIgniter\CodeIgniter->run()
#8 {main}
CRITICAL - 2024-02-11 13:26:48 --> Unknown column 'id_shakemap' in 'field list'
in SYSTEMPATH\Database\BaseConnection.php on line 647.
 1 APPPATH\Controllers\Web.php(152): CodeIgniter\Database\BaseConnection->query('INSERT INTO gempaindodirasakan (id,infogempa,id_shakemap) VALUES (\'20240211200610\',\'Info Gempa Mag:3.2 SR, 11-Feb-24 20:06:10 WIB, Lok:8.63 LS,120.48 BT (Pusat gempa berada didarat 2 Km Tenggara Ruteng), Kedlmn:10 km :: Dirasakan: II Ruteng\',\'\')')
 2 SYSTEMPATH\CodeIgniter.php(939): App\Controllers\Web->simpan2()
 3 SYSTEMPATH\CodeIgniter.php(502): CodeIgniter\CodeIgniter->runController(Object(App\Controllers\Web))
 4 SYSTEMPATH\CodeIgniter.php(361): CodeIgniter\CodeIgniter->handleRequest(null, Object(Config\Cache), false)
 5 FCPATH\index.php(79): CodeIgniter\CodeIgniter->run()
ERROR - 2024-02-11 16:06:46 --> mysqli_sql_exception: Unknown column 'id_shakemap' in 'field list' in C:\laragon\www\geofisikaDNP\profileWeb\system\Database\MySQLi\Connection.php:306
Stack trace:
#0 C:\laragon\www\geofisikaDNP\profileWeb\system\Database\MySQLi\Connection.php(306): mysqli->query('INSERT INTO gem...', 0)
#1 C:\laragon\www\geofisikaDNP\profileWeb\system\Database\BaseConnection.php(693): CodeIgniter\Database\MySQLi\Connection->execute('INSERT INTO gem...')
#2 C:\laragon\www\geofisikaDNP\profileWeb\system\Database\BaseConnection.php(607): CodeIgniter\Database\BaseConnection->simpleQuery('INSERT INTO gem...')
#3 C:\laragon\www\geofisikaDNP\profileWeb\app\Controllers\Web.php(152): CodeIgniter\Database\BaseConnection->query('INSERT INTO gem...')
#4 C:\laragon\www\geofisikaDNP\profileWeb\system\CodeIgniter.php(939): App\Controllers\Web->simpan2()
#5 C:\laragon\www\geofisikaDNP\profileWeb\system\CodeIgniter.php(502): CodeIgniter\CodeIgniter->runController(Object(App\Controllers\Web))
#6 C:\laragon\www\geofisikaDNP\profileWeb\system\CodeIgniter.php(361): CodeIgniter\CodeIgniter->handleRequest(NULL, Object(Config\Cache), false)
#7 C:\laragon\www\geofisikaDNP\profileWeb\public\index.php(79): CodeIgniter\CodeIgniter->run()
#8 {main}
CRITICAL - 2024-02-11 16:06:46 --> Unknown column 'id_shakemap' in 'field list'
in SYSTEMPATH\Database\BaseConnection.php on line 647.
 1 APPPATH\Controllers\Web.php(152): CodeIgniter\Database\BaseConnection->query('INSERT INTO gempapgr3 (id,infogempa,id_shakemap) VALUES (\'20240211225750\',\'Info Gempa Mag:2.5 SR, 11-Feb-24 22:57:50 WIB, Lok:9.57 LS,118.05 BT (103 km BaratLaut KODI-SUMBABARATDAYA-NTT), Kedlmn:26 Km ::BMKG-WSI\',\'\')')
 2 SYSTEMPATH\CodeIgniter.php(939): App\Controllers\Web->simpan2()
 3 SYSTEMPATH\CodeIgniter.php(502): CodeIgniter\CodeIgniter->runController(Object(App\Controllers\Web))
 4 SYSTEMPATH\CodeIgniter.php(361): CodeIgniter\CodeIgniter->handleRequest(null, Object(Config\Cache), false)
 5 FCPATH\index.php(79): CodeIgniter\CodeIgniter->run()
ERROR - 2024-02-11 16:34:42 --> mysqli_sql_exception: Unknown column 'id_shakemap' in 'field list' in C:\laragon\www\geofisikaDNP\profileWeb\system\Database\MySQLi\Connection.php:306
Stack trace:
#0 C:\laragon\www\geofisikaDNP\profileWeb\system\Database\MySQLi\Connection.php(306): mysqli->query('INSERT INTO gem...', 0)
#1 C:\laragon\www\geofisikaDNP\profileWeb\system\Database\BaseConnection.php(693): CodeIgniter\Database\MySQLi\Connection->execute('INSERT INTO gem...')
#2 C:\laragon\www\geofisikaDNP\profileWeb\system\Database\BaseConnection.php(607): CodeIgniter\Database\BaseConnection->simpleQuery('INSERT INTO gem...')
#3 C:\laragon\www\geofisikaDNP\profileWeb\app\Controllers\Web.php(152): CodeIgniter\Database\BaseConnection->query('INSERT INTO gem...')
#4 C:\laragon\www\geofisikaDNP\profileWeb\system\CodeIgniter.php(939): App\Controllers\Web->simpan2()
#5 C:\laragon\www\geofisikaDNP\profileWeb\system\CodeIgniter.php(502): CodeIgniter\CodeIgniter->runController(Object(App\Controllers\Web))
#6 C:\laragon\www\geofisikaDNP\profileWeb\system\CodeIgniter.php(361): CodeIgniter\CodeIgniter->handleRequest(NULL, Object(Config\Cache), false)
#7 C:\laragon\www\geofisikaDNP\profileWeb\public\index.php(79): CodeIgniter\CodeIgniter->run()
#8 {main}
CRITICAL - 2024-02-11 16:34:42 --> Unknown column 'id_shakemap' in 'field list'
in SYSTEMPATH\Database\BaseConnection.php on line 647.
 1 APPPATH\Controllers\Web.php(152): CodeIgniter\Database\BaseConnection->query('INSERT INTO gempapgr3 (id,infogempa,id_shakemap) VALUES (\'20240211232758\',\'Info Gempa Mag:3.8 SR, 11-Feb-24 23:27:58 WIB, Lok:7.76 LS,118.39 BT (85 km BaratLaut BIMA-NTB), Kedlmn:36 Km ::BMKG-PGR III\',\'\')')
 2 SYSTEMPATH\CodeIgniter.php(939): App\Controllers\Web->simpan2()
 3 SYSTEMPATH\CodeIgniter.php(502): CodeIgniter\CodeIgniter->runController(Object(App\Controllers\Web))
 4 SYSTEMPATH\CodeIgniter.php(361): CodeIgniter\CodeIgniter->handleRequest(null, Object(Config\Cache), false)
 5 FCPATH\index.php(79): CodeIgniter\CodeIgniter->run()
ERROR - 2024-02-11 17:30:43 --> mysqli_sql_exception: Unknown column 'id_shakemap' in 'field list' in C:\laragon\www\geofisikaDNP\profileWeb\system\Database\MySQLi\Connection.php:306
Stack trace:
#0 C:\laragon\www\geofisikaDNP\profileWeb\system\Database\MySQLi\Connection.php(306): mysqli->query('INSERT INTO gem...', 0)
#1 C:\laragon\www\geofisikaDNP\profileWeb\system\Database\BaseConnection.php(693): CodeIgniter\Database\MySQLi\Connection->execute('INSERT INTO gem...')
#2 C:\laragon\www\geofisikaDNP\profileWeb\system\Database\BaseConnection.php(607): CodeIgniter\Database\BaseConnection->simpleQuery('INSERT INTO gem...')
#3 C:\laragon\www\geofisikaDNP\profileWeb\app\Controllers\Web.php(152): CodeIgniter\Database\BaseConnection->query('INSERT INTO gem...')
#4 C:\laragon\www\geofisikaDNP\profileWeb\system\CodeIgniter.php(939): App\Controllers\Web->simpan2()
#5 C:\laragon\www\geofisikaDNP\profileWeb\system\CodeIgniter.php(502): CodeIgniter\CodeIgniter->runController(Object(App\Controllers\Web))
#6 C:\laragon\www\geofisikaDNP\profileWeb\system\CodeIgniter.php(361): CodeIgniter\CodeIgniter->handleRequest(NULL, Object(Config\Cache), false)
#7 C:\laragon\www\geofisikaDNP\profileWeb\public\index.php(79): CodeIgniter\CodeIgniter->run()
#8 {main}
CRITICAL - 2024-02-11 17:30:43 --> Unknown column 'id_shakemap' in 'field list'
in SYSTEMPATH\Database\BaseConnection.php on line 647.
 1 APPPATH\Controllers\Web.php(152): CodeIgniter\Database\BaseConnection->query('INSERT INTO gempapgr3 (id,infogempa,id_shakemap) VALUES (\'20240212002321\',\'Info Gempa Mag:2.3 SR, 12-Feb-24 00:23:21 WIB, Lok:7.91 LS,118.68 BT (59 km BaratLaut BIMA-NTB), Kedlmn:28 Km ::BMKG-PGR III\',\'\')')
 2 SYSTEMPATH\CodeIgniter.php(939): App\Controllers\Web->simpan2()
 3 SYSTEMPATH\CodeIgniter.php(502): CodeIgniter\CodeIgniter->runController(Object(App\Controllers\Web))
 4 SYSTEMPATH\CodeIgniter.php(361): CodeIgniter\CodeIgniter->handleRequest(null, Object(Config\Cache), false)
 5 FCPATH\index.php(79): CodeIgniter\CodeIgniter->run()
ERROR - 2024-02-11 17:42:43 --> mysqli_sql_exception: Unknown column 'id_shakemap' in 'field list' in C:\laragon\www\geofisikaDNP\profileWeb\system\Database\MySQLi\Connection.php:306
Stack trace:
#0 C:\laragon\www\geofisikaDNP\profileWeb\system\Database\MySQLi\Connection.php(306): mysqli->query('INSERT INTO gem...', 0)
#1 C:\laragon\www\geofisikaDNP\profileWeb\system\Database\BaseConnection.php(693): CodeIgniter\Database\MySQLi\Connection->execute('INSERT INTO gem...')
#2 C:\laragon\www\geofisikaDNP\profileWeb\system\Database\BaseConnection.php(607): CodeIgniter\Database\BaseConnection->simpleQuery('INSERT INTO gem...')
#3 C:\laragon\www\geofisikaDNP\profileWeb\app\Controllers\Web.php(152): CodeIgniter\Database\BaseConnection->query('INSERT INTO gem...')
#4 C:\laragon\www\geofisikaDNP\profileWeb\system\CodeIgniter.php(939): App\Controllers\Web->simpan2()
#5 C:\laragon\www\geofisikaDNP\profileWeb\system\CodeIgniter.php(502): CodeIgniter\CodeIgniter->runController(Object(App\Controllers\Web))
#6 C:\laragon\www\geofisikaDNP\profileWeb\system\CodeIgniter.php(361): CodeIgniter\CodeIgniter->handleRequest(NULL, Object(Config\Cache), false)
#7 C:\laragon\www\geofisikaDNP\profileWeb\public\index.php(79): CodeIgniter\CodeIgniter->run()
#8 {main}
CRITICAL - 2024-02-11 17:42:43 --> Unknown column 'id_shakemap' in 'field list'
in SYSTEMPATH\Database\BaseConnection.php on line 647.
 1 APPPATH\Controllers\Web.php(152): CodeIgniter\Database\BaseConnection->query('INSERT INTO gempapgr3 (id,infogempa,id_shakemap) VALUES (\'20240212003346\',\'Info Gempa Mag:2.1 SR, 12-Feb-24 00:33:46 WIB, Lok:8.55 LS,120.50 BT (7 km TimurLaut RUTENG-MANGGARAI-NTT), Kedlmn:12 Km ::BMKG-WSI\',\'\')')
 2 SYSTEMPATH\CodeIgniter.php(939): App\Controllers\Web->simpan2()
 3 SYSTEMPATH\CodeIgniter.php(502): CodeIgniter\CodeIgniter->runController(Object(App\Controllers\Web))
 4 SYSTEMPATH\CodeIgniter.php(361): CodeIgniter\CodeIgniter->handleRequest(null, Object(Config\Cache), false)
 5 FCPATH\index.php(79): CodeIgniter\CodeIgniter->run()
ERROR - 2024-02-11 17:48:43 --> mysqli_sql_exception: Unknown column 'id_shakemap' in 'field list' in C:\laragon\www\geofisikaDNP\profileWeb\system\Database\MySQLi\Connection.php:306
Stack trace:
#0 C:\laragon\www\geofisikaDNP\profileWeb\system\Database\MySQLi\Connection.php(306): mysqli->query('INSERT INTO gem...', 0)
#1 C:\laragon\www\geofisikaDNP\profileWeb\system\Database\BaseConnection.php(693): CodeIgniter\Database\MySQLi\Connection->execute('INSERT INTO gem...')
#2 C:\laragon\www\geofisikaDNP\profileWeb\system\Database\BaseConnection.php(607): CodeIgniter\Database\BaseConnection->simpleQuery('INSERT INTO gem...')
#3 C:\laragon\www\geofisikaDNP\profileWeb\app\Controllers\Web.php(152): CodeIgniter\Database\BaseConnection->query('INSERT INTO gem...')
#4 C:\laragon\www\geofisikaDNP\profileWeb\system\CodeIgniter.php(939): App\Controllers\Web->simpan2()
#5 C:\laragon\www\geofisikaDNP\profileWeb\system\CodeIgniter.php(502): CodeIgniter\CodeIgniter->runController(Object(App\Controllers\Web))
#6 C:\laragon\www\geofisikaDNP\profileWeb\system\CodeIgniter.php(361): CodeIgniter\CodeIgniter->handleRequest(NULL, Object(Config\Cache), false)
#7 C:\laragon\www\geofisikaDNP\profileWeb\public\index.php(79): CodeIgniter\CodeIgniter->run()
#8 {main}
CRITICAL - 2024-02-11 17:48:43 --> Unknown column 'id_shakemap' in 'field list'
in SYSTEMPATH\Database\BaseConnection.php on line 647.
 1 APPPATH\Controllers\Web.php(152): CodeIgniter\Database\BaseConnection->query('INSERT INTO gempapgr3 (id,infogempa,id_shakemap) VALUES (\'20240212003356\',\'Info Gempa Mag:1.9 SR, 12-Feb-24 00:33:56 WIB, Lok:8.42 LS,121.16 BT (32 km BaratLaut MBAY-NAGEKEO-NTT), Kedlmn:17 Km ::BMKG-KHK\',\'\')')
 2 SYSTEMPATH\CodeIgniter.php(939): App\Controllers\Web->simpan2()
 3 SYSTEMPATH\CodeIgniter.php(502): CodeIgniter\CodeIgniter->runController(Object(App\Controllers\Web))
 4 SYSTEMPATH\CodeIgniter.php(361): CodeIgniter\CodeIgniter->handleRequest(null, Object(Config\Cache), false)
 5 FCPATH\index.php(79): CodeIgniter\CodeIgniter->run()
ERROR - 2024-02-11 17:53:44 --> mysqli_sql_exception: Unknown column 'id_shakemap' in 'field list' in C:\laragon\www\geofisikaDNP\profileWeb\system\Database\MySQLi\Connection.php:306
Stack trace:
#0 C:\laragon\www\geofisikaDNP\profileWeb\system\Database\MySQLi\Connection.php(306): mysqli->query('INSERT INTO gem...', 0)
#1 C:\laragon\www\geofisikaDNP\profileWeb\system\Database\BaseConnection.php(693): CodeIgniter\Database\MySQLi\Connection->execute('INSERT INTO gem...')
#2 C:\laragon\www\geofisikaDNP\profileWeb\system\Database\BaseConnection.php(607): CodeIgniter\Database\BaseConnection->simpleQuery('INSERT INTO gem...')
#3 C:\laragon\www\geofisikaDNP\profileWeb\app\Controllers\Web.php(152): CodeIgniter\Database\BaseConnection->query('INSERT INTO gem...')
#4 C:\laragon\www\geofisikaDNP\profileWeb\system\CodeIgniter.php(939): App\Controllers\Web->simpan2()
#5 C:\laragon\www\geofisikaDNP\profileWeb\system\CodeIgniter.php(502): CodeIgniter\CodeIgniter->runController(Object(App\Controllers\Web))
#6 C:\laragon\www\geofisikaDNP\profileWeb\system\CodeIgniter.php(361): CodeIgniter\CodeIgniter->handleRequest(NULL, Object(Config\Cache), false)
#7 C:\laragon\www\geofisikaDNP\profileWeb\public\index.php(79): CodeIgniter\CodeIgniter->run()
#8 {main}
CRITICAL - 2024-02-11 17:53:44 --> Unknown column 'id_shakemap' in 'field list'
in SYSTEMPATH\Database\BaseConnection.php on line 647.
 1 APPPATH\Controllers\Web.php(152): CodeIgniter\Database\BaseConnection->query('INSERT INTO gempapgr3 (id,infogempa,id_shakemap) VALUES (\'20240212003738\',\'Info Gempa Mag:2.0 SR, 12-Feb-24 00:37:38 WIB, Lok:9.43 LS,116.64 BT (78 km BaratDaya SUMBAWABARAT-NTB), Kedlmn:54 Km ::BMKG-DNP\',\'\')')
 2 SYSTEMPATH\CodeIgniter.php(939): App\Controllers\Web->simpan2()
 3 SYSTEMPATH\CodeIgniter.php(502): CodeIgniter\CodeIgniter->runController(Object(App\Controllers\Web))
 4 SYSTEMPATH\CodeIgniter.php(361): CodeIgniter\CodeIgniter->handleRequest(null, Object(Config\Cache), false)
 5 FCPATH\index.php(79): CodeIgniter\CodeIgniter->run()
ERROR - 2024-02-11 18:46:42 --> mysqli_sql_exception: Unknown column 'id_shakemap' in 'field list' in C:\laragon\www\geofisikaDNP\profileWeb\system\Database\MySQLi\Connection.php:306
Stack trace:
#0 C:\laragon\www\geofisikaDNP\profileWeb\system\Database\MySQLi\Connection.php(306): mysqli->query('INSERT INTO gem...', 0)
#1 C:\laragon\www\geofisikaDNP\profileWeb\system\Database\BaseConnection.php(693): CodeIgniter\Database\MySQLi\Connection->execute('INSERT INTO gem...')
#2 C:\laragon\www\geofisikaDNP\profileWeb\system\Database\BaseConnection.php(607): CodeIgniter\Database\BaseConnection->simpleQuery('INSERT INTO gem...')
#3 C:\laragon\www\geofisikaDNP\profileWeb\app\Controllers\Web.php(152): CodeIgniter\Database\BaseConnection->query('INSERT INTO gem...')
#4 C:\laragon\www\geofisikaDNP\profileWeb\system\CodeIgniter.php(939): App\Controllers\Web->simpan2()
#5 C:\laragon\www\geofisikaDNP\profileWeb\system\CodeIgniter.php(502): CodeIgniter\CodeIgniter->runController(Object(App\Controllers\Web))
#6 C:\laragon\www\geofisikaDNP\profileWeb\system\CodeIgniter.php(361): CodeIgniter\CodeIgniter->handleRequest(NULL, Object(Config\Cache), false)
#7 C:\laragon\www\geofisikaDNP\profileWeb\public\index.php(79): CodeIgniter\CodeIgniter->run()
#8 {main}
CRITICAL - 2024-02-11 18:46:42 --> Unknown column 'id_shakemap' in 'field list'
in SYSTEMPATH\Database\BaseConnection.php on line 647.
 1 APPPATH\Controllers\Web.php(152): CodeIgniter\Database\BaseConnection->query('INSERT INTO gempapgr3 (id,infogempa,id_shakemap) VALUES (\'20240212013943\',\'Info Gempa Mag:2.4 SR, 12-Feb-24 01:39:43 WIB, Lok:8.41 LS,121.54 BT (39 km TimurLaut MBAY-NAGEKEO-NTT), Kedlmn:10 Km ::BMKG-PGR III\',\'\')')
 2 SYSTEMPATH\CodeIgniter.php(939): App\Controllers\Web->simpan2()
 3 SYSTEMPATH\CodeIgniter.php(502): CodeIgniter\CodeIgniter->runController(Object(App\Controllers\Web))
 4 SYSTEMPATH\CodeIgniter.php(361): CodeIgniter\CodeIgniter->handleRequest(null, Object(Config\Cache), false)
 5 FCPATH\index.php(79): CodeIgniter\CodeIgniter->run()
ERROR - 2024-02-11 21:31:47 --> mysqli_sql_exception: Unknown column 'id_shakemap' in 'field list' in C:\laragon\www\geofisikaDNP\profileWeb\system\Database\MySQLi\Connection.php:306
Stack trace:
#0 C:\laragon\www\geofisikaDNP\profileWeb\system\Database\MySQLi\Connection.php(306): mysqli->query('INSERT INTO gem...', 0)
#1 C:\laragon\www\geofisikaDNP\profileWeb\system\Database\BaseConnection.php(693): CodeIgniter\Database\MySQLi\Connection->execute('INSERT INTO gem...')
#2 C:\laragon\www\geofisikaDNP\profileWeb\system\Database\BaseConnection.php(607): CodeIgniter\Database\BaseConnection->simpleQuery('INSERT INTO gem...')
#3 C:\laragon\www\geofisikaDNP\profileWeb\app\Controllers\Web.php(152): CodeIgniter\Database\BaseConnection->query('INSERT INTO gem...')
#4 C:\laragon\www\geofisikaDNP\profileWeb\system\CodeIgniter.php(939): App\Controllers\Web->simpan2()
#5 C:\laragon\www\geofisikaDNP\profileWeb\system\CodeIgniter.php(502): CodeIgniter\CodeIgniter->runController(Object(App\Controllers\Web))
#6 C:\laragon\www\geofisikaDNP\profileWeb\system\CodeIgniter.php(361): CodeIgniter\CodeIgniter->handleRequest(NULL, Object(Config\Cache), false)
#7 C:\laragon\www\geofisikaDNP\profileWeb\public\index.php(79): CodeIgniter\CodeIgniter->run()
#8 {main}
CRITICAL - 2024-02-11 21:31:47 --> Unknown column 'id_shakemap' in 'field list'
in SYSTEMPATH\Database\BaseConnection.php on line 647.
 1 APPPATH\Controllers\Web.php(152): CodeIgniter\Database\BaseConnection->query('INSERT INTO gempaindodirasakan (id,infogempa,id_shakemap) VALUES (\'20240210214430\',\'Info Gempa Mag:4.2 SR, 10-Feb-24 21:44:30 WIB, Lok:2.21 LS,140.06 BT (Pusat gempa berada di 44 km BaratLaut GENYEM-JAYAPURA), Kedlmn:6 km :: Dirasakan: II Kab. Jayapura\',\'\')')
 2 SYSTEMPATH\CodeIgniter.php(939): App\Controllers\Web->simpan2()
 3 SYSTEMPATH\CodeIgniter.php(502): CodeIgniter\CodeIgniter->runController(Object(App\Controllers\Web))
 4 SYSTEMPATH\CodeIgniter.php(361): CodeIgniter\CodeIgniter->handleRequest(null, Object(Config\Cache), false)
 5 FCPATH\index.php(79): CodeIgniter\CodeIgniter->run()
ERROR - 2024-02-11 21:31:47 --> mysqli_sql_exception: Unknown column 'id_shakemap' in 'field list' in C:\laragon\www\geofisikaDNP\profileWeb\system\Database\MySQLi\Connection.php:306
Stack trace:
#0 C:\laragon\www\geofisikaDNP\profileWeb\system\Database\MySQLi\Connection.php(306): mysqli->query('INSERT INTO gem...', 0)
#1 C:\laragon\www\geofisikaDNP\profileWeb\system\Database\BaseConnection.php(693): CodeIgniter\Database\MySQLi\Connection->execute('INSERT INTO gem...')
#2 C:\laragon\www\geofisikaDNP\profileWeb\system\Database\BaseConnection.php(607): CodeIgniter\Database\BaseConnection->simpleQuery('INSERT INTO gem...')
#3 C:\laragon\www\geofisikaDNP\profileWeb\app\Controllers\Web.php(152): CodeIgniter\Database\BaseConnection->query('INSERT INTO gem...')
#4 C:\laragon\www\geofisikaDNP\profileWeb\system\CodeIgniter.php(939): App\Controllers\Web->simpan2()
#5 C:\laragon\www\geofisikaDNP\profileWeb\system\CodeIgniter.php(502): CodeIgniter\CodeIgniter->runController(Object(App\Controllers\Web))
#6 C:\laragon\www\geofisikaDNP\profileWeb\system\CodeIgniter.php(361): CodeIgniter\CodeIgniter->handleRequest(NULL, Object(Config\Cache), false)
#7 C:\laragon\www\geofisikaDNP\profileWeb\public\index.php(79): CodeIgniter\CodeIgniter->run()
#8 {main}
CRITICAL - 2024-02-11 21:31:47 --> Unknown column 'id_shakemap' in 'field list'
in SYSTEMPATH\Database\BaseConnection.php on line 647.
 1 APPPATH\Controllers\Web.php(152): CodeIgniter\Database\BaseConnection->query('INSERT INTO gempaindodirasakan (id,infogempa,id_shakemap) VALUES (\'20240211174201\',\'Info Gempa Mag:2.8 SR, 11-Feb-24 17:42:01 WIB, Lok:8.62 LS,120.42 BT (Pusat gempa berada di darat 4 km BaratDaya Ruteng-Manggarai), Kedlmn:10 km :: Dirasakan: II Ruteng\',\'\')')
 2 SYSTEMPATH\CodeIgniter.php(939): App\Controllers\Web->simpan2()
 3 SYSTEMPATH\CodeIgniter.php(502): CodeIgniter\CodeIgniter->runController(Object(App\Controllers\Web))
 4 SYSTEMPATH\CodeIgniter.php(361): CodeIgniter\CodeIgniter->handleRequest(null, Object(Config\Cache), false)
 5 FCPATH\index.php(79): CodeIgniter\CodeIgniter->run()
ERROR - 2024-02-11 21:31:47 --> mysqli_sql_exception: Unknown column 'id_shakemap' in 'field list' in C:\laragon\www\geofisikaDNP\profileWeb\system\Database\MySQLi\Connection.php:306
Stack trace:
#0 C:\laragon\www\geofisikaDNP\profileWeb\system\Database\MySQLi\Connection.php(306): mysqli->query('INSERT INTO gem...', 0)
#1 C:\laragon\www\geofisikaDNP\profileWeb\system\Database\BaseConnection.php(693): CodeIgniter\Database\MySQLi\Connection->execute('INSERT INTO gem...')
#2 C:\laragon\www\geofisikaDNP\profileWeb\system\Database\BaseConnection.php(607): CodeIgniter\Database\BaseConnection->simpleQuery('INSERT INTO gem...')
#3 C:\laragon\www\geofisikaDNP\profileWeb\app\Controllers\Web.php(152): CodeIgniter\Database\BaseConnection->query('INSERT INTO gem...')
#4 C:\laragon\www\geofisikaDNP\profileWeb\system\CodeIgniter.php(939): App\Controllers\Web->simpan2()
#5 C:\laragon\www\geofisikaDNP\profileWeb\system\CodeIgniter.php(502): CodeIgniter\CodeIgniter->runController(Object(App\Controllers\Web))
#6 C:\laragon\www\geofisikaDNP\profileWeb\system\CodeIgniter.php(361): CodeIgniter\CodeIgniter->handleRequest(NULL, Object(Config\Cache), false)
#7 C:\laragon\www\geofisikaDNP\profileWeb\public\index.php(79): CodeIgniter\CodeIgniter->run()
#8 {main}
CRITICAL - 2024-02-11 21:31:47 --> Unknown column 'id_shakemap' in 'field list'
in SYSTEMPATH\Database\BaseConnection.php on line 647.
 1 APPPATH\Controllers\Web.php(152): CodeIgniter\Database\BaseConnection->query('INSERT INTO gempaindodirasakan (id,infogempa,id_shakemap) VALUES (\'20240211200610\',\'Info Gempa Mag:3.2 SR, 11-Feb-24 20:06:10 WIB, Lok:8.63 LS,120.48 BT (Pusat gempa berada didarat 2 Km Tenggara Ruteng), Kedlmn:10 km :: Dirasakan: II Ruteng\',\'\')')
 2 SYSTEMPATH\CodeIgniter.php(939): App\Controllers\Web->simpan2()
 3 SYSTEMPATH\CodeIgniter.php(502): CodeIgniter\CodeIgniter->runController(Object(App\Controllers\Web))
 4 SYSTEMPATH\CodeIgniter.php(361): CodeIgniter\CodeIgniter->handleRequest(null, Object(Config\Cache), false)
 5 FCPATH\index.php(79): CodeIgniter\CodeIgniter->run()
ERROR - 2024-02-11 21:31:48 --> mysqli_sql_exception: Unknown column 'id_shakemap' in 'field list' in C:\laragon\www\geofisikaDNP\profileWeb\system\Database\MySQLi\Connection.php:306
Stack trace:
#0 C:\laragon\www\geofisikaDNP\profileWeb\system\Database\MySQLi\Connection.php(306): mysqli->query('INSERT INTO gem...', 0)
#1 C:\laragon\www\geofisikaDNP\profileWeb\system\Database\BaseConnection.php(693): CodeIgniter\Database\MySQLi\Connection->execute('INSERT INTO gem...')
#2 C:\laragon\www\geofisikaDNP\profileWeb\system\Database\BaseConnection.php(607): CodeIgniter\Database\BaseConnection->simpleQuery('INSERT INTO gem...')
#3 C:\laragon\www\geofisikaDNP\profileWeb\app\Controllers\Web.php(152): CodeIgniter\Database\BaseConnection->query('INSERT INTO gem...')
#4 C:\laragon\www\geofisikaDNP\profileWeb\system\CodeIgniter.php(939): App\Controllers\Web->simpan2()
#5 C:\laragon\www\geofisikaDNP\profileWeb\system\CodeIgniter.php(502): CodeIgniter\CodeIgniter->runController(Object(App\Controllers\Web))
#6 C:\laragon\www\geofisikaDNP\profileWeb\system\CodeIgniter.php(361): CodeIgniter\CodeIgniter->handleRequest(NULL, Object(Config\Cache), false)
#7 C:\laragon\www\geofisikaDNP\profileWeb\public\index.php(79): CodeIgniter\CodeIgniter->run()
#8 {main}
CRITICAL - 2024-02-11 21:31:48 --> Unknown column 'id_shakemap' in 'field list'
in SYSTEMPATH\Database\BaseConnection.php on line 647.
 1 APPPATH\Controllers\Web.php(152): CodeIgniter\Database\BaseConnection->query('INSERT INTO gempaindodirasakan (id,infogempa,id_shakemap) VALUES (\'20240212040422\',\'Info Gempa Mag:4.9 SR, 12-Feb-24 04:04:22 WIB, Lok:10.42 LS,124.22 BT (Pusat gempa berada di laut 60 km Tenggara Kab. Kupang), Kedlmn:13 km :: Dirasakan: II-III Kota Kupang\',\'\')')
 2 SYSTEMPATH\CodeIgniter.php(939): App\Controllers\Web->simpan2()
 3 SYSTEMPATH\CodeIgniter.php(502): CodeIgniter\CodeIgniter->runController(Object(App\Controllers\Web))
 4 SYSTEMPATH\CodeIgniter.php(361): CodeIgniter\CodeIgniter->handleRequest(null, Object(Config\Cache), false)
 5 FCPATH\index.php(79): CodeIgniter\CodeIgniter->run()
ERROR - 2024-02-11 23:53:43 --> mysqli_sql_exception: Unknown column 'id_shakemap' in 'field list' in C:\laragon\www\geofisikaDNP\profileWeb\system\Database\MySQLi\Connection.php:306
Stack trace:
#0 C:\laragon\www\geofisikaDNP\profileWeb\system\Database\MySQLi\Connection.php(306): mysqli->query('INSERT INTO gem...', 0)
#1 C:\laragon\www\geofisikaDNP\profileWeb\system\Database\BaseConnection.php(693): CodeIgniter\Database\MySQLi\Connection->execute('INSERT INTO gem...')
#2 C:\laragon\www\geofisikaDNP\profileWeb\system\Database\BaseConnection.php(607): CodeIgniter\Database\BaseConnection->simpleQuery('INSERT INTO gem...')
#3 C:\laragon\www\geofisikaDNP\profileWeb\app\Controllers\Web.php(152): CodeIgniter\Database\BaseConnection->query('INSERT INTO gem...')
#4 C:\laragon\www\geofisikaDNP\profileWeb\system\CodeIgniter.php(939): App\Controllers\Web->simpan2()
#5 C:\laragon\www\geofisikaDNP\profileWeb\system\CodeIgniter.php(502): CodeIgniter\CodeIgniter->runController(Object(App\Controllers\Web))
#6 C:\laragon\www\geofisikaDNP\profileWeb\system\CodeIgniter.php(361): CodeIgniter\CodeIgniter->handleRequest(NULL, Object(Config\Cache), false)
#7 C:\laragon\www\geofisikaDNP\profileWeb\public\index.php(79): CodeIgniter\CodeIgniter->run()
#8 {main}
CRITICAL - 2024-02-11 23:53:43 --> Unknown column 'id_shakemap' in 'field list'
in SYSTEMPATH\Database\BaseConnection.php on line 647.
 1 APPPATH\Controllers\Web.php(152): CodeIgniter\Database\BaseConnection->query('INSERT INTO gempapgr3 (id,infogempa,id_shakemap) VALUES (\'20240212064642\',\'Info Gempa Mag:2.4 SR, 12-Feb-24 06:46:42 WIB, Lok:8.89 LS,117.98 BT (66 km BaratDaya DOMPU-NTB), Kedlmn:14 Km ::BMKG-DNP\',\'\')')
 2 SYSTEMPATH\CodeIgniter.php(939): App\Controllers\Web->simpan2()
 3 SYSTEMPATH\CodeIgniter.php(502): CodeIgniter\CodeIgniter->runController(Object(App\Controllers\Web))
 4 SYSTEMPATH\CodeIgniter.php(361): CodeIgniter\CodeIgniter->handleRequest(null, Object(Config\Cache), false)
 5 FCPATH\index.php(79): CodeIgniter\CodeIgniter->run()
