ERROR - 2024-05-03 07:10:48 --> mysqli_sql_exception: Unknown column 'id_shakemap' in 'field list' in C:\laragon\www\geofisikaDNP\profileWeb\system\Database\MySQLi\Connection.php:306
Stack trace:
#0 C:\laragon\www\geofisikaDNP\profileWeb\system\Database\MySQLi\Connection.php(306): mysqli->query('INSERT INTO gem...', 0)
#1 C:\laragon\www\geofisikaDNP\profileWeb\system\Database\BaseConnection.php(693): CodeIgniter\Database\MySQLi\Connection->execute('INSERT INTO gem...')
#2 C:\laragon\www\geofisikaDNP\profileWeb\system\Database\BaseConnection.php(607): CodeIgniter\Database\BaseConnection->simpleQuery('INSERT INTO gem...')
#3 C:\laragon\www\geofisikaDNP\profileWeb\app\Controllers\Web.php(157): CodeIgniter\Database\BaseConnection->query('INSERT INTO gem...')
#4 C:\laragon\www\geofisikaDNP\profileWeb\system\CodeIgniter.php(939): App\Controllers\Web->simpan2()
#5 C:\laragon\www\geofisikaDNP\profileWeb\system\CodeIgniter.php(502): CodeIgniter\CodeIgniter->runController(Object(App\Controllers\Web))
#6 C:\laragon\www\geofisikaDNP\profileWeb\system\CodeIgniter.php(361): CodeIgniter\CodeIgniter->handleRequest(NULL, Object(Config\Cache), false)
#7 C:\laragon\www\geofisikaDNP\profileWeb\public\index.php(79): CodeIgniter\CodeIgniter->run()
#8 {main}
CRITICAL - 2024-05-03 07:10:48 --> Unknown column 'id_shakemap' in 'field list'
in SYSTEMPATH\Database\BaseConnection.php on line 647.
 1 APPPATH\Controllers\Web.php(157): CodeIgniter\Database\BaseConnection->query('INSERT INTO gempapgr3 (id,infogempa,id_shakemap) VALUES (\'20240503134405\',\'Info Gempa Mag:2.9 SR, 03-May-24 13:44:05 WIB, Lok:8.30 LS,119.84 BT (22 km BaratLaut LABUANBAJO-NTT), Kedlmn:135 Km ::BMKG-DNP\',\'\')')
 2 SYSTEMPATH\CodeIgniter.php(939): App\Controllers\Web->simpan2()
 3 SYSTEMPATH\CodeIgniter.php(502): CodeIgniter\CodeIgniter->runController(Object(App\Controllers\Web))
 4 SYSTEMPATH\CodeIgniter.php(361): CodeIgniter\CodeIgniter->handleRequest(null, Object(Config\Cache), false)
 5 FCPATH\index.php(79): CodeIgniter\CodeIgniter->run()
ERROR - 2024-05-03 09:49:43 --> mysqli_sql_exception: Unknown column 'id_shakemap' in 'field list' in C:\laragon\www\geofisikaDNP\profileWeb\system\Database\MySQLi\Connection.php:306
Stack trace:
#0 C:\laragon\www\geofisikaDNP\profileWeb\system\Database\MySQLi\Connection.php(306): mysqli->query('INSERT INTO gem...', 0)
#1 C:\laragon\www\geofisikaDNP\profileWeb\system\Database\BaseConnection.php(693): CodeIgniter\Database\MySQLi\Connection->execute('INSERT INTO gem...')
#2 C:\laragon\www\geofisikaDNP\profileWeb\system\Database\BaseConnection.php(607): CodeIgniter\Database\BaseConnection->simpleQuery('INSERT INTO gem...')
#3 C:\laragon\www\geofisikaDNP\profileWeb\app\Controllers\Web.php(157): CodeIgniter\Database\BaseConnection->query('INSERT INTO gem...')
#4 C:\laragon\www\geofisikaDNP\profileWeb\system\CodeIgniter.php(939): App\Controllers\Web->simpan2()
#5 C:\laragon\www\geofisikaDNP\profileWeb\system\CodeIgniter.php(502): CodeIgniter\CodeIgniter->runController(Object(App\Controllers\Web))
#6 C:\laragon\www\geofisikaDNP\profileWeb\system\CodeIgniter.php(361): CodeIgniter\CodeIgniter->handleRequest(NULL, Object(Config\Cache), false)
#7 C:\laragon\www\geofisikaDNP\profileWeb\public\index.php(79): CodeIgniter\CodeIgniter->run()
#8 {main}
CRITICAL - 2024-05-03 09:49:43 --> Unknown column 'id_shakemap' in 'field list'
in SYSTEMPATH\Database\BaseConnection.php on line 647.
 1 APPPATH\Controllers\Web.php(157): CodeIgniter\Database\BaseConnection->query('INSERT INTO gempapgr3 (id,infogempa,id_shakemap) VALUES (\'20240503164008\',\'Info Gempa Mag:2.2 SR, 03-May-24 16:40:08 WIB, Lok:8.89 LS,116.81 BT (15 km BaratDaya SUMBAWABARAT-NTB), Kedlmn:21 Km ::BMKG-WSI\',\'\')')
 2 SYSTEMPATH\CodeIgniter.php(939): App\Controllers\Web->simpan2()
 3 SYSTEMPATH\CodeIgniter.php(502): CodeIgniter\CodeIgniter->runController(Object(App\Controllers\Web))
 4 SYSTEMPATH\CodeIgniter.php(361): CodeIgniter\CodeIgniter->handleRequest(null, Object(Config\Cache), false)
 5 FCPATH\index.php(79): CodeIgniter\CodeIgniter->run()
ERROR - 2024-05-03 10:06:43 --> mysqli_sql_exception: Unknown column 'id_shakemap' in 'field list' in C:\laragon\www\geofisikaDNP\profileWeb\system\Database\MySQLi\Connection.php:306
Stack trace:
#0 C:\laragon\www\geofisikaDNP\profileWeb\system\Database\MySQLi\Connection.php(306): mysqli->query('INSERT INTO gem...', 0)
#1 C:\laragon\www\geofisikaDNP\profileWeb\system\Database\BaseConnection.php(693): CodeIgniter\Database\MySQLi\Connection->execute('INSERT INTO gem...')
#2 C:\laragon\www\geofisikaDNP\profileWeb\system\Database\BaseConnection.php(607): CodeIgniter\Database\BaseConnection->simpleQuery('INSERT INTO gem...')
#3 C:\laragon\www\geofisikaDNP\profileWeb\app\Controllers\Web.php(157): CodeIgniter\Database\BaseConnection->query('INSERT INTO gem...')
#4 C:\laragon\www\geofisikaDNP\profileWeb\system\CodeIgniter.php(939): App\Controllers\Web->simpan2()
#5 C:\laragon\www\geofisikaDNP\profileWeb\system\CodeIgniter.php(502): CodeIgniter\CodeIgniter->runController(Object(App\Controllers\Web))
#6 C:\laragon\www\geofisikaDNP\profileWeb\system\CodeIgniter.php(361): CodeIgniter\CodeIgniter->handleRequest(NULL, Object(Config\Cache), false)
#7 C:\laragon\www\geofisikaDNP\profileWeb\public\index.php(79): CodeIgniter\CodeIgniter->run()
#8 {main}
CRITICAL - 2024-05-03 10:06:43 --> Unknown column 'id_shakemap' in 'field list'
in SYSTEMPATH\Database\BaseConnection.php on line 647.
 1 APPPATH\Controllers\Web.php(157): CodeIgniter\Database\BaseConnection->query('INSERT INTO gempaindodirasakan (id,infogempa,id_shakemap) VALUES (\'20240425201431\',\'Info Gempa Mag:3.7 SR, 25-Apr-24 20:14:31 WIB, Lok:3.30 LS,128.38 BT (Pusat gempa berada di darat 34 km Tenggara Piru-SBB), Kedlmn:6 km :: Dirasakan: III Kairatu\',\'\')')
 2 SYSTEMPATH\CodeIgniter.php(939): App\Controllers\Web->simpan2()
 3 SYSTEMPATH\CodeIgniter.php(502): CodeIgniter\CodeIgniter->runController(Object(App\Controllers\Web))
 4 SYSTEMPATH\CodeIgniter.php(361): CodeIgniter\CodeIgniter->handleRequest(null, Object(Config\Cache), false)
 5 FCPATH\index.php(79): CodeIgniter\CodeIgniter->run()
ERROR - 2024-05-03 10:06:43 --> mysqli_sql_exception: Unknown column 'id_shakemap' in 'field list' in C:\laragon\www\geofisikaDNP\profileWeb\system\Database\MySQLi\Connection.php:306
Stack trace:
#0 C:\laragon\www\geofisikaDNP\profileWeb\system\Database\MySQLi\Connection.php(306): mysqli->query('INSERT INTO gem...', 0)
#1 C:\laragon\www\geofisikaDNP\profileWeb\system\Database\BaseConnection.php(693): CodeIgniter\Database\MySQLi\Connection->execute('INSERT INTO gem...')
#2 C:\laragon\www\geofisikaDNP\profileWeb\system\Database\BaseConnection.php(607): CodeIgniter\Database\BaseConnection->simpleQuery('INSERT INTO gem...')
#3 C:\laragon\www\geofisikaDNP\profileWeb\app\Controllers\Web.php(157): CodeIgniter\Database\BaseConnection->query('INSERT INTO gem...')
#4 C:\laragon\www\geofisikaDNP\profileWeb\system\CodeIgniter.php(939): App\Controllers\Web->simpan2()
#5 C:\laragon\www\geofisikaDNP\profileWeb\system\CodeIgniter.php(502): CodeIgniter\CodeIgniter->runController(Object(App\Controllers\Web))
#6 C:\laragon\www\geofisikaDNP\profileWeb\system\CodeIgniter.php(361): CodeIgniter\CodeIgniter->handleRequest(NULL, Object(Config\Cache), false)
#7 C:\laragon\www\geofisikaDNP\profileWeb\public\index.php(79): CodeIgniter\CodeIgniter->run()
#8 {main}
CRITICAL - 2024-05-03 10:06:43 --> Unknown column 'id_shakemap' in 'field list'
in SYSTEMPATH\Database\BaseConnection.php on line 647.
 1 APPPATH\Controllers\Web.php(157): CodeIgniter\Database\BaseConnection->query('INSERT INTO gempaindodirasakan (id,infogempa,id_shakemap) VALUES (\'20240426165710\',\'Info Gempa Mag:2.9 SR, 26-Apr-24 16:57:10 WIB, Lok:2.91 LS,119.41 BT (Pusat gempa berada di darat 9 Km Timur Laut Mamasa), Kedlmn:5 km :: Dirasakan: III Mamasa\',\'\')')
 2 SYSTEMPATH\CodeIgniter.php(939): App\Controllers\Web->simpan2()
 3 SYSTEMPATH\CodeIgniter.php(502): CodeIgniter\CodeIgniter->runController(Object(App\Controllers\Web))
 4 SYSTEMPATH\CodeIgniter.php(361): CodeIgniter\CodeIgniter->handleRequest(null, Object(Config\Cache), false)
 5 FCPATH\index.php(79): CodeIgniter\CodeIgniter->run()
ERROR - 2024-05-03 10:06:43 --> mysqli_sql_exception: Unknown column 'id_shakemap' in 'field list' in C:\laragon\www\geofisikaDNP\profileWeb\system\Database\MySQLi\Connection.php:306
Stack trace:
#0 C:\laragon\www\geofisikaDNP\profileWeb\system\Database\MySQLi\Connection.php(306): mysqli->query('INSERT INTO gem...', 0)
#1 C:\laragon\www\geofisikaDNP\profileWeb\system\Database\BaseConnection.php(693): CodeIgniter\Database\MySQLi\Connection->execute('INSERT INTO gem...')
#2 C:\laragon\www\geofisikaDNP\profileWeb\system\Database\BaseConnection.php(607): CodeIgniter\Database\BaseConnection->simpleQuery('INSERT INTO gem...')
#3 C:\laragon\www\geofisikaDNP\profileWeb\app\Controllers\Web.php(157): CodeIgniter\Database\BaseConnection->query('INSERT INTO gem...')
#4 C:\laragon\www\geofisikaDNP\profileWeb\system\CodeIgniter.php(939): App\Controllers\Web->simpan2()
#5 C:\laragon\www\geofisikaDNP\profileWeb\system\CodeIgniter.php(502): CodeIgniter\CodeIgniter->runController(Object(App\Controllers\Web))
#6 C:\laragon\www\geofisikaDNP\profileWeb\system\CodeIgniter.php(361): CodeIgniter\CodeIgniter->handleRequest(NULL, Object(Config\Cache), false)
#7 C:\laragon\www\geofisikaDNP\profileWeb\public\index.php(79): CodeIgniter\CodeIgniter->run()
#8 {main}
CRITICAL - 2024-05-03 10:06:43 --> Unknown column 'id_shakemap' in 'field list'
in SYSTEMPATH\Database\BaseConnection.php on line 647.
 1 APPPATH\Controllers\Web.php(157): CodeIgniter\Database\BaseConnection->query('INSERT INTO gempaindodirasakan (id,infogempa,id_shakemap) VALUES (\'20240427120708\',\'Info Gempa Mag:4.7 SR, 27-Apr-24 12:07:08 WIB, Lok:0.57 LU,122.35 BT (Pusat gempa berada di darat 4 km TimurLaut Boalemo-Gorontalo), Kedlmn:63 km :: Dirasakan: III-IV Boalemo, III Kabupaten Gorontalo, III Kabupaten Bone-Bolango, II-III Kota Gorontalo\',\'\')')
 2 SYSTEMPATH\CodeIgniter.php(939): App\Controllers\Web->simpan2()
 3 SYSTEMPATH\CodeIgniter.php(502): CodeIgniter\CodeIgniter->runController(Object(App\Controllers\Web))
 4 SYSTEMPATH\CodeIgniter.php(361): CodeIgniter\CodeIgniter->handleRequest(null, Object(Config\Cache), false)
 5 FCPATH\index.php(79): CodeIgniter\CodeIgniter->run()
ERROR - 2024-05-03 10:06:44 --> mysqli_sql_exception: Unknown column 'id_shakemap' in 'field list' in C:\laragon\www\geofisikaDNP\profileWeb\system\Database\MySQLi\Connection.php:306
Stack trace:
#0 C:\laragon\www\geofisikaDNP\profileWeb\system\Database\MySQLi\Connection.php(306): mysqli->query('INSERT INTO gem...', 0)
#1 C:\laragon\www\geofisikaDNP\profileWeb\system\Database\BaseConnection.php(693): CodeIgniter\Database\MySQLi\Connection->execute('INSERT INTO gem...')
#2 C:\laragon\www\geofisikaDNP\profileWeb\system\Database\BaseConnection.php(607): CodeIgniter\Database\BaseConnection->simpleQuery('INSERT INTO gem...')
#3 C:\laragon\www\geofisikaDNP\profileWeb\app\Controllers\Web.php(157): CodeIgniter\Database\BaseConnection->query('INSERT INTO gem...')
#4 C:\laragon\www\geofisikaDNP\profileWeb\system\CodeIgniter.php(939): App\Controllers\Web->simpan2()
#5 C:\laragon\www\geofisikaDNP\profileWeb\system\CodeIgniter.php(502): CodeIgniter\CodeIgniter->runController(Object(App\Controllers\Web))
#6 C:\laragon\www\geofisikaDNP\profileWeb\system\CodeIgniter.php(361): CodeIgniter\CodeIgniter->handleRequest(NULL, Object(Config\Cache), false)
#7 C:\laragon\www\geofisikaDNP\profileWeb\public\index.php(79): CodeIgniter\CodeIgniter->run()
#8 {main}
CRITICAL - 2024-05-03 10:06:44 --> Unknown column 'id_shakemap' in 'field list'
in SYSTEMPATH\Database\BaseConnection.php on line 647.
 1 APPPATH\Controllers\Web.php(157): CodeIgniter\Database\BaseConnection->query('INSERT INTO gempaindodirasakan (id,infogempa,id_shakemap) VALUES (\'20240427152712\',\'Info Gempa Mag:4.8 SR, 27-Apr-24 15:27:12 WIB, Lok:7.14 LS,105.35 BT (Pusat gempa berada di laut 58 km BaratDaya Sumur), Kedlmn:10 km :: Dirasakan: III Lebak, II-III Tangerang, II-III Tangerang Selatan, II-III Jakarta Selatan, II-III Bogor, II Sukabumi\',\'\')')
 2 SYSTEMPATH\CodeIgniter.php(939): App\Controllers\Web->simpan2()
 3 SYSTEMPATH\CodeIgniter.php(502): CodeIgniter\CodeIgniter->runController(Object(App\Controllers\Web))
 4 SYSTEMPATH\CodeIgniter.php(361): CodeIgniter\CodeIgniter->handleRequest(null, Object(Config\Cache), false)
 5 FCPATH\index.php(79): CodeIgniter\CodeIgniter->run()
ERROR - 2024-05-03 10:06:44 --> mysqli_sql_exception: Unknown column 'id_shakemap' in 'field list' in C:\laragon\www\geofisikaDNP\profileWeb\system\Database\MySQLi\Connection.php:306
Stack trace:
#0 C:\laragon\www\geofisikaDNP\profileWeb\system\Database\MySQLi\Connection.php(306): mysqli->query('INSERT INTO gem...', 0)
#1 C:\laragon\www\geofisikaDNP\profileWeb\system\Database\BaseConnection.php(693): CodeIgniter\Database\MySQLi\Connection->execute('INSERT INTO gem...')
#2 C:\laragon\www\geofisikaDNP\profileWeb\system\Database\BaseConnection.php(607): CodeIgniter\Database\BaseConnection->simpleQuery('INSERT INTO gem...')
#3 C:\laragon\www\geofisikaDNP\profileWeb\app\Controllers\Web.php(157): CodeIgniter\Database\BaseConnection->query('INSERT INTO gem...')
#4 C:\laragon\www\geofisikaDNP\profileWeb\system\CodeIgniter.php(939): App\Controllers\Web->simpan2()
#5 C:\laragon\www\geofisikaDNP\profileWeb\system\CodeIgniter.php(502): CodeIgniter\CodeIgniter->runController(Object(App\Controllers\Web))
#6 C:\laragon\www\geofisikaDNP\profileWeb\system\CodeIgniter.php(361): CodeIgniter\CodeIgniter->handleRequest(NULL, Object(Config\Cache), false)
#7 C:\laragon\www\geofisikaDNP\profileWeb\public\index.php(79): CodeIgniter\CodeIgniter->run()
#8 {main}
CRITICAL - 2024-05-03 10:06:44 --> Unknown column 'id_shakemap' in 'field list'
in SYSTEMPATH\Database\BaseConnection.php on line 647.
 1 APPPATH\Controllers\Web.php(157): CodeIgniter\Database\BaseConnection->query('INSERT INTO gempaindodirasakan (id,infogempa,id_shakemap) VALUES (\'20240427202259\',\'Info Gempa Mag:3.1 SR, 27-Apr-24 20:22:59 WIB, Lok:6.83 LS,107.00 BT (Pusat gempa berada di darat 12 km TimurLaut Kota Sukabumi), Kedlmn:5 km :: Dirasakan: III Cianjur, III Sukabumi\',\'\')')
 2 SYSTEMPATH\CodeIgniter.php(939): App\Controllers\Web->simpan2()
 3 SYSTEMPATH\CodeIgniter.php(502): CodeIgniter\CodeIgniter->runController(Object(App\Controllers\Web))
 4 SYSTEMPATH\CodeIgniter.php(361): CodeIgniter\CodeIgniter->handleRequest(null, Object(Config\Cache), false)
 5 FCPATH\index.php(79): CodeIgniter\CodeIgniter->run()
ERROR - 2024-05-03 10:06:44 --> mysqli_sql_exception: Unknown column 'id_shakemap' in 'field list' in C:\laragon\www\geofisikaDNP\profileWeb\system\Database\MySQLi\Connection.php:306
Stack trace:
#0 C:\laragon\www\geofisikaDNP\profileWeb\system\Database\MySQLi\Connection.php(306): mysqli->query('INSERT INTO gem...', 0)
#1 C:\laragon\www\geofisikaDNP\profileWeb\system\Database\BaseConnection.php(693): CodeIgniter\Database\MySQLi\Connection->execute('INSERT INTO gem...')
#2 C:\laragon\www\geofisikaDNP\profileWeb\system\Database\BaseConnection.php(607): CodeIgniter\Database\BaseConnection->simpleQuery('INSERT INTO gem...')
#3 C:\laragon\www\geofisikaDNP\profileWeb\app\Controllers\Web.php(157): CodeIgniter\Database\BaseConnection->query('INSERT INTO gem...')
#4 C:\laragon\www\geofisikaDNP\profileWeb\system\CodeIgniter.php(939): App\Controllers\Web->simpan2()
#5 C:\laragon\www\geofisikaDNP\profileWeb\system\CodeIgniter.php(502): CodeIgniter\CodeIgniter->runController(Object(App\Controllers\Web))
#6 C:\laragon\www\geofisikaDNP\profileWeb\system\CodeIgniter.php(361): CodeIgniter\CodeIgniter->handleRequest(NULL, Object(Config\Cache), false)
#7 C:\laragon\www\geofisikaDNP\profileWeb\public\index.php(79): CodeIgniter\CodeIgniter->run()
#8 {main}
CRITICAL - 2024-05-03 10:06:44 --> Unknown column 'id_shakemap' in 'field list'
in SYSTEMPATH\Database\BaseConnection.php on line 647.
 1 APPPATH\Controllers\Web.php(157): CodeIgniter\Database\BaseConnection->query('INSERT INTO gempaindodirasakan (id,infogempa,id_shakemap) VALUES (\'20240427232947\',\'Info Gempa Mag:6.5 SR, 27-Apr-24 23:29:47 WIB, Lok:8.42 LS,107.26 BT (Pusat gempa berada di laut 151 km barat daya Kabupaten Garut), Kedlmn:10 km :: Dirasakan: IV Sukabumi, III-IV Bandung, III Tangerang, IV Tasikmalaya, III-IV Garut, III-IV Bogor, III Jakarta, III Kebumen, III Banyumas, III Cilacap, II Bantul, II Sleman, II Kulonprogo, II Trenggalek, II Malang\',\'\')')
 2 SYSTEMPATH\CodeIgniter.php(939): App\Controllers\Web->simpan2()
 3 SYSTEMPATH\CodeIgniter.php(502): CodeIgniter\CodeIgniter->runController(Object(App\Controllers\Web))
 4 SYSTEMPATH\CodeIgniter.php(361): CodeIgniter\CodeIgniter->handleRequest(null, Object(Config\Cache), false)
 5 FCPATH\index.php(79): CodeIgniter\CodeIgniter->run()
ERROR - 2024-05-03 10:06:44 --> mysqli_sql_exception: Unknown column 'id_shakemap' in 'field list' in C:\laragon\www\geofisikaDNP\profileWeb\system\Database\MySQLi\Connection.php:306
Stack trace:
#0 C:\laragon\www\geofisikaDNP\profileWeb\system\Database\MySQLi\Connection.php(306): mysqli->query('INSERT INTO gem...', 0)
#1 C:\laragon\www\geofisikaDNP\profileWeb\system\Database\BaseConnection.php(693): CodeIgniter\Database\MySQLi\Connection->execute('INSERT INTO gem...')
#2 C:\laragon\www\geofisikaDNP\profileWeb\system\Database\BaseConnection.php(607): CodeIgniter\Database\BaseConnection->simpleQuery('INSERT INTO gem...')
#3 C:\laragon\www\geofisikaDNP\profileWeb\app\Controllers\Web.php(157): CodeIgniter\Database\BaseConnection->query('INSERT INTO gem...')
#4 C:\laragon\www\geofisikaDNP\profileWeb\system\CodeIgniter.php(939): App\Controllers\Web->simpan2()
#5 C:\laragon\www\geofisikaDNP\profileWeb\system\CodeIgniter.php(502): CodeIgniter\CodeIgniter->runController(Object(App\Controllers\Web))
#6 C:\laragon\www\geofisikaDNP\profileWeb\system\CodeIgniter.php(361): CodeIgniter\CodeIgniter->handleRequest(NULL, Object(Config\Cache), false)
#7 C:\laragon\www\geofisikaDNP\profileWeb\public\index.php(79): CodeIgniter\CodeIgniter->run()
#8 {main}
CRITICAL - 2024-05-03 10:06:44 --> Unknown column 'id_shakemap' in 'field list'
in SYSTEMPATH\Database\BaseConnection.php on line 647.
 1 APPPATH\Controllers\Web.php(157): CodeIgniter\Database\BaseConnection->query('INSERT INTO gempaindodirasakan (id,infogempa,id_shakemap) VALUES (\'20240428063550\',\'Info Gempa Mag:3.9 SR, 28-Apr-24 06:35:50 WIB, Lok:3.73 LU,126.72 BT (Pusat gempa berada di laut 30 km tenggara Melonguane), Kedlmn:25 km :: Dirasakan: II-III Kabupaten Kepulauan Talaud\',\'\')')
 2 SYSTEMPATH\CodeIgniter.php(939): App\Controllers\Web->simpan2()
 3 SYSTEMPATH\CodeIgniter.php(502): CodeIgniter\CodeIgniter->runController(Object(App\Controllers\Web))
 4 SYSTEMPATH\CodeIgniter.php(361): CodeIgniter\CodeIgniter->handleRequest(null, Object(Config\Cache), false)
 5 FCPATH\index.php(79): CodeIgniter\CodeIgniter->run()
ERROR - 2024-05-03 10:06:44 --> mysqli_sql_exception: Unknown column 'id_shakemap' in 'field list' in C:\laragon\www\geofisikaDNP\profileWeb\system\Database\MySQLi\Connection.php:306
Stack trace:
#0 C:\laragon\www\geofisikaDNP\profileWeb\system\Database\MySQLi\Connection.php(306): mysqli->query('INSERT INTO gem...', 0)
#1 C:\laragon\www\geofisikaDNP\profileWeb\system\Database\BaseConnection.php(693): CodeIgniter\Database\MySQLi\Connection->execute('INSERT INTO gem...')
#2 C:\laragon\www\geofisikaDNP\profileWeb\system\Database\BaseConnection.php(607): CodeIgniter\Database\BaseConnection->simpleQuery('INSERT INTO gem...')
#3 C:\laragon\www\geofisikaDNP\profileWeb\app\Controllers\Web.php(157): CodeIgniter\Database\BaseConnection->query('INSERT INTO gem...')
#4 C:\laragon\www\geofisikaDNP\profileWeb\system\CodeIgniter.php(939): App\Controllers\Web->simpan2()
#5 C:\laragon\www\geofisikaDNP\profileWeb\system\CodeIgniter.php(502): CodeIgniter\CodeIgniter->runController(Object(App\Controllers\Web))
#6 C:\laragon\www\geofisikaDNP\profileWeb\system\CodeIgniter.php(361): CodeIgniter\CodeIgniter->handleRequest(NULL, Object(Config\Cache), false)
#7 C:\laragon\www\geofisikaDNP\profileWeb\public\index.php(79): CodeIgniter\CodeIgniter->run()
#8 {main}
CRITICAL - 2024-05-03 10:06:44 --> Unknown column 'id_shakemap' in 'field list'
in SYSTEMPATH\Database\BaseConnection.php on line 647.
 1 APPPATH\Controllers\Web.php(157): CodeIgniter\Database\BaseConnection->query('INSERT INTO gempaindodirasakan (id,infogempa,id_shakemap) VALUES (\'20240429063809\',\'Info Gempa Mag:3.7 SR, 29-Apr-24 06:38:09 WIB, Lok:8.15 LS,107.88 BT (Pusat gempa berada di laut 84 km Barat Daya Kab.Pangandaran), Kedlmn:23 km :: Dirasakan: III Taraju, III Cibalong, III Cipatujah, III Pamengkuk, III Pangandaran, II Cikajang, II Cisurupan\',\'\')')
 2 SYSTEMPATH\CodeIgniter.php(939): App\Controllers\Web->simpan2()
 3 SYSTEMPATH\CodeIgniter.php(502): CodeIgniter\CodeIgniter->runController(Object(App\Controllers\Web))
 4 SYSTEMPATH\CodeIgniter.php(361): CodeIgniter\CodeIgniter->handleRequest(null, Object(Config\Cache), false)
 5 FCPATH\index.php(79): CodeIgniter\CodeIgniter->run()
ERROR - 2024-05-03 10:06:45 --> mysqli_sql_exception: Unknown column 'id_shakemap' in 'field list' in C:\laragon\www\geofisikaDNP\profileWeb\system\Database\MySQLi\Connection.php:306
Stack trace:
#0 C:\laragon\www\geofisikaDNP\profileWeb\system\Database\MySQLi\Connection.php(306): mysqli->query('INSERT INTO gem...', 0)
#1 C:\laragon\www\geofisikaDNP\profileWeb\system\Database\BaseConnection.php(693): CodeIgniter\Database\MySQLi\Connection->execute('INSERT INTO gem...')
#2 C:\laragon\www\geofisikaDNP\profileWeb\system\Database\BaseConnection.php(607): CodeIgniter\Database\BaseConnection->simpleQuery('INSERT INTO gem...')
#3 C:\laragon\www\geofisikaDNP\profileWeb\app\Controllers\Web.php(157): CodeIgniter\Database\BaseConnection->query('INSERT INTO gem...')
#4 C:\laragon\www\geofisikaDNP\profileWeb\system\CodeIgniter.php(939): App\Controllers\Web->simpan2()
#5 C:\laragon\www\geofisikaDNP\profileWeb\system\CodeIgniter.php(502): CodeIgniter\CodeIgniter->runController(Object(App\Controllers\Web))
#6 C:\laragon\www\geofisikaDNP\profileWeb\system\CodeIgniter.php(361): CodeIgniter\CodeIgniter->handleRequest(NULL, Object(Config\Cache), false)
#7 C:\laragon\www\geofisikaDNP\profileWeb\public\index.php(79): CodeIgniter\CodeIgniter->run()
#8 {main}
CRITICAL - 2024-05-03 10:06:45 --> Unknown column 'id_shakemap' in 'field list'
in SYSTEMPATH\Database\BaseConnection.php on line 647.
 1 APPPATH\Controllers\Web.php(157): CodeIgniter\Database\BaseConnection->query('INSERT INTO gempaindodirasakan (id,infogempa,id_shakemap) VALUES (\'20240430024335\',\'Info Gempa Mag:3.5 SR, 30-Apr-24 02:43:35 WIB, Lok:2.57 LS,140.61 BT (Pusat gempa berada di darat 9 km Barat Daya Kota Jayapura), Kedlmn:5 km :: Dirasakan: III Jayapura\',\'\')')
 2 SYSTEMPATH\CodeIgniter.php(939): App\Controllers\Web->simpan2()
 3 SYSTEMPATH\CodeIgniter.php(502): CodeIgniter\CodeIgniter->runController(Object(App\Controllers\Web))
 4 SYSTEMPATH\CodeIgniter.php(361): CodeIgniter\CodeIgniter->handleRequest(null, Object(Config\Cache), false)
 5 FCPATH\index.php(79): CodeIgniter\CodeIgniter->run()
ERROR - 2024-05-03 10:06:45 --> mysqli_sql_exception: Unknown column 'id_shakemap' in 'field list' in C:\laragon\www\geofisikaDNP\profileWeb\system\Database\MySQLi\Connection.php:306
Stack trace:
#0 C:\laragon\www\geofisikaDNP\profileWeb\system\Database\MySQLi\Connection.php(306): mysqli->query('INSERT INTO gem...', 0)
#1 C:\laragon\www\geofisikaDNP\profileWeb\system\Database\BaseConnection.php(693): CodeIgniter\Database\MySQLi\Connection->execute('INSERT INTO gem...')
#2 C:\laragon\www\geofisikaDNP\profileWeb\system\Database\BaseConnection.php(607): CodeIgniter\Database\BaseConnection->simpleQuery('INSERT INTO gem...')
#3 C:\laragon\www\geofisikaDNP\profileWeb\app\Controllers\Web.php(157): CodeIgniter\Database\BaseConnection->query('INSERT INTO gem...')
#4 C:\laragon\www\geofisikaDNP\profileWeb\system\CodeIgniter.php(939): App\Controllers\Web->simpan2()
#5 C:\laragon\www\geofisikaDNP\profileWeb\system\CodeIgniter.php(502): CodeIgniter\CodeIgniter->runController(Object(App\Controllers\Web))
#6 C:\laragon\www\geofisikaDNP\profileWeb\system\CodeIgniter.php(361): CodeIgniter\CodeIgniter->handleRequest(NULL, Object(Config\Cache), false)
#7 C:\laragon\www\geofisikaDNP\profileWeb\public\index.php(79): CodeIgniter\CodeIgniter->run()
#8 {main}
CRITICAL - 2024-05-03 10:06:45 --> Unknown column 'id_shakemap' in 'field list'
in SYSTEMPATH\Database\BaseConnection.php on line 647.
 1 APPPATH\Controllers\Web.php(157): CodeIgniter\Database\BaseConnection->query('INSERT INTO gempaindodirasakan (id,infogempa,id_shakemap) VALUES (\'20240501100610\',\'Info Gempa Mag:4.2 SR, 01-Mei-24 10:06:10 WIB, Lok:7.20 LS,107.57 BT (Pusat gempa berada di darat 20 km Tenggara KAB-BANDUNG), Kedlmn:4 km :: Dirasakan: III Majalaya, III Cibereum, III Pangalengan, III Garut, II Soreang\',\'\')')
 2 SYSTEMPATH\CodeIgniter.php(939): App\Controllers\Web->simpan2()
 3 SYSTEMPATH\CodeIgniter.php(502): CodeIgniter\CodeIgniter->runController(Object(App\Controllers\Web))
 4 SYSTEMPATH\CodeIgniter.php(361): CodeIgniter\CodeIgniter->handleRequest(null, Object(Config\Cache), false)
 5 FCPATH\index.php(79): CodeIgniter\CodeIgniter->run()
ERROR - 2024-05-03 10:06:45 --> mysqli_sql_exception: Unknown column 'id_shakemap' in 'field list' in C:\laragon\www\geofisikaDNP\profileWeb\system\Database\MySQLi\Connection.php:306
Stack trace:
#0 C:\laragon\www\geofisikaDNP\profileWeb\system\Database\MySQLi\Connection.php(306): mysqli->query('INSERT INTO gem...', 0)
#1 C:\laragon\www\geofisikaDNP\profileWeb\system\Database\BaseConnection.php(693): CodeIgniter\Database\MySQLi\Connection->execute('INSERT INTO gem...')
#2 C:\laragon\www\geofisikaDNP\profileWeb\system\Database\BaseConnection.php(607): CodeIgniter\Database\BaseConnection->simpleQuery('INSERT INTO gem...')
#3 C:\laragon\www\geofisikaDNP\profileWeb\app\Controllers\Web.php(157): CodeIgniter\Database\BaseConnection->query('INSERT INTO gem...')
#4 C:\laragon\www\geofisikaDNP\profileWeb\system\CodeIgniter.php(939): App\Controllers\Web->simpan2()
#5 C:\laragon\www\geofisikaDNP\profileWeb\system\CodeIgniter.php(502): CodeIgniter\CodeIgniter->runController(Object(App\Controllers\Web))
#6 C:\laragon\www\geofisikaDNP\profileWeb\system\CodeIgniter.php(361): CodeIgniter\CodeIgniter->handleRequest(NULL, Object(Config\Cache), false)
#7 C:\laragon\www\geofisikaDNP\profileWeb\public\index.php(79): CodeIgniter\CodeIgniter->run()
#8 {main}
CRITICAL - 2024-05-03 10:06:45 --> Unknown column 'id_shakemap' in 'field list'
in SYSTEMPATH\Database\BaseConnection.php on line 647.
 1 APPPATH\Controllers\Web.php(157): CodeIgniter\Database\BaseConnection->query('INSERT INTO gempaindodirasakan (id,infogempa,id_shakemap) VALUES (\'20240501201149\',\'Info Gempa Mag:3.8 SR, 01-Mei-24 20:11:49 WIB, Lok:3.23 LS,135.65 BT (Pusat gempa berada di darat 22 km Timur Laut Nabire), Kedlmn:6 km :: Dirasakan: III-IV Nabire\',\'\')')
 2 SYSTEMPATH\CodeIgniter.php(939): App\Controllers\Web->simpan2()
 3 SYSTEMPATH\CodeIgniter.php(502): CodeIgniter\CodeIgniter->runController(Object(App\Controllers\Web))
 4 SYSTEMPATH\CodeIgniter.php(361): CodeIgniter\CodeIgniter->handleRequest(null, Object(Config\Cache), false)
 5 FCPATH\index.php(79): CodeIgniter\CodeIgniter->run()
ERROR - 2024-05-03 10:06:45 --> mysqli_sql_exception: Unknown column 'id_shakemap' in 'field list' in C:\laragon\www\geofisikaDNP\profileWeb\system\Database\MySQLi\Connection.php:306
Stack trace:
#0 C:\laragon\www\geofisikaDNP\profileWeb\system\Database\MySQLi\Connection.php(306): mysqli->query('INSERT INTO gem...', 0)
#1 C:\laragon\www\geofisikaDNP\profileWeb\system\Database\BaseConnection.php(693): CodeIgniter\Database\MySQLi\Connection->execute('INSERT INTO gem...')
#2 C:\laragon\www\geofisikaDNP\profileWeb\system\Database\BaseConnection.php(607): CodeIgniter\Database\BaseConnection->simpleQuery('INSERT INTO gem...')
#3 C:\laragon\www\geofisikaDNP\profileWeb\app\Controllers\Web.php(157): CodeIgniter\Database\BaseConnection->query('INSERT INTO gem...')
#4 C:\laragon\www\geofisikaDNP\profileWeb\system\CodeIgniter.php(939): App\Controllers\Web->simpan2()
#5 C:\laragon\www\geofisikaDNP\profileWeb\system\CodeIgniter.php(502): CodeIgniter\CodeIgniter->runController(Object(App\Controllers\Web))
#6 C:\laragon\www\geofisikaDNP\profileWeb\system\CodeIgniter.php(361): CodeIgniter\CodeIgniter->handleRequest(NULL, Object(Config\Cache), false)
#7 C:\laragon\www\geofisikaDNP\profileWeb\public\index.php(79): CodeIgniter\CodeIgniter->run()
#8 {main}
CRITICAL - 2024-05-03 10:06:45 --> Unknown column 'id_shakemap' in 'field list'
in SYSTEMPATH\Database\BaseConnection.php on line 647.
 1 APPPATH\Controllers\Web.php(157): CodeIgniter\Database\BaseConnection->query('INSERT INTO gempaindodirasakan (id,infogempa,id_shakemap) VALUES (\'20240501203501\',\'Info Gempa Mag:4.0 SR, 01-Mei-24 20:35:01 WIB, Lok:7.82 LS,107.26 BT (Pusat gempa berada dilaut 93 km BaratDaya KAB-BANDUNG), Kedlmn:24 km :: Dirasakan: III Cidora, III Pamengpeuk, III Cisewu, III Bungbulang, III Singaparna, III Talegong, II Cikajang, II Pamulihan\',\'\')')
 2 SYSTEMPATH\CodeIgniter.php(939): App\Controllers\Web->simpan2()
 3 SYSTEMPATH\CodeIgniter.php(502): CodeIgniter\CodeIgniter->runController(Object(App\Controllers\Web))
 4 SYSTEMPATH\CodeIgniter.php(361): CodeIgniter\CodeIgniter->handleRequest(null, Object(Config\Cache), false)
 5 FCPATH\index.php(79): CodeIgniter\CodeIgniter->run()
ERROR - 2024-05-03 10:06:45 --> mysqli_sql_exception: Unknown column 'id_shakemap' in 'field list' in C:\laragon\www\geofisikaDNP\profileWeb\system\Database\MySQLi\Connection.php:306
Stack trace:
#0 C:\laragon\www\geofisikaDNP\profileWeb\system\Database\MySQLi\Connection.php(306): mysqli->query('INSERT INTO gem...', 0)
#1 C:\laragon\www\geofisikaDNP\profileWeb\system\Database\BaseConnection.php(693): CodeIgniter\Database\MySQLi\Connection->execute('INSERT INTO gem...')
#2 C:\laragon\www\geofisikaDNP\profileWeb\system\Database\BaseConnection.php(607): CodeIgniter\Database\BaseConnection->simpleQuery('INSERT INTO gem...')
#3 C:\laragon\www\geofisikaDNP\profileWeb\app\Controllers\Web.php(157): CodeIgniter\Database\BaseConnection->query('INSERT INTO gem...')
#4 C:\laragon\www\geofisikaDNP\profileWeb\system\CodeIgniter.php(939): App\Controllers\Web->simpan2()
#5 C:\laragon\www\geofisikaDNP\profileWeb\system\CodeIgniter.php(502): CodeIgniter\CodeIgniter->runController(Object(App\Controllers\Web))
#6 C:\laragon\www\geofisikaDNP\profileWeb\system\CodeIgniter.php(361): CodeIgniter\CodeIgniter->handleRequest(NULL, Object(Config\Cache), false)
#7 C:\laragon\www\geofisikaDNP\profileWeb\public\index.php(79): CodeIgniter\CodeIgniter->run()
#8 {main}
CRITICAL - 2024-05-03 10:06:45 --> Unknown column 'id_shakemap' in 'field list'
in SYSTEMPATH\Database\BaseConnection.php on line 647.
 1 APPPATH\Controllers\Web.php(157): CodeIgniter\Database\BaseConnection->query('INSERT INTO gempaindodirasakan (id,infogempa,id_shakemap) VALUES (\'20240502180313\',\'Info Gempa Mag:4.6 SR, 02-Mei-24 18:03:13 WIB, Lok:5.78 LS,112.33 BT (Pusat gempa berada di laut 128 km TimurLaut Tuban), Kedlmn:4 km :: Dirasakan: II - III Bawean\',\'\')')
 2 SYSTEMPATH\CodeIgniter.php(939): App\Controllers\Web->simpan2()
 3 SYSTEMPATH\CodeIgniter.php(502): CodeIgniter\CodeIgniter->runController(Object(App\Controllers\Web))
 4 SYSTEMPATH\CodeIgniter.php(361): CodeIgniter\CodeIgniter->handleRequest(null, Object(Config\Cache), false)
 5 FCPATH\index.php(79): CodeIgniter\CodeIgniter->run()
ERROR - 2024-05-03 10:06:46 --> mysqli_sql_exception: Unknown column 'id_shakemap' in 'field list' in C:\laragon\www\geofisikaDNP\profileWeb\system\Database\MySQLi\Connection.php:306
Stack trace:
#0 C:\laragon\www\geofisikaDNP\profileWeb\system\Database\MySQLi\Connection.php(306): mysqli->query('INSERT INTO gem...', 0)
#1 C:\laragon\www\geofisikaDNP\profileWeb\system\Database\BaseConnection.php(693): CodeIgniter\Database\MySQLi\Connection->execute('INSERT INTO gem...')
#2 C:\laragon\www\geofisikaDNP\profileWeb\system\Database\BaseConnection.php(607): CodeIgniter\Database\BaseConnection->simpleQuery('INSERT INTO gem...')
#3 C:\laragon\www\geofisikaDNP\profileWeb\app\Controllers\Web.php(157): CodeIgniter\Database\BaseConnection->query('INSERT INTO gem...')
#4 C:\laragon\www\geofisikaDNP\profileWeb\system\CodeIgniter.php(939): App\Controllers\Web->simpan2()
#5 C:\laragon\www\geofisikaDNP\profileWeb\system\CodeIgniter.php(502): CodeIgniter\CodeIgniter->runController(Object(App\Controllers\Web))
#6 C:\laragon\www\geofisikaDNP\profileWeb\system\CodeIgniter.php(361): CodeIgniter\CodeIgniter->handleRequest(NULL, Object(Config\Cache), false)
#7 C:\laragon\www\geofisikaDNP\profileWeb\public\index.php(79): CodeIgniter\CodeIgniter->run()
#8 {main}
CRITICAL - 2024-05-03 10:06:46 --> Unknown column 'id_shakemap' in 'field list'
in SYSTEMPATH\Database\BaseConnection.php on line 647.
 1 APPPATH\Controllers\Web.php(157): CodeIgniter\Database\BaseConnection->query('INSERT INTO gempaindodirasakan (id,infogempa,id_shakemap) VALUES (\'20240502185906\',\'Info Gempa Mag:4.9 SR, 02-Mei-24 18:59:06 WIB, Lok:2.82 LS,126.66 BT (Pusat gempa berada di laut 41 km timur laut Air Buaya - Buru), Kedlmn:10 km :: Dirasakan: II Namlea\',\'\')')
 2 SYSTEMPATH\CodeIgniter.php(939): App\Controllers\Web->simpan2()
 3 SYSTEMPATH\CodeIgniter.php(502): CodeIgniter\CodeIgniter->runController(Object(App\Controllers\Web))
 4 SYSTEMPATH\CodeIgniter.php(361): CodeIgniter\CodeIgniter->handleRequest(null, Object(Config\Cache), false)
 5 FCPATH\index.php(79): CodeIgniter\CodeIgniter->run()
ERROR - 2024-05-03 10:06:46 --> mysqli_sql_exception: Unknown column 'id_shakemap' in 'field list' in C:\laragon\www\geofisikaDNP\profileWeb\system\Database\MySQLi\Connection.php:306
Stack trace:
#0 C:\laragon\www\geofisikaDNP\profileWeb\system\Database\MySQLi\Connection.php(306): mysqli->query('INSERT INTO gem...', 0)
#1 C:\laragon\www\geofisikaDNP\profileWeb\system\Database\BaseConnection.php(693): CodeIgniter\Database\MySQLi\Connection->execute('INSERT INTO gem...')
#2 C:\laragon\www\geofisikaDNP\profileWeb\system\Database\BaseConnection.php(607): CodeIgniter\Database\BaseConnection->simpleQuery('INSERT INTO gem...')
#3 C:\laragon\www\geofisikaDNP\profileWeb\app\Controllers\Web.php(157): CodeIgniter\Database\BaseConnection->query('INSERT INTO gem...')
#4 C:\laragon\www\geofisikaDNP\profileWeb\system\CodeIgniter.php(939): App\Controllers\Web->simpan2()
#5 C:\laragon\www\geofisikaDNP\profileWeb\system\CodeIgniter.php(502): CodeIgniter\CodeIgniter->runController(Object(App\Controllers\Web))
#6 C:\laragon\www\geofisikaDNP\profileWeb\system\CodeIgniter.php(361): CodeIgniter\CodeIgniter->handleRequest(NULL, Object(Config\Cache), false)
#7 C:\laragon\www\geofisikaDNP\profileWeb\public\index.php(79): CodeIgniter\CodeIgniter->run()
#8 {main}
CRITICAL - 2024-05-03 10:06:46 --> Unknown column 'id_shakemap' in 'field list'
in SYSTEMPATH\Database\BaseConnection.php on line 647.
 1 APPPATH\Controllers\Web.php(157): CodeIgniter\Database\BaseConnection->query('INSERT INTO gempaindodirasakan (id,infogempa,id_shakemap) VALUES (\'20240503164859\',\'Info Gempa Mag:2.9 SR, 03-Mei-24 16:48:59 WIB, Lok:4.00 LS,122.63 BT (Pusat gempa berada di darat 3.9 km Barat Laut Moramo Utara, kab. Konawe Selatan), Kedlmn:5 km :: Dirasakan: III Kendari\',\'\')')
 2 SYSTEMPATH\CodeIgniter.php(939): App\Controllers\Web->simpan2()
 3 SYSTEMPATH\CodeIgniter.php(502): CodeIgniter\CodeIgniter->runController(Object(App\Controllers\Web))
 4 SYSTEMPATH\CodeIgniter.php(361): CodeIgniter\CodeIgniter->handleRequest(null, Object(Config\Cache), false)
 5 FCPATH\index.php(79): CodeIgniter\CodeIgniter->run()
ERROR - 2024-05-03 10:36:43 --> mysqli_sql_exception: Unknown column 'id_shakemap' in 'field list' in C:\laragon\www\geofisikaDNP\profileWeb\system\Database\MySQLi\Connection.php:306
Stack trace:
#0 C:\laragon\www\geofisikaDNP\profileWeb\system\Database\MySQLi\Connection.php(306): mysqli->query('INSERT INTO gem...', 0)
#1 C:\laragon\www\geofisikaDNP\profileWeb\system\Database\BaseConnection.php(693): CodeIgniter\Database\MySQLi\Connection->execute('INSERT INTO gem...')
#2 C:\laragon\www\geofisikaDNP\profileWeb\system\Database\BaseConnection.php(607): CodeIgniter\Database\BaseConnection->simpleQuery('INSERT INTO gem...')
#3 C:\laragon\www\geofisikaDNP\profileWeb\app\Controllers\Web.php(157): CodeIgniter\Database\BaseConnection->query('INSERT INTO gem...')
#4 C:\laragon\www\geofisikaDNP\profileWeb\system\CodeIgniter.php(939): App\Controllers\Web->simpan2()
#5 C:\laragon\www\geofisikaDNP\profileWeb\system\CodeIgniter.php(502): CodeIgniter\CodeIgniter->runController(Object(App\Controllers\Web))
#6 C:\laragon\www\geofisikaDNP\profileWeb\system\CodeIgniter.php(361): CodeIgniter\CodeIgniter->handleRequest(NULL, Object(Config\Cache), false)
#7 C:\laragon\www\geofisikaDNP\profileWeb\public\index.php(79): CodeIgniter\CodeIgniter->run()
#8 {main}
CRITICAL - 2024-05-03 10:36:43 --> Unknown column 'id_shakemap' in 'field list'
in SYSTEMPATH\Database\BaseConnection.php on line 647.
 1 APPPATH\Controllers\Web.php(157): CodeIgniter\Database\BaseConnection->query('INSERT INTO gempapgr3 (id,infogempa,id_shakemap) VALUES (\'20240503173008\',\'Info Gempa Mag:2.6 SR, 03-May-24 17:30:08 WIB, Lok:9.29 LS,118.90 BT (33 km BaratLaut TAMBOLAKA-NTT), Kedlmn:57 Km ::BMKG-KHK\',\'\')')
 2 SYSTEMPATH\CodeIgniter.php(939): App\Controllers\Web->simpan2()
 3 SYSTEMPATH\CodeIgniter.php(502): CodeIgniter\CodeIgniter->runController(Object(App\Controllers\Web))
 4 SYSTEMPATH\CodeIgniter.php(361): CodeIgniter\CodeIgniter->handleRequest(null, Object(Config\Cache), false)
 5 FCPATH\index.php(79): CodeIgniter\CodeIgniter->run()
ERROR - 2024-05-03 11:52:42 --> mysqli_sql_exception: Unknown column 'id_shakemap' in 'field list' in C:\laragon\www\geofisikaDNP\profileWeb\system\Database\MySQLi\Connection.php:306
Stack trace:
#0 C:\laragon\www\geofisikaDNP\profileWeb\system\Database\MySQLi\Connection.php(306): mysqli->query('INSERT INTO gem...', 0)
#1 C:\laragon\www\geofisikaDNP\profileWeb\system\Database\BaseConnection.php(693): CodeIgniter\Database\MySQLi\Connection->execute('INSERT INTO gem...')
#2 C:\laragon\www\geofisikaDNP\profileWeb\system\Database\BaseConnection.php(607): CodeIgniter\Database\BaseConnection->simpleQuery('INSERT INTO gem...')
#3 C:\laragon\www\geofisikaDNP\profileWeb\app\Controllers\Web.php(157): CodeIgniter\Database\BaseConnection->query('INSERT INTO gem...')
#4 C:\laragon\www\geofisikaDNP\profileWeb\system\CodeIgniter.php(939): App\Controllers\Web->simpan2()
#5 C:\laragon\www\geofisikaDNP\profileWeb\system\CodeIgniter.php(502): CodeIgniter\CodeIgniter->runController(Object(App\Controllers\Web))
#6 C:\laragon\www\geofisikaDNP\profileWeb\system\CodeIgniter.php(361): CodeIgniter\CodeIgniter->handleRequest(NULL, Object(Config\Cache), false)
#7 C:\laragon\www\geofisikaDNP\profileWeb\public\index.php(79): CodeIgniter\CodeIgniter->run()
#8 {main}
CRITICAL - 2024-05-03 11:52:42 --> Unknown column 'id_shakemap' in 'field list'
in SYSTEMPATH\Database\BaseConnection.php on line 647.
 1 APPPATH\Controllers\Web.php(157): CodeIgniter\Database\BaseConnection->query('INSERT INTO gempapgr3 (id,infogempa,id_shakemap) VALUES (\'20240503184602\',\'Info Gempa Mag:2.8 SR, 03-Mei-24 18:46:02 WIB, Lok:7.83 LS,117.41 BT (73 km BaratLaut SUMBAWA-NTB), Kedlmn:15 Km ::BMKG-PGR III\',\'\')')
 2 SYSTEMPATH\CodeIgniter.php(939): App\Controllers\Web->simpan2()
 3 SYSTEMPATH\CodeIgniter.php(502): CodeIgniter\CodeIgniter->runController(Object(App\Controllers\Web))
 4 SYSTEMPATH\CodeIgniter.php(361): CodeIgniter\CodeIgniter->handleRequest(null, Object(Config\Cache), false)
 5 FCPATH\index.php(79): CodeIgniter\CodeIgniter->run()
ERROR - 2024-05-03 13:29:43 --> mysqli_sql_exception: Unknown column 'id_shakemap' in 'field list' in C:\laragon\www\geofisikaDNP\profileWeb\system\Database\MySQLi\Connection.php:306
Stack trace:
#0 C:\laragon\www\geofisikaDNP\profileWeb\system\Database\MySQLi\Connection.php(306): mysqli->query('INSERT INTO gem...', 0)
#1 C:\laragon\www\geofisikaDNP\profileWeb\system\Database\BaseConnection.php(693): CodeIgniter\Database\MySQLi\Connection->execute('INSERT INTO gem...')
#2 C:\laragon\www\geofisikaDNP\profileWeb\system\Database\BaseConnection.php(607): CodeIgniter\Database\BaseConnection->simpleQuery('INSERT INTO gem...')
#3 C:\laragon\www\geofisikaDNP\profileWeb\app\Controllers\Web.php(157): CodeIgniter\Database\BaseConnection->query('INSERT INTO gem...')
#4 C:\laragon\www\geofisikaDNP\profileWeb\system\CodeIgniter.php(939): App\Controllers\Web->simpan2()
#5 C:\laragon\www\geofisikaDNP\profileWeb\system\CodeIgniter.php(502): CodeIgniter\CodeIgniter->runController(Object(App\Controllers\Web))
#6 C:\laragon\www\geofisikaDNP\profileWeb\system\CodeIgniter.php(361): CodeIgniter\CodeIgniter->handleRequest(NULL, Object(Config\Cache), false)
#7 C:\laragon\www\geofisikaDNP\profileWeb\public\index.php(79): CodeIgniter\CodeIgniter->run()
#8 {main}
CRITICAL - 2024-05-03 13:29:43 --> Unknown column 'id_shakemap' in 'field list'
in SYSTEMPATH\Database\BaseConnection.php on line 647.
 1 APPPATH\Controllers\Web.php(157): CodeIgniter\Database\BaseConnection->query('INSERT INTO gempapgr3 (id,infogempa,id_shakemap) VALUES (\'20240503202220\',\'Info Gempa Mag:1.9 SR, 03-Mei-24 20:22:20 WIB, Lok:8.46 LS,120.82 BT (39 km TimurLaut BORONG-NTT), Kedlmn:13 Km ::BMKG-PGR III\',\'\')')
 2 SYSTEMPATH\CodeIgniter.php(939): App\Controllers\Web->simpan2()
 3 SYSTEMPATH\CodeIgniter.php(502): CodeIgniter\CodeIgniter->runController(Object(App\Controllers\Web))
 4 SYSTEMPATH\CodeIgniter.php(361): CodeIgniter\CodeIgniter->handleRequest(null, Object(Config\Cache), false)
 5 FCPATH\index.php(79): CodeIgniter\CodeIgniter->run()
ERROR - 2024-05-03 13:50:42 --> mysqli_sql_exception: Unknown column 'id_shakemap' in 'field list' in C:\laragon\www\geofisikaDNP\profileWeb\system\Database\MySQLi\Connection.php:306
Stack trace:
#0 C:\laragon\www\geofisikaDNP\profileWeb\system\Database\MySQLi\Connection.php(306): mysqli->query('INSERT INTO gem...', 0)
#1 C:\laragon\www\geofisikaDNP\profileWeb\system\Database\BaseConnection.php(693): CodeIgniter\Database\MySQLi\Connection->execute('INSERT INTO gem...')
#2 C:\laragon\www\geofisikaDNP\profileWeb\system\Database\BaseConnection.php(607): CodeIgniter\Database\BaseConnection->simpleQuery('INSERT INTO gem...')
#3 C:\laragon\www\geofisikaDNP\profileWeb\app\Controllers\Web.php(157): CodeIgniter\Database\BaseConnection->query('INSERT INTO gem...')
#4 C:\laragon\www\geofisikaDNP\profileWeb\system\CodeIgniter.php(939): App\Controllers\Web->simpan2()
#5 C:\laragon\www\geofisikaDNP\profileWeb\system\CodeIgniter.php(502): CodeIgniter\CodeIgniter->runController(Object(App\Controllers\Web))
#6 C:\laragon\www\geofisikaDNP\profileWeb\system\CodeIgniter.php(361): CodeIgniter\CodeIgniter->handleRequest(NULL, Object(Config\Cache), false)
#7 C:\laragon\www\geofisikaDNP\profileWeb\public\index.php(79): CodeIgniter\CodeIgniter->run()
#8 {main}
CRITICAL - 2024-05-03 13:50:42 --> Unknown column 'id_shakemap' in 'field list'
in SYSTEMPATH\Database\BaseConnection.php on line 647.
 1 APPPATH\Controllers\Web.php(157): CodeIgniter\Database\BaseConnection->query('INSERT INTO gempapgr3 (id,infogempa,id_shakemap) VALUES (\'20240503204322\',\'Info Gempa Mag:3.1 SR, 03-May-24 20:43:22 WIB, Lok:9.29 LS,115.82 BT (76 km BaratDaya LOMBOKBARAT-NTB), Kedlmn:43 Km ::BMKG-DNP\',\'\')')
 2 SYSTEMPATH\CodeIgniter.php(939): App\Controllers\Web->simpan2()
 3 SYSTEMPATH\CodeIgniter.php(502): CodeIgniter\CodeIgniter->runController(Object(App\Controllers\Web))
 4 SYSTEMPATH\CodeIgniter.php(361): CodeIgniter\CodeIgniter->handleRequest(null, Object(Config\Cache), false)
 5 FCPATH\index.php(79): CodeIgniter\CodeIgniter->run()
ERROR - 2024-05-03 14:31:43 --> mysqli_sql_exception: Unknown column 'id_shakemap' in 'field list' in C:\laragon\www\geofisikaDNP\profileWeb\system\Database\MySQLi\Connection.php:306
Stack trace:
#0 C:\laragon\www\geofisikaDNP\profileWeb\system\Database\MySQLi\Connection.php(306): mysqli->query('INSERT INTO gem...', 0)
#1 C:\laragon\www\geofisikaDNP\profileWeb\system\Database\BaseConnection.php(693): CodeIgniter\Database\MySQLi\Connection->execute('INSERT INTO gem...')
#2 C:\laragon\www\geofisikaDNP\profileWeb\system\Database\BaseConnection.php(607): CodeIgniter\Database\BaseConnection->simpleQuery('INSERT INTO gem...')
#3 C:\laragon\www\geofisikaDNP\profileWeb\app\Controllers\Web.php(157): CodeIgniter\Database\BaseConnection->query('INSERT INTO gem...')
#4 C:\laragon\www\geofisikaDNP\profileWeb\system\CodeIgniter.php(939): App\Controllers\Web->simpan2()
#5 C:\laragon\www\geofisikaDNP\profileWeb\system\CodeIgniter.php(502): CodeIgniter\CodeIgniter->runController(Object(App\Controllers\Web))
#6 C:\laragon\www\geofisikaDNP\profileWeb\system\CodeIgniter.php(361): CodeIgniter\CodeIgniter->handleRequest(NULL, Object(Config\Cache), false)
#7 C:\laragon\www\geofisikaDNP\profileWeb\public\index.php(79): CodeIgniter\CodeIgniter->run()
#8 {main}
CRITICAL - 2024-05-03 14:31:43 --> Unknown column 'id_shakemap' in 'field list'
in SYSTEMPATH\Database\BaseConnection.php on line 647.
 1 APPPATH\Controllers\Web.php(157): CodeIgniter\Database\BaseConnection->query('INSERT INTO gempapgr3 (id,infogempa,id_shakemap) VALUES (\'20240503212524\',\'Info Gempa Mag:2.7 SR, 03-May-24 21:25:24 WIB, Lok:8.96 LS,118.49 BT (47 km Tenggara DOMPU-NTB), Kedlmn:10 Km ::BMKG-KHK\',\'\')')
 2 SYSTEMPATH\CodeIgniter.php(939): App\Controllers\Web->simpan2()
 3 SYSTEMPATH\CodeIgniter.php(502): CodeIgniter\CodeIgniter->runController(Object(App\Controllers\Web))
 4 SYSTEMPATH\CodeIgniter.php(361): CodeIgniter\CodeIgniter->handleRequest(null, Object(Config\Cache), false)
 5 FCPATH\index.php(79): CodeIgniter\CodeIgniter->run()
ERROR - 2024-05-03 15:00:43 --> mysqli_sql_exception: Unknown column 'id_shakemap' in 'field list' in C:\laragon\www\geofisikaDNP\profileWeb\system\Database\MySQLi\Connection.php:306
Stack trace:
#0 C:\laragon\www\geofisikaDNP\profileWeb\system\Database\MySQLi\Connection.php(306): mysqli->query('INSERT INTO gem...', 0)
#1 C:\laragon\www\geofisikaDNP\profileWeb\system\Database\BaseConnection.php(693): CodeIgniter\Database\MySQLi\Connection->execute('INSERT INTO gem...')
#2 C:\laragon\www\geofisikaDNP\profileWeb\system\Database\BaseConnection.php(607): CodeIgniter\Database\BaseConnection->simpleQuery('INSERT INTO gem...')
#3 C:\laragon\www\geofisikaDNP\profileWeb\app\Controllers\Web.php(157): CodeIgniter\Database\BaseConnection->query('INSERT INTO gem...')
#4 C:\laragon\www\geofisikaDNP\profileWeb\system\CodeIgniter.php(939): App\Controllers\Web->simpan2()
#5 C:\laragon\www\geofisikaDNP\profileWeb\system\CodeIgniter.php(502): CodeIgniter\CodeIgniter->runController(Object(App\Controllers\Web))
#6 C:\laragon\www\geofisikaDNP\profileWeb\system\CodeIgniter.php(361): CodeIgniter\CodeIgniter->handleRequest(NULL, Object(Config\Cache), false)
#7 C:\laragon\www\geofisikaDNP\profileWeb\public\index.php(79): CodeIgniter\CodeIgniter->run()
#8 {main}
CRITICAL - 2024-05-03 15:00:43 --> Unknown column 'id_shakemap' in 'field list'
in SYSTEMPATH\Database\BaseConnection.php on line 647.
 1 APPPATH\Controllers\Web.php(157): CodeIgniter\Database\BaseConnection->query('INSERT INTO gempapgr3 (id,infogempa,id_shakemap) VALUES (\'20240503215302\',\'Info Gempa Mag:2.0 SR, 03-Mei-24 21:53:02 WIB, Lok:8.58 LS,120.41 BT (6 km BaratLaut RUTENG-MANGGARAI-NTT), Kedlmn:12 Km ::BMKG-PGR III\',\'\')')
 2 SYSTEMPATH\CodeIgniter.php(939): App\Controllers\Web->simpan2()
 3 SYSTEMPATH\CodeIgniter.php(502): CodeIgniter\CodeIgniter->runController(Object(App\Controllers\Web))
 4 SYSTEMPATH\CodeIgniter.php(361): CodeIgniter\CodeIgniter->handleRequest(null, Object(Config\Cache), false)
 5 FCPATH\index.php(79): CodeIgniter\CodeIgniter->run()
ERROR - 2024-05-03 15:16:43 --> mysqli_sql_exception: Unknown column 'id_shakemap' in 'field list' in C:\laragon\www\geofisikaDNP\profileWeb\system\Database\MySQLi\Connection.php:306
Stack trace:
#0 C:\laragon\www\geofisikaDNP\profileWeb\system\Database\MySQLi\Connection.php(306): mysqli->query('INSERT INTO gem...', 0)
#1 C:\laragon\www\geofisikaDNP\profileWeb\system\Database\BaseConnection.php(693): CodeIgniter\Database\MySQLi\Connection->execute('INSERT INTO gem...')
#2 C:\laragon\www\geofisikaDNP\profileWeb\system\Database\BaseConnection.php(607): CodeIgniter\Database\BaseConnection->simpleQuery('INSERT INTO gem...')
#3 C:\laragon\www\geofisikaDNP\profileWeb\app\Controllers\Web.php(157): CodeIgniter\Database\BaseConnection->query('INSERT INTO gem...')
#4 C:\laragon\www\geofisikaDNP\profileWeb\system\CodeIgniter.php(939): App\Controllers\Web->simpan2()
#5 C:\laragon\www\geofisikaDNP\profileWeb\system\CodeIgniter.php(502): CodeIgniter\CodeIgniter->runController(Object(App\Controllers\Web))
#6 C:\laragon\www\geofisikaDNP\profileWeb\system\CodeIgniter.php(361): CodeIgniter\CodeIgniter->handleRequest(NULL, Object(Config\Cache), false)
#7 C:\laragon\www\geofisikaDNP\profileWeb\public\index.php(79): CodeIgniter\CodeIgniter->run()
#8 {main}
CRITICAL - 2024-05-03 15:16:43 --> Unknown column 'id_shakemap' in 'field list'
in SYSTEMPATH\Database\BaseConnection.php on line 647.
 1 APPPATH\Controllers\Web.php(157): CodeIgniter\Database\BaseConnection->query('INSERT INTO gempapgr3 (id,infogempa,id_shakemap) VALUES (\'20240503220942\',\'Info Gempa Mag:2.5 SR, 03-May-24 22:09:42 WIB, Lok:8.97 LS,118.51 BT (48 km Tenggara DOMPU-NTB), Kedlmn:10 Km ::BMKG-KHK\',\'\')')
 2 SYSTEMPATH\CodeIgniter.php(939): App\Controllers\Web->simpan2()
 3 SYSTEMPATH\CodeIgniter.php(502): CodeIgniter\CodeIgniter->runController(Object(App\Controllers\Web))
 4 SYSTEMPATH\CodeIgniter.php(361): CodeIgniter\CodeIgniter->handleRequest(null, Object(Config\Cache), false)
 5 FCPATH\index.php(79): CodeIgniter\CodeIgniter->run()
ERROR - 2024-05-03 15:22:44 --> mysqli_sql_exception: Unknown column 'id_shakemap' in 'field list' in C:\laragon\www\geofisikaDNP\profileWeb\system\Database\MySQLi\Connection.php:306
Stack trace:
#0 C:\laragon\www\geofisikaDNP\profileWeb\system\Database\MySQLi\Connection.php(306): mysqli->query('INSERT INTO gem...', 0)
#1 C:\laragon\www\geofisikaDNP\profileWeb\system\Database\BaseConnection.php(693): CodeIgniter\Database\MySQLi\Connection->execute('INSERT INTO gem...')
#2 C:\laragon\www\geofisikaDNP\profileWeb\system\Database\BaseConnection.php(607): CodeIgniter\Database\BaseConnection->simpleQuery('INSERT INTO gem...')
#3 C:\laragon\www\geofisikaDNP\profileWeb\app\Controllers\Web.php(157): CodeIgniter\Database\BaseConnection->query('INSERT INTO gem...')
#4 C:\laragon\www\geofisikaDNP\profileWeb\system\CodeIgniter.php(939): App\Controllers\Web->simpan2()
#5 C:\laragon\www\geofisikaDNP\profileWeb\system\CodeIgniter.php(502): CodeIgniter\CodeIgniter->runController(Object(App\Controllers\Web))
#6 C:\laragon\www\geofisikaDNP\profileWeb\system\CodeIgniter.php(361): CodeIgniter\CodeIgniter->handleRequest(NULL, Object(Config\Cache), false)
#7 C:\laragon\www\geofisikaDNP\profileWeb\public\index.php(79): CodeIgniter\CodeIgniter->run()
#8 {main}
CRITICAL - 2024-05-03 15:22:44 --> Unknown column 'id_shakemap' in 'field list'
in SYSTEMPATH\Database\BaseConnection.php on line 647.
 1 APPPATH\Controllers\Web.php(157): CodeIgniter\Database\BaseConnection->query('INSERT INTO gempapgr3 (id,infogempa,id_shakemap) VALUES (\'20240503221559\',\'Info Gempa Mag:1.9 SR, 03-May-24 22:15:59 WIB, Lok:8.07 LS,120.43 BT (60 km BaratLaut RUTENG-MANGGARAI-NTT), Kedlmn:10 Km ::BMKG-KHK\',\'\')')
 2 SYSTEMPATH\CodeIgniter.php(939): App\Controllers\Web->simpan2()
 3 SYSTEMPATH\CodeIgniter.php(502): CodeIgniter\CodeIgniter->runController(Object(App\Controllers\Web))
 4 SYSTEMPATH\CodeIgniter.php(361): CodeIgniter\CodeIgniter->handleRequest(null, Object(Config\Cache), false)
 5 FCPATH\index.php(79): CodeIgniter\CodeIgniter->run()
ERROR - 2024-05-03 16:02:43 --> mysqli_sql_exception: Unknown column 'id_shakemap' in 'field list' in C:\laragon\www\geofisikaDNP\profileWeb\system\Database\MySQLi\Connection.php:306
Stack trace:
#0 C:\laragon\www\geofisikaDNP\profileWeb\system\Database\MySQLi\Connection.php(306): mysqli->query('INSERT INTO gem...', 0)
#1 C:\laragon\www\geofisikaDNP\profileWeb\system\Database\BaseConnection.php(693): CodeIgniter\Database\MySQLi\Connection->execute('INSERT INTO gem...')
#2 C:\laragon\www\geofisikaDNP\profileWeb\system\Database\BaseConnection.php(607): CodeIgniter\Database\BaseConnection->simpleQuery('INSERT INTO gem...')
#3 C:\laragon\www\geofisikaDNP\profileWeb\app\Controllers\Web.php(157): CodeIgniter\Database\BaseConnection->query('INSERT INTO gem...')
#4 C:\laragon\www\geofisikaDNP\profileWeb\system\CodeIgniter.php(939): App\Controllers\Web->simpan2()
#5 C:\laragon\www\geofisikaDNP\profileWeb\system\CodeIgniter.php(502): CodeIgniter\CodeIgniter->runController(Object(App\Controllers\Web))
#6 C:\laragon\www\geofisikaDNP\profileWeb\system\CodeIgniter.php(361): CodeIgniter\CodeIgniter->handleRequest(NULL, Object(Config\Cache), false)
#7 C:\laragon\www\geofisikaDNP\profileWeb\public\index.php(79): CodeIgniter\CodeIgniter->run()
#8 {main}
CRITICAL - 2024-05-03 16:02:43 --> Unknown column 'id_shakemap' in 'field list'
in SYSTEMPATH\Database\BaseConnection.php on line 647.
 1 APPPATH\Controllers\Web.php(157): CodeIgniter\Database\BaseConnection->query('INSERT INTO gempapgr3 (id,infogempa,id_shakemap) VALUES (\'20240503225533\',\'Info Gempa Mag:2.1 SR, 03-Mei-24 22:55:33 WIB, Lok:8.63 LS,116.24 BT (9 km BaratLaut LOMBOKTENGAH-NTB), Kedlmn:95 Km ::BMKG-PGR III\',\'\')')
 2 SYSTEMPATH\CodeIgniter.php(939): App\Controllers\Web->simpan2()
 3 SYSTEMPATH\CodeIgniter.php(502): CodeIgniter\CodeIgniter->runController(Object(App\Controllers\Web))
 4 SYSTEMPATH\CodeIgniter.php(361): CodeIgniter\CodeIgniter->handleRequest(null, Object(Config\Cache), false)
 5 FCPATH\index.php(79): CodeIgniter\CodeIgniter->run()
ERROR - 2024-05-03 16:39:44 --> mysqli_sql_exception: Unknown column 'id_shakemap' in 'field list' in C:\laragon\www\geofisikaDNP\profileWeb\system\Database\MySQLi\Connection.php:306
Stack trace:
#0 C:\laragon\www\geofisikaDNP\profileWeb\system\Database\MySQLi\Connection.php(306): mysqli->query('INSERT INTO gem...', 0)
#1 C:\laragon\www\geofisikaDNP\profileWeb\system\Database\BaseConnection.php(693): CodeIgniter\Database\MySQLi\Connection->execute('INSERT INTO gem...')
#2 C:\laragon\www\geofisikaDNP\profileWeb\system\Database\BaseConnection.php(607): CodeIgniter\Database\BaseConnection->simpleQuery('INSERT INTO gem...')
#3 C:\laragon\www\geofisikaDNP\profileWeb\app\Controllers\Web.php(157): CodeIgniter\Database\BaseConnection->query('INSERT INTO gem...')
#4 C:\laragon\www\geofisikaDNP\profileWeb\system\CodeIgniter.php(939): App\Controllers\Web->simpan2()
#5 C:\laragon\www\geofisikaDNP\profileWeb\system\CodeIgniter.php(502): CodeIgniter\CodeIgniter->runController(Object(App\Controllers\Web))
#6 C:\laragon\www\geofisikaDNP\profileWeb\system\CodeIgniter.php(361): CodeIgniter\CodeIgniter->handleRequest(NULL, Object(Config\Cache), false)
#7 C:\laragon\www\geofisikaDNP\profileWeb\public\index.php(79): CodeIgniter\CodeIgniter->run()
#8 {main}
CRITICAL - 2024-05-03 16:39:44 --> Unknown column 'id_shakemap' in 'field list'
in SYSTEMPATH\Database\BaseConnection.php on line 647.
 1 APPPATH\Controllers\Web.php(157): CodeIgniter\Database\BaseConnection->query('INSERT INTO gempapgr3 (id,infogempa,id_shakemap) VALUES (\'20240503233136\',\'Info Gempa Mag:2.6 SR, 03-May-24 23:31:36 WIB, Lok:8.54 LS,116.62 BT (15 km TimurLaut LOMBOKTIMUR-NTB), Kedlmn:283 Km ::BMKG-KHK\',\'\')')
 2 SYSTEMPATH\CodeIgniter.php(939): App\Controllers\Web->simpan2()
 3 SYSTEMPATH\CodeIgniter.php(502): CodeIgniter\CodeIgniter->runController(Object(App\Controllers\Web))
 4 SYSTEMPATH\CodeIgniter.php(361): CodeIgniter\CodeIgniter->handleRequest(null, Object(Config\Cache), false)
 5 FCPATH\index.php(79): CodeIgniter\CodeIgniter->run()
ERROR - 2024-05-03 17:10:43 --> mysqli_sql_exception: Unknown column 'id_shakemap' in 'field list' in C:\laragon\www\geofisikaDNP\profileWeb\system\Database\MySQLi\Connection.php:306
Stack trace:
#0 C:\laragon\www\geofisikaDNP\profileWeb\system\Database\MySQLi\Connection.php(306): mysqli->query('INSERT INTO gem...', 0)
#1 C:\laragon\www\geofisikaDNP\profileWeb\system\Database\BaseConnection.php(693): CodeIgniter\Database\MySQLi\Connection->execute('INSERT INTO gem...')
#2 C:\laragon\www\geofisikaDNP\profileWeb\system\Database\BaseConnection.php(607): CodeIgniter\Database\BaseConnection->simpleQuery('INSERT INTO gem...')
#3 C:\laragon\www\geofisikaDNP\profileWeb\app\Controllers\Web.php(157): CodeIgniter\Database\BaseConnection->query('INSERT INTO gem...')
#4 C:\laragon\www\geofisikaDNP\profileWeb\system\CodeIgniter.php(939): App\Controllers\Web->simpan2()
#5 C:\laragon\www\geofisikaDNP\profileWeb\system\CodeIgniter.php(502): CodeIgniter\CodeIgniter->runController(Object(App\Controllers\Web))
#6 C:\laragon\www\geofisikaDNP\profileWeb\system\CodeIgniter.php(361): CodeIgniter\CodeIgniter->handleRequest(NULL, Object(Config\Cache), false)
#7 C:\laragon\www\geofisikaDNP\profileWeb\public\index.php(79): CodeIgniter\CodeIgniter->run()
#8 {main}
CRITICAL - 2024-05-03 17:10:43 --> Unknown column 'id_shakemap' in 'field list'
in SYSTEMPATH\Database\BaseConnection.php on line 647.
 1 APPPATH\Controllers\Web.php(157): CodeIgniter\Database\BaseConnection->query('INSERT INTO gempapgr3 (id,infogempa,id_shakemap) VALUES (\'20240504000017\',\'Info Gempa Mag:1.8 SR, 04-Mei-24 00:00:17 WIB, Lok:8.38 LS,121.33 BT (32 km TimurLaut MBAY-NAGEKEO-NTT), Kedlmn:24 Km ::BMKG-PGR III\',\'\')')
 2 SYSTEMPATH\CodeIgniter.php(939): App\Controllers\Web->simpan2()
 3 SYSTEMPATH\CodeIgniter.php(502): CodeIgniter\CodeIgniter->runController(Object(App\Controllers\Web))
 4 SYSTEMPATH\CodeIgniter.php(361): CodeIgniter\CodeIgniter->handleRequest(null, Object(Config\Cache), false)
 5 FCPATH\index.php(79): CodeIgniter\CodeIgniter->run()
ERROR - 2024-05-03 18:18:42 --> mysqli_sql_exception: Unknown column 'id_shakemap' in 'field list' in C:\laragon\www\geofisikaDNP\profileWeb\system\Database\MySQLi\Connection.php:306
Stack trace:
#0 C:\laragon\www\geofisikaDNP\profileWeb\system\Database\MySQLi\Connection.php(306): mysqli->query('INSERT INTO gem...', 0)
#1 C:\laragon\www\geofisikaDNP\profileWeb\system\Database\BaseConnection.php(693): CodeIgniter\Database\MySQLi\Connection->execute('INSERT INTO gem...')
#2 C:\laragon\www\geofisikaDNP\profileWeb\system\Database\BaseConnection.php(607): CodeIgniter\Database\BaseConnection->simpleQuery('INSERT INTO gem...')
#3 C:\laragon\www\geofisikaDNP\profileWeb\app\Controllers\Web.php(157): CodeIgniter\Database\BaseConnection->query('INSERT INTO gem...')
#4 C:\laragon\www\geofisikaDNP\profileWeb\system\CodeIgniter.php(939): App\Controllers\Web->simpan2()
#5 C:\laragon\www\geofisikaDNP\profileWeb\system\CodeIgniter.php(502): CodeIgniter\CodeIgniter->runController(Object(App\Controllers\Web))
#6 C:\laragon\www\geofisikaDNP\profileWeb\system\CodeIgniter.php(361): CodeIgniter\CodeIgniter->handleRequest(NULL, Object(Config\Cache), false)
#7 C:\laragon\www\geofisikaDNP\profileWeb\public\index.php(79): CodeIgniter\CodeIgniter->run()
#8 {main}
CRITICAL - 2024-05-03 18:18:42 --> Unknown column 'id_shakemap' in 'field list'
in SYSTEMPATH\Database\BaseConnection.php on line 647.
 1 APPPATH\Controllers\Web.php(157): CodeIgniter\Database\BaseConnection->query('INSERT INTO gempapgr3 (id,infogempa,id_shakemap) VALUES (\'20240504011112\',\'Info Gempa Mag:2.3 SR, 04-May-24 01:11:12 WIB, Lok:9.71 LS,119.94 BT (6 km Tenggara LEWA-SUMBATIMUR-NTT), Kedlmn:25 Km ::BMKG-WSI\',\'\')')
 2 SYSTEMPATH\CodeIgniter.php(939): App\Controllers\Web->simpan2()
 3 SYSTEMPATH\CodeIgniter.php(502): CodeIgniter\CodeIgniter->runController(Object(App\Controllers\Web))
 4 SYSTEMPATH\CodeIgniter.php(361): CodeIgniter\CodeIgniter->handleRequest(null, Object(Config\Cache), false)
 5 FCPATH\index.php(79): CodeIgniter\CodeIgniter->run()
ERROR - 2024-05-03 20:07:44 --> mysqli_sql_exception: Unknown column 'id_shakemap' in 'field list' in C:\laragon\www\geofisikaDNP\profileWeb\system\Database\MySQLi\Connection.php:306
Stack trace:
#0 C:\laragon\www\geofisikaDNP\profileWeb\system\Database\MySQLi\Connection.php(306): mysqli->query('INSERT INTO gem...', 0)
#1 C:\laragon\www\geofisikaDNP\profileWeb\system\Database\BaseConnection.php(693): CodeIgniter\Database\MySQLi\Connection->execute('INSERT INTO gem...')
#2 C:\laragon\www\geofisikaDNP\profileWeb\system\Database\BaseConnection.php(607): CodeIgniter\Database\BaseConnection->simpleQuery('INSERT INTO gem...')
#3 C:\laragon\www\geofisikaDNP\profileWeb\app\Controllers\Web.php(157): CodeIgniter\Database\BaseConnection->query('INSERT INTO gem...')
#4 C:\laragon\www\geofisikaDNP\profileWeb\system\CodeIgniter.php(939): App\Controllers\Web->simpan2()
#5 C:\laragon\www\geofisikaDNP\profileWeb\system\CodeIgniter.php(502): CodeIgniter\CodeIgniter->runController(Object(App\Controllers\Web))
#6 C:\laragon\www\geofisikaDNP\profileWeb\system\CodeIgniter.php(361): CodeIgniter\CodeIgniter->handleRequest(NULL, Object(Config\Cache), false)
#7 C:\laragon\www\geofisikaDNP\profileWeb\public\index.php(79): CodeIgniter\CodeIgniter->run()
#8 {main}
CRITICAL - 2024-05-03 20:07:44 --> Unknown column 'id_shakemap' in 'field list'
in SYSTEMPATH\Database\BaseConnection.php on line 647.
 1 APPPATH\Controllers\Web.php(157): CodeIgniter\Database\BaseConnection->query('INSERT INTO gempapgr3 (id,infogempa,id_shakemap) VALUES (\'20240504030102\',\'Info Gempa Mag:2.1 SR, 04-Mei-24 03:01:02 WIB, Lok:8.58 LS,119.04 BT (34 km Tenggara KOTA-BIMA-NTB), Kedlmn:11 Km ::BMKG-PGR III\',\'\')')
 2 SYSTEMPATH\CodeIgniter.php(939): App\Controllers\Web->simpan2()
 3 SYSTEMPATH\CodeIgniter.php(502): CodeIgniter\CodeIgniter->runController(Object(App\Controllers\Web))
 4 SYSTEMPATH\CodeIgniter.php(361): CodeIgniter\CodeIgniter->handleRequest(null, Object(Config\Cache), false)
 5 FCPATH\index.php(79): CodeIgniter\CodeIgniter->run()
ERROR - 2024-05-03 20:17:42 --> mysqli_sql_exception: Unknown column 'id_shakemap' in 'field list' in C:\laragon\www\geofisikaDNP\profileWeb\system\Database\MySQLi\Connection.php:306
Stack trace:
#0 C:\laragon\www\geofisikaDNP\profileWeb\system\Database\MySQLi\Connection.php(306): mysqli->query('INSERT INTO gem...', 0)
#1 C:\laragon\www\geofisikaDNP\profileWeb\system\Database\BaseConnection.php(693): CodeIgniter\Database\MySQLi\Connection->execute('INSERT INTO gem...')
#2 C:\laragon\www\geofisikaDNP\profileWeb\system\Database\BaseConnection.php(607): CodeIgniter\Database\BaseConnection->simpleQuery('INSERT INTO gem...')
#3 C:\laragon\www\geofisikaDNP\profileWeb\app\Controllers\Web.php(157): CodeIgniter\Database\BaseConnection->query('INSERT INTO gem...')
#4 C:\laragon\www\geofisikaDNP\profileWeb\system\CodeIgniter.php(939): App\Controllers\Web->simpan2()
#5 C:\laragon\www\geofisikaDNP\profileWeb\system\CodeIgniter.php(502): CodeIgniter\CodeIgniter->runController(Object(App\Controllers\Web))
#6 C:\laragon\www\geofisikaDNP\profileWeb\system\CodeIgniter.php(361): CodeIgniter\CodeIgniter->handleRequest(NULL, Object(Config\Cache), false)
#7 C:\laragon\www\geofisikaDNP\profileWeb\public\index.php(79): CodeIgniter\CodeIgniter->run()
#8 {main}
CRITICAL - 2024-05-03 20:17:42 --> Unknown column 'id_shakemap' in 'field list'
in SYSTEMPATH\Database\BaseConnection.php on line 647.
 1 APPPATH\Controllers\Web.php(157): CodeIgniter\Database\BaseConnection->query('INSERT INTO gempapgr3 (id,infogempa,id_shakemap) VALUES (\'20240504031037\',\'Info Gempa Mag:2.0 SR, 04-Mei-24 03:10:37 WIB, Lok:8.33 LS,118.01 BT (55 km BaratLaut DOMPU-NTB), Kedlmn:10 Km ::BMKG-PGR III\',\'\')')
 2 SYSTEMPATH\CodeIgniter.php(939): App\Controllers\Web->simpan2()
 3 SYSTEMPATH\CodeIgniter.php(502): CodeIgniter\CodeIgniter->runController(Object(App\Controllers\Web))
 4 SYSTEMPATH\CodeIgniter.php(361): CodeIgniter\CodeIgniter->handleRequest(null, Object(Config\Cache), false)
 5 FCPATH\index.php(79): CodeIgniter\CodeIgniter->run()
ERROR - 2024-05-03 21:12:43 --> mysqli_sql_exception: Unknown column 'id_shakemap' in 'field list' in C:\laragon\www\geofisikaDNP\profileWeb\system\Database\MySQLi\Connection.php:306
Stack trace:
#0 C:\laragon\www\geofisikaDNP\profileWeb\system\Database\MySQLi\Connection.php(306): mysqli->query('INSERT INTO gem...', 0)
#1 C:\laragon\www\geofisikaDNP\profileWeb\system\Database\BaseConnection.php(693): CodeIgniter\Database\MySQLi\Connection->execute('INSERT INTO gem...')
#2 C:\laragon\www\geofisikaDNP\profileWeb\system\Database\BaseConnection.php(607): CodeIgniter\Database\BaseConnection->simpleQuery('INSERT INTO gem...')
#3 C:\laragon\www\geofisikaDNP\profileWeb\app\Controllers\Web.php(157): CodeIgniter\Database\BaseConnection->query('INSERT INTO gem...')
#4 C:\laragon\www\geofisikaDNP\profileWeb\system\CodeIgniter.php(939): App\Controllers\Web->simpan2()
#5 C:\laragon\www\geofisikaDNP\profileWeb\system\CodeIgniter.php(502): CodeIgniter\CodeIgniter->runController(Object(App\Controllers\Web))
#6 C:\laragon\www\geofisikaDNP\profileWeb\system\CodeIgniter.php(361): CodeIgniter\CodeIgniter->handleRequest(NULL, Object(Config\Cache), false)
#7 C:\laragon\www\geofisikaDNP\profileWeb\public\index.php(79): CodeIgniter\CodeIgniter->run()
#8 {main}
CRITICAL - 2024-05-03 21:12:43 --> Unknown column 'id_shakemap' in 'field list'
in SYSTEMPATH\Database\BaseConnection.php on line 647.
 1 APPPATH\Controllers\Web.php(157): CodeIgniter\Database\BaseConnection->query('INSERT INTO gempapgr3 (id,infogempa,id_shakemap) VALUES (\'20240504040523\',\'Info Gempa Mag:2.2 SR, 04-Mei-24 04:05:23 WIB, Lok:8.23 LS,118.52 BT (33 km BaratLaut BIMA-NTB), Kedlmn:20 Km ::BMKG-PGR III\',\'\')')
 2 SYSTEMPATH\CodeIgniter.php(939): App\Controllers\Web->simpan2()
 3 SYSTEMPATH\CodeIgniter.php(502): CodeIgniter\CodeIgniter->runController(Object(App\Controllers\Web))
 4 SYSTEMPATH\CodeIgniter.php(361): CodeIgniter\CodeIgniter->handleRequest(null, Object(Config\Cache), false)
 5 FCPATH\index.php(79): CodeIgniter\CodeIgniter->run()
ERROR - 2024-05-03 22:30:42 --> mysqli_sql_exception: Unknown column 'id_shakemap' in 'field list' in C:\laragon\www\geofisikaDNP\profileWeb\system\Database\MySQLi\Connection.php:306
Stack trace:
#0 C:\laragon\www\geofisikaDNP\profileWeb\system\Database\MySQLi\Connection.php(306): mysqli->query('INSERT INTO gem...', 0)
#1 C:\laragon\www\geofisikaDNP\profileWeb\system\Database\BaseConnection.php(693): CodeIgniter\Database\MySQLi\Connection->execute('INSERT INTO gem...')
#2 C:\laragon\www\geofisikaDNP\profileWeb\system\Database\BaseConnection.php(607): CodeIgniter\Database\BaseConnection->simpleQuery('INSERT INTO gem...')
#3 C:\laragon\www\geofisikaDNP\profileWeb\app\Controllers\Web.php(157): CodeIgniter\Database\BaseConnection->query('INSERT INTO gem...')
#4 C:\laragon\www\geofisikaDNP\profileWeb\system\CodeIgniter.php(939): App\Controllers\Web->simpan2()
#5 C:\laragon\www\geofisikaDNP\profileWeb\system\CodeIgniter.php(502): CodeIgniter\CodeIgniter->runController(Object(App\Controllers\Web))
#6 C:\laragon\www\geofisikaDNP\profileWeb\system\CodeIgniter.php(361): CodeIgniter\CodeIgniter->handleRequest(NULL, Object(Config\Cache), false)
#7 C:\laragon\www\geofisikaDNP\profileWeb\public\index.php(79): CodeIgniter\CodeIgniter->run()
#8 {main}
CRITICAL - 2024-05-03 22:30:42 --> Unknown column 'id_shakemap' in 'field list'
in SYSTEMPATH\Database\BaseConnection.php on line 647.
 1 APPPATH\Controllers\Web.php(157): CodeIgniter\Database\BaseConnection->query('INSERT INTO gempapgr3 (id,infogempa,id_shakemap) VALUES (\'20240504052331\',\'Info Gempa Mag:2.1 SR, 04-Mei-24 05:23:31 WIB, Lok:8.52 LS,116.07 BT (19 km BaratLaut LOMBOKBARAT-NTB), Kedlmn:13 Km ::BMKG-PGR III\',\'\')')
 2 SYSTEMPATH\CodeIgniter.php(939): App\Controllers\Web->simpan2()
 3 SYSTEMPATH\CodeIgniter.php(502): CodeIgniter\CodeIgniter->runController(Object(App\Controllers\Web))
 4 SYSTEMPATH\CodeIgniter.php(361): CodeIgniter\CodeIgniter->handleRequest(null, Object(Config\Cache), false)
 5 FCPATH\index.php(79): CodeIgniter\CodeIgniter->run()
ERROR - 2024-05-03 22:40:43 --> mysqli_sql_exception: Unknown column 'id_shakemap' in 'field list' in C:\laragon\www\geofisikaDNP\profileWeb\system\Database\MySQLi\Connection.php:306
Stack trace:
#0 C:\laragon\www\geofisikaDNP\profileWeb\system\Database\MySQLi\Connection.php(306): mysqli->query('INSERT INTO gem...', 0)
#1 C:\laragon\www\geofisikaDNP\profileWeb\system\Database\BaseConnection.php(693): CodeIgniter\Database\MySQLi\Connection->execute('INSERT INTO gem...')
#2 C:\laragon\www\geofisikaDNP\profileWeb\system\Database\BaseConnection.php(607): CodeIgniter\Database\BaseConnection->simpleQuery('INSERT INTO gem...')
#3 C:\laragon\www\geofisikaDNP\profileWeb\app\Controllers\Web.php(157): CodeIgniter\Database\BaseConnection->query('INSERT INTO gem...')
#4 C:\laragon\www\geofisikaDNP\profileWeb\system\CodeIgniter.php(939): App\Controllers\Web->simpan2()
#5 C:\laragon\www\geofisikaDNP\profileWeb\system\CodeIgniter.php(502): CodeIgniter\CodeIgniter->runController(Object(App\Controllers\Web))
#6 C:\laragon\www\geofisikaDNP\profileWeb\system\CodeIgniter.php(361): CodeIgniter\CodeIgniter->handleRequest(NULL, Object(Config\Cache), false)
#7 C:\laragon\www\geofisikaDNP\profileWeb\public\index.php(79): CodeIgniter\CodeIgniter->run()
#8 {main}
CRITICAL - 2024-05-03 22:40:43 --> Unknown column 'id_shakemap' in 'field list'
in SYSTEMPATH\Database\BaseConnection.php on line 647.
 1 APPPATH\Controllers\Web.php(157): CodeIgniter\Database\BaseConnection->query('INSERT INTO gempapgr3 (id,infogempa,id_shakemap) VALUES (\'20240504053359\',\'Info Gempa Mag:2.4 SR, 04-May-24 05:33:59 WIB, Lok:8.50 LS,121.99 BT (27 km BaratLaut MAUMERE-SIKKA-NTT), Kedlmn:12 Km ::BMKG-DNP\',\'\')')
 2 SYSTEMPATH\CodeIgniter.php(939): App\Controllers\Web->simpan2()
 3 SYSTEMPATH\CodeIgniter.php(502): CodeIgniter\CodeIgniter->runController(Object(App\Controllers\Web))
 4 SYSTEMPATH\CodeIgniter.php(361): CodeIgniter\CodeIgniter->handleRequest(null, Object(Config\Cache), false)
 5 FCPATH\index.php(79): CodeIgniter\CodeIgniter->run()
ERROR - 2024-05-03 23:01:42 --> mysqli_sql_exception: Unknown column 'id_shakemap' in 'field list' in C:\laragon\www\geofisikaDNP\profileWeb\system\Database\MySQLi\Connection.php:306
Stack trace:
#0 C:\laragon\www\geofisikaDNP\profileWeb\system\Database\MySQLi\Connection.php(306): mysqli->query('INSERT INTO gem...', 0)
#1 C:\laragon\www\geofisikaDNP\profileWeb\system\Database\BaseConnection.php(693): CodeIgniter\Database\MySQLi\Connection->execute('INSERT INTO gem...')
#2 C:\laragon\www\geofisikaDNP\profileWeb\system\Database\BaseConnection.php(607): CodeIgniter\Database\BaseConnection->simpleQuery('INSERT INTO gem...')
#3 C:\laragon\www\geofisikaDNP\profileWeb\app\Controllers\Web.php(157): CodeIgniter\Database\BaseConnection->query('INSERT INTO gem...')
#4 C:\laragon\www\geofisikaDNP\profileWeb\system\CodeIgniter.php(939): App\Controllers\Web->simpan2()
#5 C:\laragon\www\geofisikaDNP\profileWeb\system\CodeIgniter.php(502): CodeIgniter\CodeIgniter->runController(Object(App\Controllers\Web))
#6 C:\laragon\www\geofisikaDNP\profileWeb\system\CodeIgniter.php(361): CodeIgniter\CodeIgniter->handleRequest(NULL, Object(Config\Cache), false)
#7 C:\laragon\www\geofisikaDNP\profileWeb\public\index.php(79): CodeIgniter\CodeIgniter->run()
#8 {main}
CRITICAL - 2024-05-03 23:01:42 --> Unknown column 'id_shakemap' in 'field list'
in SYSTEMPATH\Database\BaseConnection.php on line 647.
 1 APPPATH\Controllers\Web.php(157): CodeIgniter\Database\BaseConnection->query('INSERT INTO gempapgr3 (id,infogempa,id_shakemap) VALUES (\'20240504055450\',\'Info Gempa Mag:2.9 SR, 04-Mei-24 05:54:50 WIB, Lok:7.98 LS,117.63 BT (61 km TimurLaut SUMBAWA-NTB), Kedlmn:20 Km ::BMKG-PGR III\',\'\')')
 2 SYSTEMPATH\CodeIgniter.php(939): App\Controllers\Web->simpan2()
 3 SYSTEMPATH\CodeIgniter.php(502): CodeIgniter\CodeIgniter->runController(Object(App\Controllers\Web))
 4 SYSTEMPATH\CodeIgniter.php(361): CodeIgniter\CodeIgniter->handleRequest(null, Object(Config\Cache), false)
 5 FCPATH\index.php(79): CodeIgniter\CodeIgniter->run()
ERROR - 2024-05-03 23:59:43 --> mysqli_sql_exception: Unknown column 'id_shakemap' in 'field list' in C:\laragon\www\geofisikaDNP\profileWeb\system\Database\MySQLi\Connection.php:306
Stack trace:
#0 C:\laragon\www\geofisikaDNP\profileWeb\system\Database\MySQLi\Connection.php(306): mysqli->query('INSERT INTO gem...', 0)
#1 C:\laragon\www\geofisikaDNP\profileWeb\system\Database\BaseConnection.php(693): CodeIgniter\Database\MySQLi\Connection->execute('INSERT INTO gem...')
#2 C:\laragon\www\geofisikaDNP\profileWeb\system\Database\BaseConnection.php(607): CodeIgniter\Database\BaseConnection->simpleQuery('INSERT INTO gem...')
#3 C:\laragon\www\geofisikaDNP\profileWeb\app\Controllers\Web.php(157): CodeIgniter\Database\BaseConnection->query('INSERT INTO gem...')
#4 C:\laragon\www\geofisikaDNP\profileWeb\system\CodeIgniter.php(939): App\Controllers\Web->simpan2()
#5 C:\laragon\www\geofisikaDNP\profileWeb\system\CodeIgniter.php(502): CodeIgniter\CodeIgniter->runController(Object(App\Controllers\Web))
#6 C:\laragon\www\geofisikaDNP\profileWeb\system\CodeIgniter.php(361): CodeIgniter\CodeIgniter->handleRequest(NULL, Object(Config\Cache), false)
#7 C:\laragon\www\geofisikaDNP\profileWeb\public\index.php(79): CodeIgniter\CodeIgniter->run()
#8 {main}
CRITICAL - 2024-05-03 23:59:43 --> Unknown column 'id_shakemap' in 'field list'
in SYSTEMPATH\Database\BaseConnection.php on line 647.
 1 APPPATH\Controllers\Web.php(157): CodeIgniter\Database\BaseConnection->query('INSERT INTO gempapgr3 (id,infogempa,id_shakemap) VALUES (\'20240504065240\',\'Info Gempa Mag:2.9 SR, 04-May-24 06:52:40 WIB, Lok:8.12 LS,118.57 BT (40 km BaratLaut BIMA-NTB), Kedlmn:12 Km ::BMKG-KHK\',\'\')')
 2 SYSTEMPATH\CodeIgniter.php(939): App\Controllers\Web->simpan2()
 3 SYSTEMPATH\CodeIgniter.php(502): CodeIgniter\CodeIgniter->runController(Object(App\Controllers\Web))
 4 SYSTEMPATH\CodeIgniter.php(361): CodeIgniter\CodeIgniter->handleRequest(null, Object(Config\Cache), false)
 5 FCPATH\index.php(79): CodeIgniter\CodeIgniter->run()
