ERROR - 2024-03-30 06:15:42 --> mysqli_sql_exception: Unknown column 'id_shakemap' in 'field list' in C:\laragon\www\geofisikaDNP\profileWeb\system\Database\MySQLi\Connection.php:306
Stack trace:
#0 C:\laragon\www\geofisikaDNP\profileWeb\system\Database\MySQLi\Connection.php(306): mysqli->query('INSERT INTO gem...', 0)
#1 C:\laragon\www\geofisikaDNP\profileWeb\system\Database\BaseConnection.php(693): CodeIgniter\Database\MySQLi\Connection->execute('INSERT INTO gem...')
#2 C:\laragon\www\geofisikaDNP\profileWeb\system\Database\BaseConnection.php(607): CodeIgniter\Database\BaseConnection->simpleQuery('INSERT INTO gem...')
#3 C:\laragon\www\geofisikaDNP\profileWeb\app\Controllers\Web.php(157): CodeIgniter\Database\BaseConnection->query('INSERT INTO gem...')
#4 C:\laragon\www\geofisikaDNP\profileWeb\system\CodeIgniter.php(939): App\Controllers\Web->simpan2()
#5 C:\laragon\www\geofisikaDNP\profileWeb\system\CodeIgniter.php(502): CodeIgniter\CodeIgniter->runController(Object(App\Controllers\Web))
#6 C:\laragon\www\geofisikaDNP\profileWeb\system\CodeIgniter.php(361): CodeIgniter\CodeIgniter->handleRequest(NULL, Object(Config\Cache), false)
#7 C:\laragon\www\geofisikaDNP\profileWeb\public\index.php(79): CodeIgniter\CodeIgniter->run()
#8 {main}
CRITICAL - 2024-03-30 06:15:42 --> Unknown column 'id_shakemap' in 'field list'
in SYSTEMPATH\Database\BaseConnection.php on line 647.
 1 APPPATH\Controllers\Web.php(157): CodeIgniter\Database\BaseConnection->query('INSERT INTO gempapgr3 (id,infogempa,id_shakemap) VALUES (\'20240330130739\',\'Info Gempa Mag:2.5 SR, 30-Mar-24 13:07:39 WIB, Lok:9.48 LS,122.07 BT (83 km Tenggara ENDE-NTT), Kedlmn:10 Km ::BMKG-KHK\',\'\')')
 2 SYSTEMPATH\CodeIgniter.php(939): App\Controllers\Web->simpan2()
 3 SYSTEMPATH\CodeIgniter.php(502): CodeIgniter\CodeIgniter->runController(Object(App\Controllers\Web))
 4 SYSTEMPATH\CodeIgniter.php(361): CodeIgniter\CodeIgniter->handleRequest(null, Object(Config\Cache), false)
 5 FCPATH\index.php(79): CodeIgniter\CodeIgniter->run()
ERROR - 2024-03-30 07:49:54 --> mysqli_sql_exception: Unknown column 'id_shakemap' in 'field list' in C:\laragon\www\geofisikaDNP\profileWeb\system\Database\MySQLi\Connection.php:306
Stack trace:
#0 C:\laragon\www\geofisikaDNP\profileWeb\system\Database\MySQLi\Connection.php(306): mysqli->query('INSERT INTO gem...', 0)
#1 C:\laragon\www\geofisikaDNP\profileWeb\system\Database\BaseConnection.php(693): CodeIgniter\Database\MySQLi\Connection->execute('INSERT INTO gem...')
#2 C:\laragon\www\geofisikaDNP\profileWeb\system\Database\BaseConnection.php(607): CodeIgniter\Database\BaseConnection->simpleQuery('INSERT INTO gem...')
#3 C:\laragon\www\geofisikaDNP\profileWeb\app\Controllers\Web.php(157): CodeIgniter\Database\BaseConnection->query('INSERT INTO gem...')
#4 C:\laragon\www\geofisikaDNP\profileWeb\system\CodeIgniter.php(939): App\Controllers\Web->simpan2()
#5 C:\laragon\www\geofisikaDNP\profileWeb\system\CodeIgniter.php(502): CodeIgniter\CodeIgniter->runController(Object(App\Controllers\Web))
#6 C:\laragon\www\geofisikaDNP\profileWeb\system\CodeIgniter.php(361): CodeIgniter\CodeIgniter->handleRequest(NULL, Object(Config\Cache), false)
#7 C:\laragon\www\geofisikaDNP\profileWeb\public\index.php(79): CodeIgniter\CodeIgniter->run()
#8 {main}
CRITICAL - 2024-03-30 07:49:54 --> Unknown column 'id_shakemap' in 'field list'
in SYSTEMPATH\Database\BaseConnection.php on line 647.
 1 APPPATH\Controllers\Web.php(157): CodeIgniter\Database\BaseConnection->query('INSERT INTO gempapgr3 (id,infogempa,id_shakemap) VALUES (\'20240330144328\',\'Info Gempa Mag:2.6 SR, 30-Mar-24 14:43:28 WIB, Lok:8.85 LS,120.50 BT (16 km BaratDaya BORONG-NTT), Kedlmn:103 Km ::BMKG-KHK\',\'\')')
 2 SYSTEMPATH\CodeIgniter.php(939): App\Controllers\Web->simpan2()
 3 SYSTEMPATH\CodeIgniter.php(502): CodeIgniter\CodeIgniter->runController(Object(App\Controllers\Web))
 4 SYSTEMPATH\CodeIgniter.php(361): CodeIgniter\CodeIgniter->handleRequest(null, Object(Config\Cache), false)
 5 FCPATH\index.php(79): CodeIgniter\CodeIgniter->run()
ERROR - 2024-03-30 09:45:43 --> mysqli_sql_exception: Unknown column 'id_shakemap' in 'field list' in C:\laragon\www\geofisikaDNP\profileWeb\system\Database\MySQLi\Connection.php:306
Stack trace:
#0 C:\laragon\www\geofisikaDNP\profileWeb\system\Database\MySQLi\Connection.php(306): mysqli->query('INSERT INTO gem...', 0)
#1 C:\laragon\www\geofisikaDNP\profileWeb\system\Database\BaseConnection.php(693): CodeIgniter\Database\MySQLi\Connection->execute('INSERT INTO gem...')
#2 C:\laragon\www\geofisikaDNP\profileWeb\system\Database\BaseConnection.php(607): CodeIgniter\Database\BaseConnection->simpleQuery('INSERT INTO gem...')
#3 C:\laragon\www\geofisikaDNP\profileWeb\app\Controllers\Web.php(157): CodeIgniter\Database\BaseConnection->query('INSERT INTO gem...')
#4 C:\laragon\www\geofisikaDNP\profileWeb\system\CodeIgniter.php(939): App\Controllers\Web->simpan2()
#5 C:\laragon\www\geofisikaDNP\profileWeb\system\CodeIgniter.php(502): CodeIgniter\CodeIgniter->runController(Object(App\Controllers\Web))
#6 C:\laragon\www\geofisikaDNP\profileWeb\system\CodeIgniter.php(361): CodeIgniter\CodeIgniter->handleRequest(NULL, Object(Config\Cache), false)
#7 C:\laragon\www\geofisikaDNP\profileWeb\public\index.php(79): CodeIgniter\CodeIgniter->run()
#8 {main}
CRITICAL - 2024-03-30 09:45:43 --> Unknown column 'id_shakemap' in 'field list'
in SYSTEMPATH\Database\BaseConnection.php on line 647.
 1 APPPATH\Controllers\Web.php(157): CodeIgniter\Database\BaseConnection->query('INSERT INTO gempapgr3 (id,infogempa,id_shakemap) VALUES (\'20240330163848\',\'Info Gempa Mag:2.2 SR, 30-Mar-24 16:38:48 WIB, Lok:8.92 LS,116.88 BT (18 km Tenggara SUMBAWABARAT-NTB), Kedlmn:10 Km ::BMKG-PGR III\',\'\')')
 2 SYSTEMPATH\CodeIgniter.php(939): App\Controllers\Web->simpan2()
 3 SYSTEMPATH\CodeIgniter.php(502): CodeIgniter\CodeIgniter->runController(Object(App\Controllers\Web))
 4 SYSTEMPATH\CodeIgniter.php(361): CodeIgniter\CodeIgniter->handleRequest(null, Object(Config\Cache), false)
 5 FCPATH\index.php(79): CodeIgniter\CodeIgniter->run()
ERROR - 2024-03-30 09:48:43 --> mysqli_sql_exception: Unknown column 'id_shakemap' in 'field list' in C:\laragon\www\geofisikaDNP\profileWeb\system\Database\MySQLi\Connection.php:306
Stack trace:
#0 C:\laragon\www\geofisikaDNP\profileWeb\system\Database\MySQLi\Connection.php(306): mysqli->query('INSERT INTO gem...', 0)
#1 C:\laragon\www\geofisikaDNP\profileWeb\system\Database\BaseConnection.php(693): CodeIgniter\Database\MySQLi\Connection->execute('INSERT INTO gem...')
#2 C:\laragon\www\geofisikaDNP\profileWeb\system\Database\BaseConnection.php(607): CodeIgniter\Database\BaseConnection->simpleQuery('INSERT INTO gem...')
#3 C:\laragon\www\geofisikaDNP\profileWeb\app\Controllers\Web.php(157): CodeIgniter\Database\BaseConnection->query('INSERT INTO gem...')
#4 C:\laragon\www\geofisikaDNP\profileWeb\system\CodeIgniter.php(939): App\Controllers\Web->simpan2()
#5 C:\laragon\www\geofisikaDNP\profileWeb\system\CodeIgniter.php(502): CodeIgniter\CodeIgniter->runController(Object(App\Controllers\Web))
#6 C:\laragon\www\geofisikaDNP\profileWeb\system\CodeIgniter.php(361): CodeIgniter\CodeIgniter->handleRequest(NULL, Object(Config\Cache), false)
#7 C:\laragon\www\geofisikaDNP\profileWeb\public\index.php(79): CodeIgniter\CodeIgniter->run()
#8 {main}
CRITICAL - 2024-03-30 09:48:43 --> Unknown column 'id_shakemap' in 'field list'
in SYSTEMPATH\Database\BaseConnection.php on line 647.
 1 APPPATH\Controllers\Web.php(157): CodeIgniter\Database\BaseConnection->query('INSERT INTO gempapgr3 (id,infogempa,id_shakemap) VALUES (\'20240330164107\',\'Info Gempa Mag:2.1 SR, 30-Mar-24 16:41:07 WIB, Lok:8.96 LS,116.86 BT (22 km Tenggara SUMBAWABARAT-NTB), Kedlmn:10 Km ::BMKG-PGR III\',\'\')')
 2 SYSTEMPATH\CodeIgniter.php(939): App\Controllers\Web->simpan2()
 3 SYSTEMPATH\CodeIgniter.php(502): CodeIgniter\CodeIgniter->runController(Object(App\Controllers\Web))
 4 SYSTEMPATH\CodeIgniter.php(361): CodeIgniter\CodeIgniter->handleRequest(null, Object(Config\Cache), false)
 5 FCPATH\index.php(79): CodeIgniter\CodeIgniter->run()
ERROR - 2024-03-30 11:55:43 --> mysqli_sql_exception: Unknown column 'id_shakemap' in 'field list' in C:\laragon\www\geofisikaDNP\profileWeb\system\Database\MySQLi\Connection.php:306
Stack trace:
#0 C:\laragon\www\geofisikaDNP\profileWeb\system\Database\MySQLi\Connection.php(306): mysqli->query('INSERT INTO gem...', 0)
#1 C:\laragon\www\geofisikaDNP\profileWeb\system\Database\BaseConnection.php(693): CodeIgniter\Database\MySQLi\Connection->execute('INSERT INTO gem...')
#2 C:\laragon\www\geofisikaDNP\profileWeb\system\Database\BaseConnection.php(607): CodeIgniter\Database\BaseConnection->simpleQuery('INSERT INTO gem...')
#3 C:\laragon\www\geofisikaDNP\profileWeb\app\Controllers\Web.php(157): CodeIgniter\Database\BaseConnection->query('INSERT INTO gem...')
#4 C:\laragon\www\geofisikaDNP\profileWeb\system\CodeIgniter.php(939): App\Controllers\Web->simpan2()
#5 C:\laragon\www\geofisikaDNP\profileWeb\system\CodeIgniter.php(502): CodeIgniter\CodeIgniter->runController(Object(App\Controllers\Web))
#6 C:\laragon\www\geofisikaDNP\profileWeb\system\CodeIgniter.php(361): CodeIgniter\CodeIgniter->handleRequest(NULL, Object(Config\Cache), false)
#7 C:\laragon\www\geofisikaDNP\profileWeb\public\index.php(79): CodeIgniter\CodeIgniter->run()
#8 {main}
CRITICAL - 2024-03-30 11:55:43 --> Unknown column 'id_shakemap' in 'field list'
in SYSTEMPATH\Database\BaseConnection.php on line 647.
 1 APPPATH\Controllers\Web.php(157): CodeIgniter\Database\BaseConnection->query('INSERT INTO gempapgr3 (id,infogempa,id_shakemap) VALUES (\'20240330185118\',\'Info Gempa Mag:2.7 SR, 30-Mar-24 18:51:18 WIB, Lok:10.53 LS,119.03 BT (91 km BaratDaya WANOKAKA-NTT), Kedlmn:11 Km ::BMKG-KHK\',\'\')')
 2 SYSTEMPATH\CodeIgniter.php(939): App\Controllers\Web->simpan2()
 3 SYSTEMPATH\CodeIgniter.php(502): CodeIgniter\CodeIgniter->runController(Object(App\Controllers\Web))
 4 SYSTEMPATH\CodeIgniter.php(361): CodeIgniter\CodeIgniter->handleRequest(null, Object(Config\Cache), false)
 5 FCPATH\index.php(79): CodeIgniter\CodeIgniter->run()
ERROR - 2024-03-30 12:10:43 --> mysqli_sql_exception: Unknown column 'id_shakemap' in 'field list' in C:\laragon\www\geofisikaDNP\profileWeb\system\Database\MySQLi\Connection.php:306
Stack trace:
#0 C:\laragon\www\geofisikaDNP\profileWeb\system\Database\MySQLi\Connection.php(306): mysqli->query('INSERT INTO gem...', 0)
#1 C:\laragon\www\geofisikaDNP\profileWeb\system\Database\BaseConnection.php(693): CodeIgniter\Database\MySQLi\Connection->execute('INSERT INTO gem...')
#2 C:\laragon\www\geofisikaDNP\profileWeb\system\Database\BaseConnection.php(607): CodeIgniter\Database\BaseConnection->simpleQuery('INSERT INTO gem...')
#3 C:\laragon\www\geofisikaDNP\profileWeb\app\Controllers\Web.php(157): CodeIgniter\Database\BaseConnection->query('INSERT INTO gem...')
#4 C:\laragon\www\geofisikaDNP\profileWeb\system\CodeIgniter.php(939): App\Controllers\Web->simpan2()
#5 C:\laragon\www\geofisikaDNP\profileWeb\system\CodeIgniter.php(502): CodeIgniter\CodeIgniter->runController(Object(App\Controllers\Web))
#6 C:\laragon\www\geofisikaDNP\profileWeb\system\CodeIgniter.php(361): CodeIgniter\CodeIgniter->handleRequest(NULL, Object(Config\Cache), false)
#7 C:\laragon\www\geofisikaDNP\profileWeb\public\index.php(79): CodeIgniter\CodeIgniter->run()
#8 {main}
CRITICAL - 2024-03-30 12:10:43 --> Unknown column 'id_shakemap' in 'field list'
in SYSTEMPATH\Database\BaseConnection.php on line 647.
 1 APPPATH\Controllers\Web.php(157): CodeIgniter\Database\BaseConnection->query('INSERT INTO gempapgr3 (id,infogempa,id_shakemap) VALUES (\'20240330190630\',\'Info Gempa Mag:4.3 SR, 30-Mar-24 19:06:30 WIB, Lok:8.38 LS,119.29 BT (60 km TimurLaut KOTA-BIMA-NTB), Kedlmn:13 Km ::BMKG-PGR III\',\'\')')
 2 SYSTEMPATH\CodeIgniter.php(939): App\Controllers\Web->simpan2()
 3 SYSTEMPATH\CodeIgniter.php(502): CodeIgniter\CodeIgniter->runController(Object(App\Controllers\Web))
 4 SYSTEMPATH\CodeIgniter.php(361): CodeIgniter\CodeIgniter->handleRequest(null, Object(Config\Cache), false)
 5 FCPATH\index.php(79): CodeIgniter\CodeIgniter->run()
ERROR - 2024-03-30 12:22:43 --> mysqli_sql_exception: Unknown column 'id_shakemap' in 'field list' in C:\laragon\www\geofisikaDNP\profileWeb\system\Database\MySQLi\Connection.php:306
Stack trace:
#0 C:\laragon\www\geofisikaDNP\profileWeb\system\Database\MySQLi\Connection.php(306): mysqli->query('INSERT INTO gem...', 0)
#1 C:\laragon\www\geofisikaDNP\profileWeb\system\Database\BaseConnection.php(693): CodeIgniter\Database\MySQLi\Connection->execute('INSERT INTO gem...')
#2 C:\laragon\www\geofisikaDNP\profileWeb\system\Database\BaseConnection.php(607): CodeIgniter\Database\BaseConnection->simpleQuery('INSERT INTO gem...')
#3 C:\laragon\www\geofisikaDNP\profileWeb\app\Controllers\Web.php(157): CodeIgniter\Database\BaseConnection->query('INSERT INTO gem...')
#4 C:\laragon\www\geofisikaDNP\profileWeb\system\CodeIgniter.php(939): App\Controllers\Web->simpan2()
#5 C:\laragon\www\geofisikaDNP\profileWeb\system\CodeIgniter.php(502): CodeIgniter\CodeIgniter->runController(Object(App\Controllers\Web))
#6 C:\laragon\www\geofisikaDNP\profileWeb\system\CodeIgniter.php(361): CodeIgniter\CodeIgniter->handleRequest(NULL, Object(Config\Cache), false)
#7 C:\laragon\www\geofisikaDNP\profileWeb\public\index.php(79): CodeIgniter\CodeIgniter->run()
#8 {main}
CRITICAL - 2024-03-30 12:22:43 --> Unknown column 'id_shakemap' in 'field list'
in SYSTEMPATH\Database\BaseConnection.php on line 647.
 1 APPPATH\Controllers\Web.php(157): CodeIgniter\Database\BaseConnection->query('INSERT INTO gempaindodirasakan (id,infogempa,id_shakemap) VALUES (\'20240326022323\',\'Info Gempa Mag:2.5 SR, 26-Mar-24 02:23:23 WIB, Lok:4.09 LS,121.86 BT (Pusat gempa berada di darat 2.9 km Barat Daya Loea, Kab. Kolaka Timur), Kedlmn:5 km :: Dirasakan: II Rate-Rate\',\'\')')
 2 SYSTEMPATH\CodeIgniter.php(939): App\Controllers\Web->simpan2()
 3 SYSTEMPATH\CodeIgniter.php(502): CodeIgniter\CodeIgniter->runController(Object(App\Controllers\Web))
 4 SYSTEMPATH\CodeIgniter.php(361): CodeIgniter\CodeIgniter->handleRequest(null, Object(Config\Cache), false)
 5 FCPATH\index.php(79): CodeIgniter\CodeIgniter->run()
ERROR - 2024-03-30 12:22:44 --> mysqli_sql_exception: Unknown column 'id_shakemap' in 'field list' in C:\laragon\www\geofisikaDNP\profileWeb\system\Database\MySQLi\Connection.php:306
Stack trace:
#0 C:\laragon\www\geofisikaDNP\profileWeb\system\Database\MySQLi\Connection.php(306): mysqli->query('INSERT INTO gem...', 0)
#1 C:\laragon\www\geofisikaDNP\profileWeb\system\Database\BaseConnection.php(693): CodeIgniter\Database\MySQLi\Connection->execute('INSERT INTO gem...')
#2 C:\laragon\www\geofisikaDNP\profileWeb\system\Database\BaseConnection.php(607): CodeIgniter\Database\BaseConnection->simpleQuery('INSERT INTO gem...')
#3 C:\laragon\www\geofisikaDNP\profileWeb\app\Controllers\Web.php(157): CodeIgniter\Database\BaseConnection->query('INSERT INTO gem...')
#4 C:\laragon\www\geofisikaDNP\profileWeb\system\CodeIgniter.php(939): App\Controllers\Web->simpan2()
#5 C:\laragon\www\geofisikaDNP\profileWeb\system\CodeIgniter.php(502): CodeIgniter\CodeIgniter->runController(Object(App\Controllers\Web))
#6 C:\laragon\www\geofisikaDNP\profileWeb\system\CodeIgniter.php(361): CodeIgniter\CodeIgniter->handleRequest(NULL, Object(Config\Cache), false)
#7 C:\laragon\www\geofisikaDNP\profileWeb\public\index.php(79): CodeIgniter\CodeIgniter->run()
#8 {main}
CRITICAL - 2024-03-30 12:22:44 --> Unknown column 'id_shakemap' in 'field list'
in SYSTEMPATH\Database\BaseConnection.php on line 647.
 1 APPPATH\Controllers\Web.php(157): CodeIgniter\Database\BaseConnection->query('INSERT INTO gempaindodirasakan (id,infogempa,id_shakemap) VALUES (\'20240326040554\',\'Info Gempa Mag:4.4 SR, 26-Mar-24 04:05:54 WIB, Lok:5.87 LS,112.46 BT (Pusat gempa berada di laut 123 km Timur Laut Tuban), Kedlmn:6 km :: Dirasakan: II-III Bawean\',\'\')')
 2 SYSTEMPATH\CodeIgniter.php(939): App\Controllers\Web->simpan2()
 3 SYSTEMPATH\CodeIgniter.php(502): CodeIgniter\CodeIgniter->runController(Object(App\Controllers\Web))
 4 SYSTEMPATH\CodeIgniter.php(361): CodeIgniter\CodeIgniter->handleRequest(null, Object(Config\Cache), false)
 5 FCPATH\index.php(79): CodeIgniter\CodeIgniter->run()
ERROR - 2024-03-30 12:22:44 --> mysqli_sql_exception: Unknown column 'id_shakemap' in 'field list' in C:\laragon\www\geofisikaDNP\profileWeb\system\Database\MySQLi\Connection.php:306
Stack trace:
#0 C:\laragon\www\geofisikaDNP\profileWeb\system\Database\MySQLi\Connection.php(306): mysqli->query('INSERT INTO gem...', 0)
#1 C:\laragon\www\geofisikaDNP\profileWeb\system\Database\BaseConnection.php(693): CodeIgniter\Database\MySQLi\Connection->execute('INSERT INTO gem...')
#2 C:\laragon\www\geofisikaDNP\profileWeb\system\Database\BaseConnection.php(607): CodeIgniter\Database\BaseConnection->simpleQuery('INSERT INTO gem...')
#3 C:\laragon\www\geofisikaDNP\profileWeb\app\Controllers\Web.php(157): CodeIgniter\Database\BaseConnection->query('INSERT INTO gem...')
#4 C:\laragon\www\geofisikaDNP\profileWeb\system\CodeIgniter.php(939): App\Controllers\Web->simpan2()
#5 C:\laragon\www\geofisikaDNP\profileWeb\system\CodeIgniter.php(502): CodeIgniter\CodeIgniter->runController(Object(App\Controllers\Web))
#6 C:\laragon\www\geofisikaDNP\profileWeb\system\CodeIgniter.php(361): CodeIgniter\CodeIgniter->handleRequest(NULL, Object(Config\Cache), false)
#7 C:\laragon\www\geofisikaDNP\profileWeb\public\index.php(79): CodeIgniter\CodeIgniter->run()
#8 {main}
CRITICAL - 2024-03-30 12:22:44 --> Unknown column 'id_shakemap' in 'field list'
in SYSTEMPATH\Database\BaseConnection.php on line 647.
 1 APPPATH\Controllers\Web.php(157): CodeIgniter\Database\BaseConnection->query('INSERT INTO gempaindodirasakan (id,infogempa,id_shakemap) VALUES (\'20240326044209\',\'Info Gempa Mag:3.9 SR, 26-Mar-24 04:42:09 WIB, Lok:1.62 LS,120.35 BT (Pusat gempa berada di darat 16 Km Timur Laut Doda, Kab.Poso), Kedlmn:10 km :: Dirasakan: II-III Poso\',\'\')')
 2 SYSTEMPATH\CodeIgniter.php(939): App\Controllers\Web->simpan2()
 3 SYSTEMPATH\CodeIgniter.php(502): CodeIgniter\CodeIgniter->runController(Object(App\Controllers\Web))
 4 SYSTEMPATH\CodeIgniter.php(361): CodeIgniter\CodeIgniter->handleRequest(null, Object(Config\Cache), false)
 5 FCPATH\index.php(79): CodeIgniter\CodeIgniter->run()
ERROR - 2024-03-30 12:22:44 --> mysqli_sql_exception: Unknown column 'id_shakemap' in 'field list' in C:\laragon\www\geofisikaDNP\profileWeb\system\Database\MySQLi\Connection.php:306
Stack trace:
#0 C:\laragon\www\geofisikaDNP\profileWeb\system\Database\MySQLi\Connection.php(306): mysqli->query('INSERT INTO gem...', 0)
#1 C:\laragon\www\geofisikaDNP\profileWeb\system\Database\BaseConnection.php(693): CodeIgniter\Database\MySQLi\Connection->execute('INSERT INTO gem...')
#2 C:\laragon\www\geofisikaDNP\profileWeb\system\Database\BaseConnection.php(607): CodeIgniter\Database\BaseConnection->simpleQuery('INSERT INTO gem...')
#3 C:\laragon\www\geofisikaDNP\profileWeb\app\Controllers\Web.php(157): CodeIgniter\Database\BaseConnection->query('INSERT INTO gem...')
#4 C:\laragon\www\geofisikaDNP\profileWeb\system\CodeIgniter.php(939): App\Controllers\Web->simpan2()
#5 C:\laragon\www\geofisikaDNP\profileWeb\system\CodeIgniter.php(502): CodeIgniter\CodeIgniter->runController(Object(App\Controllers\Web))
#6 C:\laragon\www\geofisikaDNP\profileWeb\system\CodeIgniter.php(361): CodeIgniter\CodeIgniter->handleRequest(NULL, Object(Config\Cache), false)
#7 C:\laragon\www\geofisikaDNP\profileWeb\public\index.php(79): CodeIgniter\CodeIgniter->run()
#8 {main}
CRITICAL - 2024-03-30 12:22:44 --> Unknown column 'id_shakemap' in 'field list'
in SYSTEMPATH\Database\BaseConnection.php on line 647.
 1 APPPATH\Controllers\Web.php(157): CodeIgniter\Database\BaseConnection->query('INSERT INTO gempaindodirasakan (id,infogempa,id_shakemap) VALUES (\'20240326050604\',\'Info Gempa Mag:3.1 SR, 26-Mar-24 05:06:04 WIB, Lok:6.82 LS,108.09 BT (Pusat gempa berada di darat 15 Km Barat Laut Kab.Majalengka), Kedlmn:5 km :: Dirasakan: II Bandung Barat, II Sumedang\',\'\')')
 2 SYSTEMPATH\CodeIgniter.php(939): App\Controllers\Web->simpan2()
 3 SYSTEMPATH\CodeIgniter.php(502): CodeIgniter\CodeIgniter->runController(Object(App\Controllers\Web))
 4 SYSTEMPATH\CodeIgniter.php(361): CodeIgniter\CodeIgniter->handleRequest(null, Object(Config\Cache), false)
 5 FCPATH\index.php(79): CodeIgniter\CodeIgniter->run()
ERROR - 2024-03-30 12:22:45 --> mysqli_sql_exception: Unknown column 'id_shakemap' in 'field list' in C:\laragon\www\geofisikaDNP\profileWeb\system\Database\MySQLi\Connection.php:306
Stack trace:
#0 C:\laragon\www\geofisikaDNP\profileWeb\system\Database\MySQLi\Connection.php(306): mysqli->query('INSERT INTO gem...', 0)
#1 C:\laragon\www\geofisikaDNP\profileWeb\system\Database\BaseConnection.php(693): CodeIgniter\Database\MySQLi\Connection->execute('INSERT INTO gem...')
#2 C:\laragon\www\geofisikaDNP\profileWeb\system\Database\BaseConnection.php(607): CodeIgniter\Database\BaseConnection->simpleQuery('INSERT INTO gem...')
#3 C:\laragon\www\geofisikaDNP\profileWeb\app\Controllers\Web.php(157): CodeIgniter\Database\BaseConnection->query('INSERT INTO gem...')
#4 C:\laragon\www\geofisikaDNP\profileWeb\system\CodeIgniter.php(939): App\Controllers\Web->simpan2()
#5 C:\laragon\www\geofisikaDNP\profileWeb\system\CodeIgniter.php(502): CodeIgniter\CodeIgniter->runController(Object(App\Controllers\Web))
#6 C:\laragon\www\geofisikaDNP\profileWeb\system\CodeIgniter.php(361): CodeIgniter\CodeIgniter->handleRequest(NULL, Object(Config\Cache), false)
#7 C:\laragon\www\geofisikaDNP\profileWeb\public\index.php(79): CodeIgniter\CodeIgniter->run()
#8 {main}
CRITICAL - 2024-03-30 12:22:45 --> Unknown column 'id_shakemap' in 'field list'
in SYSTEMPATH\Database\BaseConnection.php on line 647.
 1 APPPATH\Controllers\Web.php(157): CodeIgniter\Database\BaseConnection->query('INSERT INTO gempaindodirasakan (id,infogempa,id_shakemap) VALUES (\'20240326130747\',\'Info Gempa Mag:4.3 SR, 26-Mar-24 13:07:47 WIB, Lok:5.61 LS,112.56 BT (Pusat gempa berada di laut 154 km TimurLaut Tuban), Kedlmn:10 km :: Dirasakan: II Bawean\',\'\')')
 2 SYSTEMPATH\CodeIgniter.php(939): App\Controllers\Web->simpan2()
 3 SYSTEMPATH\CodeIgniter.php(502): CodeIgniter\CodeIgniter->runController(Object(App\Controllers\Web))
 4 SYSTEMPATH\CodeIgniter.php(361): CodeIgniter\CodeIgniter->handleRequest(null, Object(Config\Cache), false)
 5 FCPATH\index.php(79): CodeIgniter\CodeIgniter->run()
ERROR - 2024-03-30 12:22:45 --> mysqli_sql_exception: Unknown column 'id_shakemap' in 'field list' in C:\laragon\www\geofisikaDNP\profileWeb\system\Database\MySQLi\Connection.php:306
Stack trace:
#0 C:\laragon\www\geofisikaDNP\profileWeb\system\Database\MySQLi\Connection.php(306): mysqli->query('INSERT INTO gem...', 0)
#1 C:\laragon\www\geofisikaDNP\profileWeb\system\Database\BaseConnection.php(693): CodeIgniter\Database\MySQLi\Connection->execute('INSERT INTO gem...')
#2 C:\laragon\www\geofisikaDNP\profileWeb\system\Database\BaseConnection.php(607): CodeIgniter\Database\BaseConnection->simpleQuery('INSERT INTO gem...')
#3 C:\laragon\www\geofisikaDNP\profileWeb\app\Controllers\Web.php(157): CodeIgniter\Database\BaseConnection->query('INSERT INTO gem...')
#4 C:\laragon\www\geofisikaDNP\profileWeb\system\CodeIgniter.php(939): App\Controllers\Web->simpan2()
#5 C:\laragon\www\geofisikaDNP\profileWeb\system\CodeIgniter.php(502): CodeIgniter\CodeIgniter->runController(Object(App\Controllers\Web))
#6 C:\laragon\www\geofisikaDNP\profileWeb\system\CodeIgniter.php(361): CodeIgniter\CodeIgniter->handleRequest(NULL, Object(Config\Cache), false)
#7 C:\laragon\www\geofisikaDNP\profileWeb\public\index.php(79): CodeIgniter\CodeIgniter->run()
#8 {main}
CRITICAL - 2024-03-30 12:22:45 --> Unknown column 'id_shakemap' in 'field list'
in SYSTEMPATH\Database\BaseConnection.php on line 647.
 1 APPPATH\Controllers\Web.php(157): CodeIgniter\Database\BaseConnection->query('INSERT INTO gempaindodirasakan (id,infogempa,id_shakemap) VALUES (\'20240326141412\',\'Info Gempa Mag:4.2 SR, 26-Mar-24 14:14:12 WIB, Lok:5.73 LS,112.56 BT (Pusat gempa berada di laut 142 km Timur Laut Tuban), Kedlmn:10 km :: Dirasakan: II Bawean\',\'\')')
 2 SYSTEMPATH\CodeIgniter.php(939): App\Controllers\Web->simpan2()
 3 SYSTEMPATH\CodeIgniter.php(502): CodeIgniter\CodeIgniter->runController(Object(App\Controllers\Web))
 4 SYSTEMPATH\CodeIgniter.php(361): CodeIgniter\CodeIgniter->handleRequest(null, Object(Config\Cache), false)
 5 FCPATH\index.php(79): CodeIgniter\CodeIgniter->run()
ERROR - 2024-03-30 12:22:45 --> mysqli_sql_exception: Unknown column 'id_shakemap' in 'field list' in C:\laragon\www\geofisikaDNP\profileWeb\system\Database\MySQLi\Connection.php:306
Stack trace:
#0 C:\laragon\www\geofisikaDNP\profileWeb\system\Database\MySQLi\Connection.php(306): mysqli->query('INSERT INTO gem...', 0)
#1 C:\laragon\www\geofisikaDNP\profileWeb\system\Database\BaseConnection.php(693): CodeIgniter\Database\MySQLi\Connection->execute('INSERT INTO gem...')
#2 C:\laragon\www\geofisikaDNP\profileWeb\system\Database\BaseConnection.php(607): CodeIgniter\Database\BaseConnection->simpleQuery('INSERT INTO gem...')
#3 C:\laragon\www\geofisikaDNP\profileWeb\app\Controllers\Web.php(157): CodeIgniter\Database\BaseConnection->query('INSERT INTO gem...')
#4 C:\laragon\www\geofisikaDNP\profileWeb\system\CodeIgniter.php(939): App\Controllers\Web->simpan2()
#5 C:\laragon\www\geofisikaDNP\profileWeb\system\CodeIgniter.php(502): CodeIgniter\CodeIgniter->runController(Object(App\Controllers\Web))
#6 C:\laragon\www\geofisikaDNP\profileWeb\system\CodeIgniter.php(361): CodeIgniter\CodeIgniter->handleRequest(NULL, Object(Config\Cache), false)
#7 C:\laragon\www\geofisikaDNP\profileWeb\public\index.php(79): CodeIgniter\CodeIgniter->run()
#8 {main}
CRITICAL - 2024-03-30 12:22:45 --> Unknown column 'id_shakemap' in 'field list'
in SYSTEMPATH\Database\BaseConnection.php on line 647.
 1 APPPATH\Controllers\Web.php(157): CodeIgniter\Database\BaseConnection->query('INSERT INTO gempaindodirasakan (id,infogempa,id_shakemap) VALUES (\'20240326152920\',\'Info Gempa Mag:3.4 SR, 26-Mar-24 15:29:20 WIB, Lok:4.38 LS,122.64 BT (Pusat gempa berada di darat, 4.1 km TimurLaut Lainea, Kab. Konawe Selatan), Kedlmn:5 km :: Dirasakan: II-III Konawe Selatan\',\'\')')
 2 SYSTEMPATH\CodeIgniter.php(939): App\Controllers\Web->simpan2()
 3 SYSTEMPATH\CodeIgniter.php(502): CodeIgniter\CodeIgniter->runController(Object(App\Controllers\Web))
 4 SYSTEMPATH\CodeIgniter.php(361): CodeIgniter\CodeIgniter->handleRequest(null, Object(Config\Cache), false)
 5 FCPATH\index.php(79): CodeIgniter\CodeIgniter->run()
ERROR - 2024-03-30 12:22:45 --> mysqli_sql_exception: Unknown column 'id_shakemap' in 'field list' in C:\laragon\www\geofisikaDNP\profileWeb\system\Database\MySQLi\Connection.php:306
Stack trace:
#0 C:\laragon\www\geofisikaDNP\profileWeb\system\Database\MySQLi\Connection.php(306): mysqli->query('INSERT INTO gem...', 0)
#1 C:\laragon\www\geofisikaDNP\profileWeb\system\Database\BaseConnection.php(693): CodeIgniter\Database\MySQLi\Connection->execute('INSERT INTO gem...')
#2 C:\laragon\www\geofisikaDNP\profileWeb\system\Database\BaseConnection.php(607): CodeIgniter\Database\BaseConnection->simpleQuery('INSERT INTO gem...')
#3 C:\laragon\www\geofisikaDNP\profileWeb\app\Controllers\Web.php(157): CodeIgniter\Database\BaseConnection->query('INSERT INTO gem...')
#4 C:\laragon\www\geofisikaDNP\profileWeb\system\CodeIgniter.php(939): App\Controllers\Web->simpan2()
#5 C:\laragon\www\geofisikaDNP\profileWeb\system\CodeIgniter.php(502): CodeIgniter\CodeIgniter->runController(Object(App\Controllers\Web))
#6 C:\laragon\www\geofisikaDNP\profileWeb\system\CodeIgniter.php(361): CodeIgniter\CodeIgniter->handleRequest(NULL, Object(Config\Cache), false)
#7 C:\laragon\www\geofisikaDNP\profileWeb\public\index.php(79): CodeIgniter\CodeIgniter->run()
#8 {main}
CRITICAL - 2024-03-30 12:22:45 --> Unknown column 'id_shakemap' in 'field list'
in SYSTEMPATH\Database\BaseConnection.php on line 647.
 1 APPPATH\Controllers\Web.php(157): CodeIgniter\Database\BaseConnection->query('INSERT INTO gempaindodirasakan (id,infogempa,id_shakemap) VALUES (\'20240326215410\',\'Info Gempa Mag:4.1 SR, 26-Mar-24 21:54:10 WIB, Lok:5.61 LS,112.55 BT (Pusat gempa berada di Laut 154 km TimurLaut Tuban), Kedlmn:10 km :: Dirasakan: II-III Bawean\',\'\')')
 2 SYSTEMPATH\CodeIgniter.php(939): App\Controllers\Web->simpan2()
 3 SYSTEMPATH\CodeIgniter.php(502): CodeIgniter\CodeIgniter->runController(Object(App\Controllers\Web))
 4 SYSTEMPATH\CodeIgniter.php(361): CodeIgniter\CodeIgniter->handleRequest(null, Object(Config\Cache), false)
 5 FCPATH\index.php(79): CodeIgniter\CodeIgniter->run()
ERROR - 2024-03-30 12:22:46 --> mysqli_sql_exception: Unknown column 'id_shakemap' in 'field list' in C:\laragon\www\geofisikaDNP\profileWeb\system\Database\MySQLi\Connection.php:306
Stack trace:
#0 C:\laragon\www\geofisikaDNP\profileWeb\system\Database\MySQLi\Connection.php(306): mysqli->query('INSERT INTO gem...', 0)
#1 C:\laragon\www\geofisikaDNP\profileWeb\system\Database\BaseConnection.php(693): CodeIgniter\Database\MySQLi\Connection->execute('INSERT INTO gem...')
#2 C:\laragon\www\geofisikaDNP\profileWeb\system\Database\BaseConnection.php(607): CodeIgniter\Database\BaseConnection->simpleQuery('INSERT INTO gem...')
#3 C:\laragon\www\geofisikaDNP\profileWeb\app\Controllers\Web.php(157): CodeIgniter\Database\BaseConnection->query('INSERT INTO gem...')
#4 C:\laragon\www\geofisikaDNP\profileWeb\system\CodeIgniter.php(939): App\Controllers\Web->simpan2()
#5 C:\laragon\www\geofisikaDNP\profileWeb\system\CodeIgniter.php(502): CodeIgniter\CodeIgniter->runController(Object(App\Controllers\Web))
#6 C:\laragon\www\geofisikaDNP\profileWeb\system\CodeIgniter.php(361): CodeIgniter\CodeIgniter->handleRequest(NULL, Object(Config\Cache), false)
#7 C:\laragon\www\geofisikaDNP\profileWeb\public\index.php(79): CodeIgniter\CodeIgniter->run()
#8 {main}
CRITICAL - 2024-03-30 12:22:46 --> Unknown column 'id_shakemap' in 'field list'
in SYSTEMPATH\Database\BaseConnection.php on line 647.
 1 APPPATH\Controllers\Web.php(157): CodeIgniter\Database\BaseConnection->query('INSERT INTO gempaindodirasakan (id,infogempa,id_shakemap) VALUES (\'20240327151012\',\'Info Gempa Mag:4.1 SR, 27-Mar-24 15:10:12 WIB, Lok:2.14 LS,136.64 BT (Pusat gempa berada didarat 31km TimurLaut Waropen), Kedlmn:17 km :: Dirasakan: II Serui\',\'\')')
 2 SYSTEMPATH\CodeIgniter.php(939): App\Controllers\Web->simpan2()
 3 SYSTEMPATH\CodeIgniter.php(502): CodeIgniter\CodeIgniter->runController(Object(App\Controllers\Web))
 4 SYSTEMPATH\CodeIgniter.php(361): CodeIgniter\CodeIgniter->handleRequest(null, Object(Config\Cache), false)
 5 FCPATH\index.php(79): CodeIgniter\CodeIgniter->run()
ERROR - 2024-03-30 12:22:46 --> mysqli_sql_exception: Unknown column 'id_shakemap' in 'field list' in C:\laragon\www\geofisikaDNP\profileWeb\system\Database\MySQLi\Connection.php:306
Stack trace:
#0 C:\laragon\www\geofisikaDNP\profileWeb\system\Database\MySQLi\Connection.php(306): mysqli->query('INSERT INTO gem...', 0)
#1 C:\laragon\www\geofisikaDNP\profileWeb\system\Database\BaseConnection.php(693): CodeIgniter\Database\MySQLi\Connection->execute('INSERT INTO gem...')
#2 C:\laragon\www\geofisikaDNP\profileWeb\system\Database\BaseConnection.php(607): CodeIgniter\Database\BaseConnection->simpleQuery('INSERT INTO gem...')
#3 C:\laragon\www\geofisikaDNP\profileWeb\app\Controllers\Web.php(157): CodeIgniter\Database\BaseConnection->query('INSERT INTO gem...')
#4 C:\laragon\www\geofisikaDNP\profileWeb\system\CodeIgniter.php(939): App\Controllers\Web->simpan2()
#5 C:\laragon\www\geofisikaDNP\profileWeb\system\CodeIgniter.php(502): CodeIgniter\CodeIgniter->runController(Object(App\Controllers\Web))
#6 C:\laragon\www\geofisikaDNP\profileWeb\system\CodeIgniter.php(361): CodeIgniter\CodeIgniter->handleRequest(NULL, Object(Config\Cache), false)
#7 C:\laragon\www\geofisikaDNP\profileWeb\public\index.php(79): CodeIgniter\CodeIgniter->run()
#8 {main}
CRITICAL - 2024-03-30 12:22:46 --> Unknown column 'id_shakemap' in 'field list'
in SYSTEMPATH\Database\BaseConnection.php on line 647.
 1 APPPATH\Controllers\Web.php(157): CodeIgniter\Database\BaseConnection->query('INSERT INTO gempabalidirasakan (id,infogempa,id_shakemap) VALUES (\'20240328024659\',\'Info Gempa Mag:3.2 SR, 28-Mar-24 02:46:59 WIB, Lok:8.50 LS,116.87 BT (Pusat gempa berada di darat 7 km BaratDaya Pulaupanjang), Kedlmn:11 km :: Dirasakan: II Kab Sumbawa\',\'\')')
 2 SYSTEMPATH\CodeIgniter.php(939): App\Controllers\Web->simpan2()
 3 SYSTEMPATH\CodeIgniter.php(502): CodeIgniter\CodeIgniter->runController(Object(App\Controllers\Web))
 4 SYSTEMPATH\CodeIgniter.php(361): CodeIgniter\CodeIgniter->handleRequest(null, Object(Config\Cache), false)
 5 FCPATH\index.php(79): CodeIgniter\CodeIgniter->run()
ERROR - 2024-03-30 12:22:46 --> mysqli_sql_exception: Unknown column 'id_shakemap' in 'field list' in C:\laragon\www\geofisikaDNP\profileWeb\system\Database\MySQLi\Connection.php:306
Stack trace:
#0 C:\laragon\www\geofisikaDNP\profileWeb\system\Database\MySQLi\Connection.php(306): mysqli->query('INSERT INTO gem...', 0)
#1 C:\laragon\www\geofisikaDNP\profileWeb\system\Database\BaseConnection.php(693): CodeIgniter\Database\MySQLi\Connection->execute('INSERT INTO gem...')
#2 C:\laragon\www\geofisikaDNP\profileWeb\system\Database\BaseConnection.php(607): CodeIgniter\Database\BaseConnection->simpleQuery('INSERT INTO gem...')
#3 C:\laragon\www\geofisikaDNP\profileWeb\app\Controllers\Web.php(157): CodeIgniter\Database\BaseConnection->query('INSERT INTO gem...')
#4 C:\laragon\www\geofisikaDNP\profileWeb\system\CodeIgniter.php(939): App\Controllers\Web->simpan2()
#5 C:\laragon\www\geofisikaDNP\profileWeb\system\CodeIgniter.php(502): CodeIgniter\CodeIgniter->runController(Object(App\Controllers\Web))
#6 C:\laragon\www\geofisikaDNP\profileWeb\system\CodeIgniter.php(361): CodeIgniter\CodeIgniter->handleRequest(NULL, Object(Config\Cache), false)
#7 C:\laragon\www\geofisikaDNP\profileWeb\public\index.php(79): CodeIgniter\CodeIgniter->run()
#8 {main}
CRITICAL - 2024-03-30 12:22:46 --> Unknown column 'id_shakemap' in 'field list'
in SYSTEMPATH\Database\BaseConnection.php on line 647.
 1 APPPATH\Controllers\Web.php(157): CodeIgniter\Database\BaseConnection->query('INSERT INTO gempaindodirasakan (id,infogempa,id_shakemap) VALUES (\'20240328024659\',\'Info Gempa Mag:3.2 SR, 28-Mar-24 02:46:59 WIB, Lok:8.50 LS,116.87 BT (Pusat gempa berada di darat 7 km BaratDaya Pulaupanjang), Kedlmn:11 km :: Dirasakan: II Kab Sumbawa\',\'\')')
 2 SYSTEMPATH\CodeIgniter.php(939): App\Controllers\Web->simpan2()
 3 SYSTEMPATH\CodeIgniter.php(502): CodeIgniter\CodeIgniter->runController(Object(App\Controllers\Web))
 4 SYSTEMPATH\CodeIgniter.php(361): CodeIgniter\CodeIgniter->handleRequest(null, Object(Config\Cache), false)
 5 FCPATH\index.php(79): CodeIgniter\CodeIgniter->run()
ERROR - 2024-03-30 12:22:46 --> mysqli_sql_exception: Unknown column 'id_shakemap' in 'field list' in C:\laragon\www\geofisikaDNP\profileWeb\system\Database\MySQLi\Connection.php:306
Stack trace:
#0 C:\laragon\www\geofisikaDNP\profileWeb\system\Database\MySQLi\Connection.php(306): mysqli->query('INSERT INTO gem...', 0)
#1 C:\laragon\www\geofisikaDNP\profileWeb\system\Database\BaseConnection.php(693): CodeIgniter\Database\MySQLi\Connection->execute('INSERT INTO gem...')
#2 C:\laragon\www\geofisikaDNP\profileWeb\system\Database\BaseConnection.php(607): CodeIgniter\Database\BaseConnection->simpleQuery('INSERT INTO gem...')
#3 C:\laragon\www\geofisikaDNP\profileWeb\app\Controllers\Web.php(157): CodeIgniter\Database\BaseConnection->query('INSERT INTO gem...')
#4 C:\laragon\www\geofisikaDNP\profileWeb\system\CodeIgniter.php(939): App\Controllers\Web->simpan2()
#5 C:\laragon\www\geofisikaDNP\profileWeb\system\CodeIgniter.php(502): CodeIgniter\CodeIgniter->runController(Object(App\Controllers\Web))
#6 C:\laragon\www\geofisikaDNP\profileWeb\system\CodeIgniter.php(361): CodeIgniter\CodeIgniter->handleRequest(NULL, Object(Config\Cache), false)
#7 C:\laragon\www\geofisikaDNP\profileWeb\public\index.php(79): CodeIgniter\CodeIgniter->run()
#8 {main}
CRITICAL - 2024-03-30 12:22:46 --> Unknown column 'id_shakemap' in 'field list'
in SYSTEMPATH\Database\BaseConnection.php on line 647.
 1 APPPATH\Controllers\Web.php(157): CodeIgniter\Database\BaseConnection->query('INSERT INTO gempaindodirasakan (id,infogempa,id_shakemap) VALUES (\'20240328092814\',\'Info Gempa Mag:3.3 SR, 28-Mar-24 09:28:14 WIB, Lok:3.66 LS,116.15 BT (Pusat gempa berada di darat 68 km Tenggara Tanah Bumbu), Kedlmn:6 km :: Dirasakan: II-III Kotabaru\',\'\')')
 2 SYSTEMPATH\CodeIgniter.php(939): App\Controllers\Web->simpan2()
 3 SYSTEMPATH\CodeIgniter.php(502): CodeIgniter\CodeIgniter->runController(Object(App\Controllers\Web))
 4 SYSTEMPATH\CodeIgniter.php(361): CodeIgniter\CodeIgniter->handleRequest(null, Object(Config\Cache), false)
 5 FCPATH\index.php(79): CodeIgniter\CodeIgniter->run()
ERROR - 2024-03-30 12:22:46 --> mysqli_sql_exception: Unknown column 'id_shakemap' in 'field list' in C:\laragon\www\geofisikaDNP\profileWeb\system\Database\MySQLi\Connection.php:306
Stack trace:
#0 C:\laragon\www\geofisikaDNP\profileWeb\system\Database\MySQLi\Connection.php(306): mysqli->query('INSERT INTO gem...', 0)
#1 C:\laragon\www\geofisikaDNP\profileWeb\system\Database\BaseConnection.php(693): CodeIgniter\Database\MySQLi\Connection->execute('INSERT INTO gem...')
#2 C:\laragon\www\geofisikaDNP\profileWeb\system\Database\BaseConnection.php(607): CodeIgniter\Database\BaseConnection->simpleQuery('INSERT INTO gem...')
#3 C:\laragon\www\geofisikaDNP\profileWeb\app\Controllers\Web.php(157): CodeIgniter\Database\BaseConnection->query('INSERT INTO gem...')
#4 C:\laragon\www\geofisikaDNP\profileWeb\system\CodeIgniter.php(939): App\Controllers\Web->simpan2()
#5 C:\laragon\www\geofisikaDNP\profileWeb\system\CodeIgniter.php(502): CodeIgniter\CodeIgniter->runController(Object(App\Controllers\Web))
#6 C:\laragon\www\geofisikaDNP\profileWeb\system\CodeIgniter.php(361): CodeIgniter\CodeIgniter->handleRequest(NULL, Object(Config\Cache), false)
#7 C:\laragon\www\geofisikaDNP\profileWeb\public\index.php(79): CodeIgniter\CodeIgniter->run()
#8 {main}
CRITICAL - 2024-03-30 12:22:46 --> Unknown column 'id_shakemap' in 'field list'
in SYSTEMPATH\Database\BaseConnection.php on line 647.
 1 APPPATH\Controllers\Web.php(157): CodeIgniter\Database\BaseConnection->query('INSERT INTO gempaindodirasakan (id,infogempa,id_shakemap) VALUES (\'20240328150152\',\'Info Gempa Mag:5.0 SR, 28-Mar-24 15:01:52 WIB, Lok:9.30 LS,110.17 BT (Pusat gempa berada di Laut 153 Km BaratDaya Gunung Kidul), Kedlmn:10 km :: Dirasakan: III Kulonprogo, II Bantul, II Pacitan, II Trenggalek, II Wonogiri, II Sleman\',\'\')')
 2 SYSTEMPATH\CodeIgniter.php(939): App\Controllers\Web->simpan2()
 3 SYSTEMPATH\CodeIgniter.php(502): CodeIgniter\CodeIgniter->runController(Object(App\Controllers\Web))
 4 SYSTEMPATH\CodeIgniter.php(361): CodeIgniter\CodeIgniter->handleRequest(null, Object(Config\Cache), false)
 5 FCPATH\index.php(79): CodeIgniter\CodeIgniter->run()
ERROR - 2024-03-30 12:22:47 --> mysqli_sql_exception: Unknown column 'id_shakemap' in 'field list' in C:\laragon\www\geofisikaDNP\profileWeb\system\Database\MySQLi\Connection.php:306
Stack trace:
#0 C:\laragon\www\geofisikaDNP\profileWeb\system\Database\MySQLi\Connection.php(306): mysqli->query('INSERT INTO gem...', 0)
#1 C:\laragon\www\geofisikaDNP\profileWeb\system\Database\BaseConnection.php(693): CodeIgniter\Database\MySQLi\Connection->execute('INSERT INTO gem...')
#2 C:\laragon\www\geofisikaDNP\profileWeb\system\Database\BaseConnection.php(607): CodeIgniter\Database\BaseConnection->simpleQuery('INSERT INTO gem...')
#3 C:\laragon\www\geofisikaDNP\profileWeb\app\Controllers\Web.php(157): CodeIgniter\Database\BaseConnection->query('INSERT INTO gem...')
#4 C:\laragon\www\geofisikaDNP\profileWeb\system\CodeIgniter.php(939): App\Controllers\Web->simpan2()
#5 C:\laragon\www\geofisikaDNP\profileWeb\system\CodeIgniter.php(502): CodeIgniter\CodeIgniter->runController(Object(App\Controllers\Web))
#6 C:\laragon\www\geofisikaDNP\profileWeb\system\CodeIgniter.php(361): CodeIgniter\CodeIgniter->handleRequest(NULL, Object(Config\Cache), false)
#7 C:\laragon\www\geofisikaDNP\profileWeb\public\index.php(79): CodeIgniter\CodeIgniter->run()
#8 {main}
CRITICAL - 2024-03-30 12:22:47 --> Unknown column 'id_shakemap' in 'field list'
in SYSTEMPATH\Database\BaseConnection.php on line 647.
 1 APPPATH\Controllers\Web.php(157): CodeIgniter\Database\BaseConnection->query('INSERT INTO gempaindodirasakan (id,infogempa,id_shakemap) VALUES (\'20240329042303\',\'Info Gempa Mag:4.8 SR, 29-Mar-24 04:23:03 WIB, Lok:5.86 LS,112.52 BT (Pusat gempa berada di laut 127 km TimurLaut Tuban), Kedlmn:10 km :: Dirasakan: II-III Bawean, II-III Lamongan, II-III Gresik, II-III Tuban, II Pati, II Rembang\',\'\')')
 2 SYSTEMPATH\CodeIgniter.php(939): App\Controllers\Web->simpan2()
 3 SYSTEMPATH\CodeIgniter.php(502): CodeIgniter\CodeIgniter->runController(Object(App\Controllers\Web))
 4 SYSTEMPATH\CodeIgniter.php(361): CodeIgniter\CodeIgniter->handleRequest(null, Object(Config\Cache), false)
 5 FCPATH\index.php(79): CodeIgniter\CodeIgniter->run()
ERROR - 2024-03-30 12:22:47 --> mysqli_sql_exception: Unknown column 'id_shakemap' in 'field list' in C:\laragon\www\geofisikaDNP\profileWeb\system\Database\MySQLi\Connection.php:306
Stack trace:
#0 C:\laragon\www\geofisikaDNP\profileWeb\system\Database\MySQLi\Connection.php(306): mysqli->query('INSERT INTO gem...', 0)
#1 C:\laragon\www\geofisikaDNP\profileWeb\system\Database\BaseConnection.php(693): CodeIgniter\Database\MySQLi\Connection->execute('INSERT INTO gem...')
#2 C:\laragon\www\geofisikaDNP\profileWeb\system\Database\BaseConnection.php(607): CodeIgniter\Database\BaseConnection->simpleQuery('INSERT INTO gem...')
#3 C:\laragon\www\geofisikaDNP\profileWeb\app\Controllers\Web.php(157): CodeIgniter\Database\BaseConnection->query('INSERT INTO gem...')
#4 C:\laragon\www\geofisikaDNP\profileWeb\system\CodeIgniter.php(939): App\Controllers\Web->simpan2()
#5 C:\laragon\www\geofisikaDNP\profileWeb\system\CodeIgniter.php(502): CodeIgniter\CodeIgniter->runController(Object(App\Controllers\Web))
#6 C:\laragon\www\geofisikaDNP\profileWeb\system\CodeIgniter.php(361): CodeIgniter\CodeIgniter->handleRequest(NULL, Object(Config\Cache), false)
#7 C:\laragon\www\geofisikaDNP\profileWeb\public\index.php(79): CodeIgniter\CodeIgniter->run()
#8 {main}
CRITICAL - 2024-03-30 12:22:47 --> Unknown column 'id_shakemap' in 'field list'
in SYSTEMPATH\Database\BaseConnection.php on line 647.
 1 APPPATH\Controllers\Web.php(157): CodeIgniter\Database\BaseConnection->query('INSERT INTO gempaindodirasakan (id,infogempa,id_shakemap) VALUES (\'20240329212242\',\'Info Gempa Mag:3.0 SR, 29-Mar-24 21:22:42 WIB, Lok:6.73 LS,106.63 BT (Pusat gempa berada di darat 23 km Barat Daya Kota Bogor), Kedlmn:4 km :: Dirasakan: II-III Pamijahan, II-III Kalapanunggal, II Bogor\',\'\')')
 2 SYSTEMPATH\CodeIgniter.php(939): App\Controllers\Web->simpan2()
 3 SYSTEMPATH\CodeIgniter.php(502): CodeIgniter\CodeIgniter->runController(Object(App\Controllers\Web))
 4 SYSTEMPATH\CodeIgniter.php(361): CodeIgniter\CodeIgniter->handleRequest(null, Object(Config\Cache), false)
 5 FCPATH\index.php(79): CodeIgniter\CodeIgniter->run()
ERROR - 2024-03-30 12:22:47 --> mysqli_sql_exception: Unknown column 'id_shakemap' in 'field list' in C:\laragon\www\geofisikaDNP\profileWeb\system\Database\MySQLi\Connection.php:306
Stack trace:
#0 C:\laragon\www\geofisikaDNP\profileWeb\system\Database\MySQLi\Connection.php(306): mysqli->query('INSERT INTO gem...', 0)
#1 C:\laragon\www\geofisikaDNP\profileWeb\system\Database\BaseConnection.php(693): CodeIgniter\Database\MySQLi\Connection->execute('INSERT INTO gem...')
#2 C:\laragon\www\geofisikaDNP\profileWeb\system\Database\BaseConnection.php(607): CodeIgniter\Database\BaseConnection->simpleQuery('INSERT INTO gem...')
#3 C:\laragon\www\geofisikaDNP\profileWeb\app\Controllers\Web.php(157): CodeIgniter\Database\BaseConnection->query('INSERT INTO gem...')
#4 C:\laragon\www\geofisikaDNP\profileWeb\system\CodeIgniter.php(939): App\Controllers\Web->simpan2()
#5 C:\laragon\www\geofisikaDNP\profileWeb\system\CodeIgniter.php(502): CodeIgniter\CodeIgniter->runController(Object(App\Controllers\Web))
#6 C:\laragon\www\geofisikaDNP\profileWeb\system\CodeIgniter.php(361): CodeIgniter\CodeIgniter->handleRequest(NULL, Object(Config\Cache), false)
#7 C:\laragon\www\geofisikaDNP\profileWeb\public\index.php(79): CodeIgniter\CodeIgniter->run()
#8 {main}
CRITICAL - 2024-03-30 12:22:47 --> Unknown column 'id_shakemap' in 'field list'
in SYSTEMPATH\Database\BaseConnection.php on line 647.
 1 APPPATH\Controllers\Web.php(157): CodeIgniter\Database\BaseConnection->query('INSERT INTO gempaindodirasakan (id,infogempa,id_shakemap) VALUES (\'20240330190630\',\'Info Gempa Mag:4.3 SR, 30-Mar-24 19:06:30 WIB, Lok:8.38 LS,119.29 BT (Pusat gempa berada di laut 60 km TimurLaut Kota Bima), Kedlmn:13 km :: Dirasakan: II Bima\',\'\')')
 2 SYSTEMPATH\CodeIgniter.php(939): App\Controllers\Web->simpan2()
 3 SYSTEMPATH\CodeIgniter.php(502): CodeIgniter\CodeIgniter->runController(Object(App\Controllers\Web))
 4 SYSTEMPATH\CodeIgniter.php(361): CodeIgniter\CodeIgniter->handleRequest(null, Object(Config\Cache), false)
 5 FCPATH\index.php(79): CodeIgniter\CodeIgniter->run()
ERROR - 2024-03-30 12:24:43 --> mysqli_sql_exception: Unknown column 'id_shakemap' in 'field list' in C:\laragon\www\geofisikaDNP\profileWeb\system\Database\MySQLi\Connection.php:306
Stack trace:
#0 C:\laragon\www\geofisikaDNP\profileWeb\system\Database\MySQLi\Connection.php(306): mysqli->query('INSERT INTO gem...', 0)
#1 C:\laragon\www\geofisikaDNP\profileWeb\system\Database\BaseConnection.php(693): CodeIgniter\Database\MySQLi\Connection->execute('INSERT INTO gem...')
#2 C:\laragon\www\geofisikaDNP\profileWeb\system\Database\BaseConnection.php(607): CodeIgniter\Database\BaseConnection->simpleQuery('INSERT INTO gem...')
#3 C:\laragon\www\geofisikaDNP\profileWeb\app\Controllers\Web.php(157): CodeIgniter\Database\BaseConnection->query('INSERT INTO gem...')
#4 C:\laragon\www\geofisikaDNP\profileWeb\system\CodeIgniter.php(939): App\Controllers\Web->simpan2()
#5 C:\laragon\www\geofisikaDNP\profileWeb\system\CodeIgniter.php(502): CodeIgniter\CodeIgniter->runController(Object(App\Controllers\Web))
#6 C:\laragon\www\geofisikaDNP\profileWeb\system\CodeIgniter.php(361): CodeIgniter\CodeIgniter->handleRequest(NULL, Object(Config\Cache), false)
#7 C:\laragon\www\geofisikaDNP\profileWeb\public\index.php(79): CodeIgniter\CodeIgniter->run()
#8 {main}
CRITICAL - 2024-03-30 12:24:43 --> Unknown column 'id_shakemap' in 'field list'
in SYSTEMPATH\Database\BaseConnection.php on line 647.
 1 APPPATH\Controllers\Web.php(157): CodeIgniter\Database\BaseConnection->query('INSERT INTO gempapgr3 (id,infogempa,id_shakemap) VALUES (\'20240330191803\',\'Info Gempa Mag:2.3 SR, 30-Mar-24 19:18:03 WIB, Lok:8.44 LS,119.28 BT (59 km TimurLaut KOTA-BIMA-NTB), Kedlmn:12 Km ::BMKG-KHK\',\'\')')
 2 SYSTEMPATH\CodeIgniter.php(939): App\Controllers\Web->simpan2()
 3 SYSTEMPATH\CodeIgniter.php(502): CodeIgniter\CodeIgniter->runController(Object(App\Controllers\Web))
 4 SYSTEMPATH\CodeIgniter.php(361): CodeIgniter\CodeIgniter->handleRequest(null, Object(Config\Cache), false)
 5 FCPATH\index.php(79): CodeIgniter\CodeIgniter->run()
ERROR - 2024-03-30 12:35:42 --> mysqli_sql_exception: Unknown column 'id_shakemap' in 'field list' in C:\laragon\www\geofisikaDNP\profileWeb\system\Database\MySQLi\Connection.php:306
Stack trace:
#0 C:\laragon\www\geofisikaDNP\profileWeb\system\Database\MySQLi\Connection.php(306): mysqli->query('INSERT INTO gem...', 0)
#1 C:\laragon\www\geofisikaDNP\profileWeb\system\Database\BaseConnection.php(693): CodeIgniter\Database\MySQLi\Connection->execute('INSERT INTO gem...')
#2 C:\laragon\www\geofisikaDNP\profileWeb\system\Database\BaseConnection.php(607): CodeIgniter\Database\BaseConnection->simpleQuery('INSERT INTO gem...')
#3 C:\laragon\www\geofisikaDNP\profileWeb\app\Controllers\Web.php(157): CodeIgniter\Database\BaseConnection->query('INSERT INTO gem...')
#4 C:\laragon\www\geofisikaDNP\profileWeb\system\CodeIgniter.php(939): App\Controllers\Web->simpan2()
#5 C:\laragon\www\geofisikaDNP\profileWeb\system\CodeIgniter.php(502): CodeIgniter\CodeIgniter->runController(Object(App\Controllers\Web))
#6 C:\laragon\www\geofisikaDNP\profileWeb\system\CodeIgniter.php(361): CodeIgniter\CodeIgniter->handleRequest(NULL, Object(Config\Cache), false)
#7 C:\laragon\www\geofisikaDNP\profileWeb\public\index.php(79): CodeIgniter\CodeIgniter->run()
#8 {main}
CRITICAL - 2024-03-30 12:35:42 --> Unknown column 'id_shakemap' in 'field list'
in SYSTEMPATH\Database\BaseConnection.php on line 647.
 1 APPPATH\Controllers\Web.php(157): CodeIgniter\Database\BaseConnection->query('INSERT INTO gempapgr3 (id,infogempa,id_shakemap) VALUES (\'20240330192611\',\'Info Gempa Mag:1.9 SR, 30-Mar-24 19:26:11 WIB, Lok:8.40 LS,119.29 BT (60 km TimurLaut KOTA-BIMA-NTB), Kedlmn:10 Km ::BMKG-DNP\',\'\')')
 2 SYSTEMPATH\CodeIgniter.php(939): App\Controllers\Web->simpan2()
 3 SYSTEMPATH\CodeIgniter.php(502): CodeIgniter\CodeIgniter->runController(Object(App\Controllers\Web))
 4 SYSTEMPATH\CodeIgniter.php(361): CodeIgniter\CodeIgniter->handleRequest(null, Object(Config\Cache), false)
 5 FCPATH\index.php(79): CodeIgniter\CodeIgniter->run()
ERROR - 2024-03-30 12:55:43 --> mysqli_sql_exception: Unknown column 'id_shakemap' in 'field list' in C:\laragon\www\geofisikaDNP\profileWeb\system\Database\MySQLi\Connection.php:306
Stack trace:
#0 C:\laragon\www\geofisikaDNP\profileWeb\system\Database\MySQLi\Connection.php(306): mysqli->query('INSERT INTO gem...', 0)
#1 C:\laragon\www\geofisikaDNP\profileWeb\system\Database\BaseConnection.php(693): CodeIgniter\Database\MySQLi\Connection->execute('INSERT INTO gem...')
#2 C:\laragon\www\geofisikaDNP\profileWeb\system\Database\BaseConnection.php(607): CodeIgniter\Database\BaseConnection->simpleQuery('INSERT INTO gem...')
#3 C:\laragon\www\geofisikaDNP\profileWeb\app\Controllers\Web.php(157): CodeIgniter\Database\BaseConnection->query('INSERT INTO gem...')
#4 C:\laragon\www\geofisikaDNP\profileWeb\system\CodeIgniter.php(939): App\Controllers\Web->simpan2()
#5 C:\laragon\www\geofisikaDNP\profileWeb\system\CodeIgniter.php(502): CodeIgniter\CodeIgniter->runController(Object(App\Controllers\Web))
#6 C:\laragon\www\geofisikaDNP\profileWeb\system\CodeIgniter.php(361): CodeIgniter\CodeIgniter->handleRequest(NULL, Object(Config\Cache), false)
#7 C:\laragon\www\geofisikaDNP\profileWeb\public\index.php(79): CodeIgniter\CodeIgniter->run()
#8 {main}
CRITICAL - 2024-03-30 12:55:43 --> Unknown column 'id_shakemap' in 'field list'
in SYSTEMPATH\Database\BaseConnection.php on line 647.
 1 APPPATH\Controllers\Web.php(157): CodeIgniter\Database\BaseConnection->query('INSERT INTO gempapgr3 (id,infogempa,id_shakemap) VALUES (\'20240330194938\',\'Info Gempa Mag:2.1 SR, 30-Mar-24 19:49:38 WIB, Lok:8.43 LS,119.28 BT (59 km TimurLaut KOTA-BIMA-NTB), Kedlmn:12 Km ::BMKG-KHK\',\'\')')
 2 SYSTEMPATH\CodeIgniter.php(939): App\Controllers\Web->simpan2()
 3 SYSTEMPATH\CodeIgniter.php(502): CodeIgniter\CodeIgniter->runController(Object(App\Controllers\Web))
 4 SYSTEMPATH\CodeIgniter.php(361): CodeIgniter\CodeIgniter->handleRequest(null, Object(Config\Cache), false)
 5 FCPATH\index.php(79): CodeIgniter\CodeIgniter->run()
ERROR - 2024-03-30 13:23:43 --> mysqli_sql_exception: Unknown column 'id_shakemap' in 'field list' in C:\laragon\www\geofisikaDNP\profileWeb\system\Database\MySQLi\Connection.php:306
Stack trace:
#0 C:\laragon\www\geofisikaDNP\profileWeb\system\Database\MySQLi\Connection.php(306): mysqli->query('INSERT INTO gem...', 0)
#1 C:\laragon\www\geofisikaDNP\profileWeb\system\Database\BaseConnection.php(693): CodeIgniter\Database\MySQLi\Connection->execute('INSERT INTO gem...')
#2 C:\laragon\www\geofisikaDNP\profileWeb\system\Database\BaseConnection.php(607): CodeIgniter\Database\BaseConnection->simpleQuery('INSERT INTO gem...')
#3 C:\laragon\www\geofisikaDNP\profileWeb\app\Controllers\Web.php(157): CodeIgniter\Database\BaseConnection->query('INSERT INTO gem...')
#4 C:\laragon\www\geofisikaDNP\profileWeb\system\CodeIgniter.php(939): App\Controllers\Web->simpan2()
#5 C:\laragon\www\geofisikaDNP\profileWeb\system\CodeIgniter.php(502): CodeIgniter\CodeIgniter->runController(Object(App\Controllers\Web))
#6 C:\laragon\www\geofisikaDNP\profileWeb\system\CodeIgniter.php(361): CodeIgniter\CodeIgniter->handleRequest(NULL, Object(Config\Cache), false)
#7 C:\laragon\www\geofisikaDNP\profileWeb\public\index.php(79): CodeIgniter\CodeIgniter->run()
#8 {main}
CRITICAL - 2024-03-30 13:23:43 --> Unknown column 'id_shakemap' in 'field list'
in SYSTEMPATH\Database\BaseConnection.php on line 647.
 1 APPPATH\Controllers\Web.php(157): CodeIgniter\Database\BaseConnection->query('INSERT INTO gempapgr3 (id,infogempa,id_shakemap) VALUES (\'20240330201630\',\'Info Gempa Mag:2.0 SR, 30-Mar-24 20:16:30 WIB, Lok:8.31 LS,118.94 BT (27 km TimurLaut BIMA-NTB), Kedlmn:20 Km ::BMKG-PGR III\',\'\')')
 2 SYSTEMPATH\CodeIgniter.php(939): App\Controllers\Web->simpan2()
 3 SYSTEMPATH\CodeIgniter.php(502): CodeIgniter\CodeIgniter->runController(Object(App\Controllers\Web))
 4 SYSTEMPATH\CodeIgniter.php(361): CodeIgniter\CodeIgniter->handleRequest(null, Object(Config\Cache), false)
 5 FCPATH\index.php(79): CodeIgniter\CodeIgniter->run()
ERROR - 2024-03-30 13:28:43 --> mysqli_sql_exception: Unknown column 'id_shakemap' in 'field list' in C:\laragon\www\geofisikaDNP\profileWeb\system\Database\MySQLi\Connection.php:306
Stack trace:
#0 C:\laragon\www\geofisikaDNP\profileWeb\system\Database\MySQLi\Connection.php(306): mysqli->query('INSERT INTO gem...', 0)
#1 C:\laragon\www\geofisikaDNP\profileWeb\system\Database\BaseConnection.php(693): CodeIgniter\Database\MySQLi\Connection->execute('INSERT INTO gem...')
#2 C:\laragon\www\geofisikaDNP\profileWeb\system\Database\BaseConnection.php(607): CodeIgniter\Database\BaseConnection->simpleQuery('INSERT INTO gem...')
#3 C:\laragon\www\geofisikaDNP\profileWeb\app\Controllers\Web.php(157): CodeIgniter\Database\BaseConnection->query('INSERT INTO gem...')
#4 C:\laragon\www\geofisikaDNP\profileWeb\system\CodeIgniter.php(939): App\Controllers\Web->simpan2()
#5 C:\laragon\www\geofisikaDNP\profileWeb\system\CodeIgniter.php(502): CodeIgniter\CodeIgniter->runController(Object(App\Controllers\Web))
#6 C:\laragon\www\geofisikaDNP\profileWeb\system\CodeIgniter.php(361): CodeIgniter\CodeIgniter->handleRequest(NULL, Object(Config\Cache), false)
#7 C:\laragon\www\geofisikaDNP\profileWeb\public\index.php(79): CodeIgniter\CodeIgniter->run()
#8 {main}
CRITICAL - 2024-03-30 13:28:43 --> Unknown column 'id_shakemap' in 'field list'
in SYSTEMPATH\Database\BaseConnection.php on line 647.
 1 APPPATH\Controllers\Web.php(157): CodeIgniter\Database\BaseConnection->query('INSERT INTO gempapgr3 (id,infogempa,id_shakemap) VALUES (\'20240330202220\',\'Info Gempa Mag:2.3 SR, 30-Mar-24 20:22:20 WIB, Lok:8.32 LS,118.79 BT (15 km TimurLaut BIMA-NTB), Kedlmn:23 Km ::BMKG-DNP\',\'\')')
 2 SYSTEMPATH\CodeIgniter.php(939): App\Controllers\Web->simpan2()
 3 SYSTEMPATH\CodeIgniter.php(502): CodeIgniter\CodeIgniter->runController(Object(App\Controllers\Web))
 4 SYSTEMPATH\CodeIgniter.php(361): CodeIgniter\CodeIgniter->handleRequest(null, Object(Config\Cache), false)
 5 FCPATH\index.php(79): CodeIgniter\CodeIgniter->run()
ERROR - 2024-03-30 13:56:43 --> mysqli_sql_exception: Unknown column 'id_shakemap' in 'field list' in C:\laragon\www\geofisikaDNP\profileWeb\system\Database\MySQLi\Connection.php:306
Stack trace:
#0 C:\laragon\www\geofisikaDNP\profileWeb\system\Database\MySQLi\Connection.php(306): mysqli->query('INSERT INTO gem...', 0)
#1 C:\laragon\www\geofisikaDNP\profileWeb\system\Database\BaseConnection.php(693): CodeIgniter\Database\MySQLi\Connection->execute('INSERT INTO gem...')
#2 C:\laragon\www\geofisikaDNP\profileWeb\system\Database\BaseConnection.php(607): CodeIgniter\Database\BaseConnection->simpleQuery('INSERT INTO gem...')
#3 C:\laragon\www\geofisikaDNP\profileWeb\app\Controllers\Web.php(157): CodeIgniter\Database\BaseConnection->query('INSERT INTO gem...')
#4 C:\laragon\www\geofisikaDNP\profileWeb\system\CodeIgniter.php(939): App\Controllers\Web->simpan2()
#5 C:\laragon\www\geofisikaDNP\profileWeb\system\CodeIgniter.php(502): CodeIgniter\CodeIgniter->runController(Object(App\Controllers\Web))
#6 C:\laragon\www\geofisikaDNP\profileWeb\system\CodeIgniter.php(361): CodeIgniter\CodeIgniter->handleRequest(NULL, Object(Config\Cache), false)
#7 C:\laragon\www\geofisikaDNP\profileWeb\public\index.php(79): CodeIgniter\CodeIgniter->run()
#8 {main}
CRITICAL - 2024-03-30 13:56:43 --> Unknown column 'id_shakemap' in 'field list'
in SYSTEMPATH\Database\BaseConnection.php on line 647.
 1 APPPATH\Controllers\Web.php(157): CodeIgniter\Database\BaseConnection->query('INSERT INTO gempapgr3 (id,infogempa,id_shakemap) VALUES (\'20240330205011\',\'Info Gempa Mag:1.7 SR, 30-Mar-24 20:50:11 WIB, Lok:8.31 LS,118.91 BT (24 km TimurLaut BIMA-NTB), Kedlmn:22 Km ::BMKG-KHK\',\'\')')
 2 SYSTEMPATH\CodeIgniter.php(939): App\Controllers\Web->simpan2()
 3 SYSTEMPATH\CodeIgniter.php(502): CodeIgniter\CodeIgniter->runController(Object(App\Controllers\Web))
 4 SYSTEMPATH\CodeIgniter.php(361): CodeIgniter\CodeIgniter->handleRequest(null, Object(Config\Cache), false)
 5 FCPATH\index.php(79): CodeIgniter\CodeIgniter->run()
ERROR - 2024-03-30 14:30:43 --> mysqli_sql_exception: Unknown column 'id_shakemap' in 'field list' in C:\laragon\www\geofisikaDNP\profileWeb\system\Database\MySQLi\Connection.php:306
Stack trace:
#0 C:\laragon\www\geofisikaDNP\profileWeb\system\Database\MySQLi\Connection.php(306): mysqli->query('INSERT INTO gem...', 0)
#1 C:\laragon\www\geofisikaDNP\profileWeb\system\Database\BaseConnection.php(693): CodeIgniter\Database\MySQLi\Connection->execute('INSERT INTO gem...')
#2 C:\laragon\www\geofisikaDNP\profileWeb\system\Database\BaseConnection.php(607): CodeIgniter\Database\BaseConnection->simpleQuery('INSERT INTO gem...')
#3 C:\laragon\www\geofisikaDNP\profileWeb\app\Controllers\Web.php(157): CodeIgniter\Database\BaseConnection->query('INSERT INTO gem...')
#4 C:\laragon\www\geofisikaDNP\profileWeb\system\CodeIgniter.php(939): App\Controllers\Web->simpan2()
#5 C:\laragon\www\geofisikaDNP\profileWeb\system\CodeIgniter.php(502): CodeIgniter\CodeIgniter->runController(Object(App\Controllers\Web))
#6 C:\laragon\www\geofisikaDNP\profileWeb\system\CodeIgniter.php(361): CodeIgniter\CodeIgniter->handleRequest(NULL, Object(Config\Cache), false)
#7 C:\laragon\www\geofisikaDNP\profileWeb\public\index.php(79): CodeIgniter\CodeIgniter->run()
#8 {main}
CRITICAL - 2024-03-30 14:30:43 --> Unknown column 'id_shakemap' in 'field list'
in SYSTEMPATH\Database\BaseConnection.php on line 647.
 1 APPPATH\Controllers\Web.php(157): CodeIgniter\Database\BaseConnection->query('INSERT INTO gempapgr3 (id,infogempa,id_shakemap) VALUES (\'20240330212447\',\'Info Gempa Mag:3.6 SR, 30-Mar-24 21:24:47 WIB, Lok:9.75 LS,117.94 BT (117 km BaratDaya KODI-SUMBABARATDAYA-NTT), Kedlmn:29 Km ::BMKG-WSI\',\'\')')
 2 SYSTEMPATH\CodeIgniter.php(939): App\Controllers\Web->simpan2()
 3 SYSTEMPATH\CodeIgniter.php(502): CodeIgniter\CodeIgniter->runController(Object(App\Controllers\Web))
 4 SYSTEMPATH\CodeIgniter.php(361): CodeIgniter\CodeIgniter->handleRequest(null, Object(Config\Cache), false)
 5 FCPATH\index.php(79): CodeIgniter\CodeIgniter->run()
ERROR - 2024-03-30 14:45:42 --> mysqli_sql_exception: Unknown column 'id_shakemap' in 'field list' in C:\laragon\www\geofisikaDNP\profileWeb\system\Database\MySQLi\Connection.php:306
Stack trace:
#0 C:\laragon\www\geofisikaDNP\profileWeb\system\Database\MySQLi\Connection.php(306): mysqli->query('INSERT INTO gem...', 0)
#1 C:\laragon\www\geofisikaDNP\profileWeb\system\Database\BaseConnection.php(693): CodeIgniter\Database\MySQLi\Connection->execute('INSERT INTO gem...')
#2 C:\laragon\www\geofisikaDNP\profileWeb\system\Database\BaseConnection.php(607): CodeIgniter\Database\BaseConnection->simpleQuery('INSERT INTO gem...')
#3 C:\laragon\www\geofisikaDNP\profileWeb\app\Controllers\Web.php(157): CodeIgniter\Database\BaseConnection->query('INSERT INTO gem...')
#4 C:\laragon\www\geofisikaDNP\profileWeb\system\CodeIgniter.php(939): App\Controllers\Web->simpan2()
#5 C:\laragon\www\geofisikaDNP\profileWeb\system\CodeIgniter.php(502): CodeIgniter\CodeIgniter->runController(Object(App\Controllers\Web))
#6 C:\laragon\www\geofisikaDNP\profileWeb\system\CodeIgniter.php(361): CodeIgniter\CodeIgniter->handleRequest(NULL, Object(Config\Cache), false)
#7 C:\laragon\www\geofisikaDNP\profileWeb\public\index.php(79): CodeIgniter\CodeIgniter->run()
#8 {main}
CRITICAL - 2024-03-30 14:45:42 --> Unknown column 'id_shakemap' in 'field list'
in SYSTEMPATH\Database\BaseConnection.php on line 647.
 1 APPPATH\Controllers\Web.php(157): CodeIgniter\Database\BaseConnection->query('INSERT INTO gempapgr3 (id,infogempa,id_shakemap) VALUES (\'20240330213915\',\'Info Gempa Mag:2.4 SR, 30-Mar-24 21:39:15 WIB, Lok:8.01 LS,117.68 BT (60 km TimurLaut SUMBAWA-NTB), Kedlmn:18 Km ::BMKG-WSI\',\'\')')
 2 SYSTEMPATH\CodeIgniter.php(939): App\Controllers\Web->simpan2()
 3 SYSTEMPATH\CodeIgniter.php(502): CodeIgniter\CodeIgniter->runController(Object(App\Controllers\Web))
 4 SYSTEMPATH\CodeIgniter.php(361): CodeIgniter\CodeIgniter->handleRequest(null, Object(Config\Cache), false)
 5 FCPATH\index.php(79): CodeIgniter\CodeIgniter->run()
ERROR - 2024-03-30 17:04:44 --> mysqli_sql_exception: Unknown column 'id_shakemap' in 'field list' in C:\laragon\www\geofisikaDNP\profileWeb\system\Database\MySQLi\Connection.php:306
Stack trace:
#0 C:\laragon\www\geofisikaDNP\profileWeb\system\Database\MySQLi\Connection.php(306): mysqli->query('INSERT INTO gem...', 0)
#1 C:\laragon\www\geofisikaDNP\profileWeb\system\Database\BaseConnection.php(693): CodeIgniter\Database\MySQLi\Connection->execute('INSERT INTO gem...')
#2 C:\laragon\www\geofisikaDNP\profileWeb\system\Database\BaseConnection.php(607): CodeIgniter\Database\BaseConnection->simpleQuery('INSERT INTO gem...')
#3 C:\laragon\www\geofisikaDNP\profileWeb\app\Controllers\Web.php(157): CodeIgniter\Database\BaseConnection->query('INSERT INTO gem...')
#4 C:\laragon\www\geofisikaDNP\profileWeb\system\CodeIgniter.php(939): App\Controllers\Web->simpan2()
#5 C:\laragon\www\geofisikaDNP\profileWeb\system\CodeIgniter.php(502): CodeIgniter\CodeIgniter->runController(Object(App\Controllers\Web))
#6 C:\laragon\www\geofisikaDNP\profileWeb\system\CodeIgniter.php(361): CodeIgniter\CodeIgniter->handleRequest(NULL, Object(Config\Cache), false)
#7 C:\laragon\www\geofisikaDNP\profileWeb\public\index.php(79): CodeIgniter\CodeIgniter->run()
#8 {main}
CRITICAL - 2024-03-30 17:04:44 --> Unknown column 'id_shakemap' in 'field list'
in SYSTEMPATH\Database\BaseConnection.php on line 647.
 1 APPPATH\Controllers\Web.php(157): CodeIgniter\Database\BaseConnection->query('INSERT INTO gempapgr3 (id,infogempa,id_shakemap) VALUES (\'20240330235819\',\'Info Gempa Mag:2.4 SR, 30-Mar-24 23:58:19 WIB, Lok:8.39 LS,117.50 BT (14 km TimurLaut SUMBAWA-NTB), Kedlmn:10 Km ::BMKG-KHK\',\'\')')
 2 SYSTEMPATH\CodeIgniter.php(939): App\Controllers\Web->simpan2()
 3 SYSTEMPATH\CodeIgniter.php(502): CodeIgniter\CodeIgniter->runController(Object(App\Controllers\Web))
 4 SYSTEMPATH\CodeIgniter.php(361): CodeIgniter\CodeIgniter->handleRequest(null, Object(Config\Cache), false)
 5 FCPATH\index.php(79): CodeIgniter\CodeIgniter->run()
ERROR - 2024-03-30 17:31:42 --> mysqli_sql_exception: Unknown column 'id_shakemap' in 'field list' in C:\laragon\www\geofisikaDNP\profileWeb\system\Database\MySQLi\Connection.php:306
Stack trace:
#0 C:\laragon\www\geofisikaDNP\profileWeb\system\Database\MySQLi\Connection.php(306): mysqli->query('INSERT INTO gem...', 0)
#1 C:\laragon\www\geofisikaDNP\profileWeb\system\Database\BaseConnection.php(693): CodeIgniter\Database\MySQLi\Connection->execute('INSERT INTO gem...')
#2 C:\laragon\www\geofisikaDNP\profileWeb\system\Database\BaseConnection.php(607): CodeIgniter\Database\BaseConnection->simpleQuery('INSERT INTO gem...')
#3 C:\laragon\www\geofisikaDNP\profileWeb\app\Controllers\Web.php(157): CodeIgniter\Database\BaseConnection->query('INSERT INTO gem...')
#4 C:\laragon\www\geofisikaDNP\profileWeb\system\CodeIgniter.php(939): App\Controllers\Web->simpan2()
#5 C:\laragon\www\geofisikaDNP\profileWeb\system\CodeIgniter.php(502): CodeIgniter\CodeIgniter->runController(Object(App\Controllers\Web))
#6 C:\laragon\www\geofisikaDNP\profileWeb\system\CodeIgniter.php(361): CodeIgniter\CodeIgniter->handleRequest(NULL, Object(Config\Cache), false)
#7 C:\laragon\www\geofisikaDNP\profileWeb\public\index.php(79): CodeIgniter\CodeIgniter->run()
#8 {main}
CRITICAL - 2024-03-30 17:31:42 --> Unknown column 'id_shakemap' in 'field list'
in SYSTEMPATH\Database\BaseConnection.php on line 647.
 1 APPPATH\Controllers\Web.php(157): CodeIgniter\Database\BaseConnection->query('INSERT INTO gempapgr3 (id,infogempa,id_shakemap) VALUES (\'20240331002458\',\'Info Gempa Mag:2.5 SR, 31-Mar-24 00:24:58 WIB, Lok:8.25 LS,119.91 BT (27 km TimurLaut LABUANBAJO-NTT), Kedlmn:160 Km ::BMKG-KHK\',\'\')')
 2 SYSTEMPATH\CodeIgniter.php(939): App\Controllers\Web->simpan2()
 3 SYSTEMPATH\CodeIgniter.php(502): CodeIgniter\CodeIgniter->runController(Object(App\Controllers\Web))
 4 SYSTEMPATH\CodeIgniter.php(361): CodeIgniter\CodeIgniter->handleRequest(null, Object(Config\Cache), false)
 5 FCPATH\index.php(79): CodeIgniter\CodeIgniter->run()
ERROR - 2024-03-30 17:35:42 --> mysqli_sql_exception: Unknown column 'id_shakemap' in 'field list' in C:\laragon\www\geofisikaDNP\profileWeb\system\Database\MySQLi\Connection.php:306
Stack trace:
#0 C:\laragon\www\geofisikaDNP\profileWeb\system\Database\MySQLi\Connection.php(306): mysqli->query('INSERT INTO gem...', 0)
#1 C:\laragon\www\geofisikaDNP\profileWeb\system\Database\BaseConnection.php(693): CodeIgniter\Database\MySQLi\Connection->execute('INSERT INTO gem...')
#2 C:\laragon\www\geofisikaDNP\profileWeb\system\Database\BaseConnection.php(607): CodeIgniter\Database\BaseConnection->simpleQuery('INSERT INTO gem...')
#3 C:\laragon\www\geofisikaDNP\profileWeb\app\Controllers\Web.php(157): CodeIgniter\Database\BaseConnection->query('INSERT INTO gem...')
#4 C:\laragon\www\geofisikaDNP\profileWeb\system\CodeIgniter.php(939): App\Controllers\Web->simpan2()
#5 C:\laragon\www\geofisikaDNP\profileWeb\system\CodeIgniter.php(502): CodeIgniter\CodeIgniter->runController(Object(App\Controllers\Web))
#6 C:\laragon\www\geofisikaDNP\profileWeb\system\CodeIgniter.php(361): CodeIgniter\CodeIgniter->handleRequest(NULL, Object(Config\Cache), false)
#7 C:\laragon\www\geofisikaDNP\profileWeb\public\index.php(79): CodeIgniter\CodeIgniter->run()
#8 {main}
CRITICAL - 2024-03-30 17:35:42 --> Unknown column 'id_shakemap' in 'field list'
in SYSTEMPATH\Database\BaseConnection.php on line 647.
 1 APPPATH\Controllers\Web.php(157): CodeIgniter\Database\BaseConnection->query('INSERT INTO gempapgr3 (id,infogempa,id_shakemap) VALUES (\'20240331003000\',\'Info Gempa Mag:1.9 SR, 31-Mar-24 00:30:00 WIB, Lok:8.32 LS,121.16 BT (42 km BaratLaut MBAY-NAGEKEO-NTT), Kedlmn:19 Km ::BMKG-PGR III\',\'\')')
 2 SYSTEMPATH\CodeIgniter.php(939): App\Controllers\Web->simpan2()
 3 SYSTEMPATH\CodeIgniter.php(502): CodeIgniter\CodeIgniter->runController(Object(App\Controllers\Web))
 4 SYSTEMPATH\CodeIgniter.php(361): CodeIgniter\CodeIgniter->handleRequest(null, Object(Config\Cache), false)
 5 FCPATH\index.php(79): CodeIgniter\CodeIgniter->run()
ERROR - 2024-03-30 17:37:42 --> mysqli_sql_exception: Unknown column 'id_shakemap' in 'field list' in C:\laragon\www\geofisikaDNP\profileWeb\system\Database\MySQLi\Connection.php:306
Stack trace:
#0 C:\laragon\www\geofisikaDNP\profileWeb\system\Database\MySQLi\Connection.php(306): mysqli->query('INSERT INTO gem...', 0)
#1 C:\laragon\www\geofisikaDNP\profileWeb\system\Database\BaseConnection.php(693): CodeIgniter\Database\MySQLi\Connection->execute('INSERT INTO gem...')
#2 C:\laragon\www\geofisikaDNP\profileWeb\system\Database\BaseConnection.php(607): CodeIgniter\Database\BaseConnection->simpleQuery('INSERT INTO gem...')
#3 C:\laragon\www\geofisikaDNP\profileWeb\app\Controllers\Web.php(157): CodeIgniter\Database\BaseConnection->query('INSERT INTO gem...')
#4 C:\laragon\www\geofisikaDNP\profileWeb\system\CodeIgniter.php(939): App\Controllers\Web->simpan2()
#5 C:\laragon\www\geofisikaDNP\profileWeb\system\CodeIgniter.php(502): CodeIgniter\CodeIgniter->runController(Object(App\Controllers\Web))
#6 C:\laragon\www\geofisikaDNP\profileWeb\system\CodeIgniter.php(361): CodeIgniter\CodeIgniter->handleRequest(NULL, Object(Config\Cache), false)
#7 C:\laragon\www\geofisikaDNP\profileWeb\public\index.php(79): CodeIgniter\CodeIgniter->run()
#8 {main}
CRITICAL - 2024-03-30 17:37:42 --> Unknown column 'id_shakemap' in 'field list'
in SYSTEMPATH\Database\BaseConnection.php on line 647.
 1 APPPATH\Controllers\Web.php(157): CodeIgniter\Database\BaseConnection->query('INSERT INTO gempapgr3 (id,infogempa,id_shakemap) VALUES (\'20240331003150\',\'Info Gempa Mag:1.6 SR, 31-Mar-24 00:31:50 WIB, Lok:8.34 LS,121.39 BT (38 km TimurLaut MBAY-NAGEKEO-NTT), Kedlmn:10 Km ::BMKG-PGR III\',\'\')')
 2 SYSTEMPATH\CodeIgniter.php(939): App\Controllers\Web->simpan2()
 3 SYSTEMPATH\CodeIgniter.php(502): CodeIgniter\CodeIgniter->runController(Object(App\Controllers\Web))
 4 SYSTEMPATH\CodeIgniter.php(361): CodeIgniter\CodeIgniter->handleRequest(null, Object(Config\Cache), false)
 5 FCPATH\index.php(79): CodeIgniter\CodeIgniter->run()
ERROR - 2024-03-30 17:50:43 --> mysqli_sql_exception: Unknown column 'id_shakemap' in 'field list' in C:\laragon\www\geofisikaDNP\profileWeb\system\Database\MySQLi\Connection.php:306
Stack trace:
#0 C:\laragon\www\geofisikaDNP\profileWeb\system\Database\MySQLi\Connection.php(306): mysqli->query('INSERT INTO gem...', 0)
#1 C:\laragon\www\geofisikaDNP\profileWeb\system\Database\BaseConnection.php(693): CodeIgniter\Database\MySQLi\Connection->execute('INSERT INTO gem...')
#2 C:\laragon\www\geofisikaDNP\profileWeb\system\Database\BaseConnection.php(607): CodeIgniter\Database\BaseConnection->simpleQuery('INSERT INTO gem...')
#3 C:\laragon\www\geofisikaDNP\profileWeb\app\Controllers\Web.php(157): CodeIgniter\Database\BaseConnection->query('INSERT INTO gem...')
#4 C:\laragon\www\geofisikaDNP\profileWeb\system\CodeIgniter.php(939): App\Controllers\Web->simpan2()
#5 C:\laragon\www\geofisikaDNP\profileWeb\system\CodeIgniter.php(502): CodeIgniter\CodeIgniter->runController(Object(App\Controllers\Web))
#6 C:\laragon\www\geofisikaDNP\profileWeb\system\CodeIgniter.php(361): CodeIgniter\CodeIgniter->handleRequest(NULL, Object(Config\Cache), false)
#7 C:\laragon\www\geofisikaDNP\profileWeb\public\index.php(79): CodeIgniter\CodeIgniter->run()
#8 {main}
CRITICAL - 2024-03-30 17:50:43 --> Unknown column 'id_shakemap' in 'field list'
in SYSTEMPATH\Database\BaseConnection.php on line 647.
 1 APPPATH\Controllers\Web.php(157): CodeIgniter\Database\BaseConnection->query('INSERT INTO gempapgr3 (id,infogempa,id_shakemap) VALUES (\'20240331004352\',\'Info Gempa Mag:2.0 SR, 31-Mar-24 00:43:52 WIB, Lok:10.23 LS,119.87 BT (37 km BaratLaut KARERA-SUMBATIMUR-NTT), Kedlmn:10 Km ::BMKG-KHK\',\'\')')
 2 SYSTEMPATH\CodeIgniter.php(939): App\Controllers\Web->simpan2()
 3 SYSTEMPATH\CodeIgniter.php(502): CodeIgniter\CodeIgniter->runController(Object(App\Controllers\Web))
 4 SYSTEMPATH\CodeIgniter.php(361): CodeIgniter\CodeIgniter->handleRequest(null, Object(Config\Cache), false)
 5 FCPATH\index.php(79): CodeIgniter\CodeIgniter->run()
ERROR - 2024-03-30 17:58:44 --> mysqli_sql_exception: Unknown column 'id_shakemap' in 'field list' in C:\laragon\www\geofisikaDNP\profileWeb\system\Database\MySQLi\Connection.php:306
Stack trace:
#0 C:\laragon\www\geofisikaDNP\profileWeb\system\Database\MySQLi\Connection.php(306): mysqli->query('INSERT INTO gem...', 0)
#1 C:\laragon\www\geofisikaDNP\profileWeb\system\Database\BaseConnection.php(693): CodeIgniter\Database\MySQLi\Connection->execute('INSERT INTO gem...')
#2 C:\laragon\www\geofisikaDNP\profileWeb\system\Database\BaseConnection.php(607): CodeIgniter\Database\BaseConnection->simpleQuery('INSERT INTO gem...')
#3 C:\laragon\www\geofisikaDNP\profileWeb\app\Controllers\Web.php(157): CodeIgniter\Database\BaseConnection->query('INSERT INTO gem...')
#4 C:\laragon\www\geofisikaDNP\profileWeb\system\CodeIgniter.php(939): App\Controllers\Web->simpan2()
#5 C:\laragon\www\geofisikaDNP\profileWeb\system\CodeIgniter.php(502): CodeIgniter\CodeIgniter->runController(Object(App\Controllers\Web))
#6 C:\laragon\www\geofisikaDNP\profileWeb\system\CodeIgniter.php(361): CodeIgniter\CodeIgniter->handleRequest(NULL, Object(Config\Cache), false)
#7 C:\laragon\www\geofisikaDNP\profileWeb\public\index.php(79): CodeIgniter\CodeIgniter->run()
#8 {main}
CRITICAL - 2024-03-30 17:58:44 --> Unknown column 'id_shakemap' in 'field list'
in SYSTEMPATH\Database\BaseConnection.php on line 647.
 1 APPPATH\Controllers\Web.php(157): CodeIgniter\Database\BaseConnection->query('INSERT INTO gempapgr3 (id,infogempa,id_shakemap) VALUES (\'20240331005302\',\'Info Gempa Mag:2.1 SR, 31-Mar-24 00:53:02 WIB, Lok:8.70 LS,116.29 BT (2 km TimurLaut LOMBOKTENGAH-NTB), Kedlmn:15 Km ::BMKG-PGR III\',\'\')')
 2 SYSTEMPATH\CodeIgniter.php(939): App\Controllers\Web->simpan2()
 3 SYSTEMPATH\CodeIgniter.php(502): CodeIgniter\CodeIgniter->runController(Object(App\Controllers\Web))
 4 SYSTEMPATH\CodeIgniter.php(361): CodeIgniter\CodeIgniter->handleRequest(null, Object(Config\Cache), false)
 5 FCPATH\index.php(79): CodeIgniter\CodeIgniter->run()
ERROR - 2024-03-30 18:17:43 --> mysqli_sql_exception: Unknown column 'id_shakemap' in 'field list' in C:\laragon\www\geofisikaDNP\profileWeb\system\Database\MySQLi\Connection.php:306
Stack trace:
#0 C:\laragon\www\geofisikaDNP\profileWeb\system\Database\MySQLi\Connection.php(306): mysqli->query('INSERT INTO gem...', 0)
#1 C:\laragon\www\geofisikaDNP\profileWeb\system\Database\BaseConnection.php(693): CodeIgniter\Database\MySQLi\Connection->execute('INSERT INTO gem...')
#2 C:\laragon\www\geofisikaDNP\profileWeb\system\Database\BaseConnection.php(607): CodeIgniter\Database\BaseConnection->simpleQuery('INSERT INTO gem...')
#3 C:\laragon\www\geofisikaDNP\profileWeb\app\Controllers\Web.php(157): CodeIgniter\Database\BaseConnection->query('INSERT INTO gem...')
#4 C:\laragon\www\geofisikaDNP\profileWeb\system\CodeIgniter.php(939): App\Controllers\Web->simpan2()
#5 C:\laragon\www\geofisikaDNP\profileWeb\system\CodeIgniter.php(502): CodeIgniter\CodeIgniter->runController(Object(App\Controllers\Web))
#6 C:\laragon\www\geofisikaDNP\profileWeb\system\CodeIgniter.php(361): CodeIgniter\CodeIgniter->handleRequest(NULL, Object(Config\Cache), false)
#7 C:\laragon\www\geofisikaDNP\profileWeb\public\index.php(79): CodeIgniter\CodeIgniter->run()
#8 {main}
CRITICAL - 2024-03-30 18:17:43 --> Unknown column 'id_shakemap' in 'field list'
in SYSTEMPATH\Database\BaseConnection.php on line 647.
 1 APPPATH\Controllers\Web.php(157): CodeIgniter\Database\BaseConnection->query('INSERT INTO gempapgr3 (id,infogempa,id_shakemap) VALUES (\'20240331011002\',\'Info Gempa Mag:2.0 SR, 31-Mar-24 01:10:02 WIB, Lok:9.09 LS,119.38 BT (40 km TimurLaut TAMBOLAKA-NTT), Kedlmn:35 Km ::BMKG-PGR III\',\'\')')
 2 SYSTEMPATH\CodeIgniter.php(939): App\Controllers\Web->simpan2()
 3 SYSTEMPATH\CodeIgniter.php(502): CodeIgniter\CodeIgniter->runController(Object(App\Controllers\Web))
 4 SYSTEMPATH\CodeIgniter.php(361): CodeIgniter\CodeIgniter->handleRequest(null, Object(Config\Cache), false)
 5 FCPATH\index.php(79): CodeIgniter\CodeIgniter->run()
ERROR - 2024-03-30 18:22:43 --> mysqli_sql_exception: Unknown column 'id_shakemap' in 'field list' in C:\laragon\www\geofisikaDNP\profileWeb\system\Database\MySQLi\Connection.php:306
Stack trace:
#0 C:\laragon\www\geofisikaDNP\profileWeb\system\Database\MySQLi\Connection.php(306): mysqli->query('INSERT INTO gem...', 0)
#1 C:\laragon\www\geofisikaDNP\profileWeb\system\Database\BaseConnection.php(693): CodeIgniter\Database\MySQLi\Connection->execute('INSERT INTO gem...')
#2 C:\laragon\www\geofisikaDNP\profileWeb\system\Database\BaseConnection.php(607): CodeIgniter\Database\BaseConnection->simpleQuery('INSERT INTO gem...')
#3 C:\laragon\www\geofisikaDNP\profileWeb\app\Controllers\Web.php(157): CodeIgniter\Database\BaseConnection->query('INSERT INTO gem...')
#4 C:\laragon\www\geofisikaDNP\profileWeb\system\CodeIgniter.php(939): App\Controllers\Web->simpan2()
#5 C:\laragon\www\geofisikaDNP\profileWeb\system\CodeIgniter.php(502): CodeIgniter\CodeIgniter->runController(Object(App\Controllers\Web))
#6 C:\laragon\www\geofisikaDNP\profileWeb\system\CodeIgniter.php(361): CodeIgniter\CodeIgniter->handleRequest(NULL, Object(Config\Cache), false)
#7 C:\laragon\www\geofisikaDNP\profileWeb\public\index.php(79): CodeIgniter\CodeIgniter->run()
#8 {main}
CRITICAL - 2024-03-30 18:22:43 --> Unknown column 'id_shakemap' in 'field list'
in SYSTEMPATH\Database\BaseConnection.php on line 647.
 1 APPPATH\Controllers\Web.php(157): CodeIgniter\Database\BaseConnection->query('INSERT INTO gempapgr3 (id,infogempa,id_shakemap) VALUES (\'20240331011620\',\'Info Gempa Mag:1.7 SR, 31-Mar-24 01:16:20 WIB, Lok:8.39 LS,121.57 BT (43 km TimurLaut MBAY-NAGEKEO-NTT), Kedlmn:10 Km ::BMKG-PGR III\',\'\')')
 2 SYSTEMPATH\CodeIgniter.php(939): App\Controllers\Web->simpan2()
 3 SYSTEMPATH\CodeIgniter.php(502): CodeIgniter\CodeIgniter->runController(Object(App\Controllers\Web))
 4 SYSTEMPATH\CodeIgniter.php(361): CodeIgniter\CodeIgniter->handleRequest(null, Object(Config\Cache), false)
 5 FCPATH\index.php(79): CodeIgniter\CodeIgniter->run()
ERROR - 2024-03-30 18:30:43 --> mysqli_sql_exception: Unknown column 'id_shakemap' in 'field list' in C:\laragon\www\geofisikaDNP\profileWeb\system\Database\MySQLi\Connection.php:306
Stack trace:
#0 C:\laragon\www\geofisikaDNP\profileWeb\system\Database\MySQLi\Connection.php(306): mysqli->query('INSERT INTO gem...', 0)
#1 C:\laragon\www\geofisikaDNP\profileWeb\system\Database\BaseConnection.php(693): CodeIgniter\Database\MySQLi\Connection->execute('INSERT INTO gem...')
#2 C:\laragon\www\geofisikaDNP\profileWeb\system\Database\BaseConnection.php(607): CodeIgniter\Database\BaseConnection->simpleQuery('INSERT INTO gem...')
#3 C:\laragon\www\geofisikaDNP\profileWeb\app\Controllers\Web.php(157): CodeIgniter\Database\BaseConnection->query('INSERT INTO gem...')
#4 C:\laragon\www\geofisikaDNP\profileWeb\system\CodeIgniter.php(939): App\Controllers\Web->simpan2()
#5 C:\laragon\www\geofisikaDNP\profileWeb\system\CodeIgniter.php(502): CodeIgniter\CodeIgniter->runController(Object(App\Controllers\Web))
#6 C:\laragon\www\geofisikaDNP\profileWeb\system\CodeIgniter.php(361): CodeIgniter\CodeIgniter->handleRequest(NULL, Object(Config\Cache), false)
#7 C:\laragon\www\geofisikaDNP\profileWeb\public\index.php(79): CodeIgniter\CodeIgniter->run()
#8 {main}
CRITICAL - 2024-03-30 18:30:43 --> Unknown column 'id_shakemap' in 'field list'
in SYSTEMPATH\Database\BaseConnection.php on line 647.
 1 APPPATH\Controllers\Web.php(157): CodeIgniter\Database\BaseConnection->query('INSERT INTO gempapgr3 (id,infogempa,id_shakemap) VALUES (\'20240331012215\',\'Info Gempa Mag:1.5 SR, 31-Mar-24 01:22:15 WIB, Lok:8.16 LS,114.72 BT (25 km TimurLaut JEMBRANA-BALI), Kedlmn:18 Km ::BMKG-PGR III\',\'\')')
 2 SYSTEMPATH\CodeIgniter.php(939): App\Controllers\Web->simpan2()
 3 SYSTEMPATH\CodeIgniter.php(502): CodeIgniter\CodeIgniter->runController(Object(App\Controllers\Web))
 4 SYSTEMPATH\CodeIgniter.php(361): CodeIgniter\CodeIgniter->handleRequest(null, Object(Config\Cache), false)
 5 FCPATH\index.php(79): CodeIgniter\CodeIgniter->run()
ERROR - 2024-03-30 18:56:43 --> mysqli_sql_exception: Unknown column 'id_shakemap' in 'field list' in C:\laragon\www\geofisikaDNP\profileWeb\system\Database\MySQLi\Connection.php:306
Stack trace:
#0 C:\laragon\www\geofisikaDNP\profileWeb\system\Database\MySQLi\Connection.php(306): mysqli->query('INSERT INTO gem...', 0)
#1 C:\laragon\www\geofisikaDNP\profileWeb\system\Database\BaseConnection.php(693): CodeIgniter\Database\MySQLi\Connection->execute('INSERT INTO gem...')
#2 C:\laragon\www\geofisikaDNP\profileWeb\system\Database\BaseConnection.php(607): CodeIgniter\Database\BaseConnection->simpleQuery('INSERT INTO gem...')
#3 C:\laragon\www\geofisikaDNP\profileWeb\app\Controllers\Web.php(157): CodeIgniter\Database\BaseConnection->query('INSERT INTO gem...')
#4 C:\laragon\www\geofisikaDNP\profileWeb\system\CodeIgniter.php(939): App\Controllers\Web->simpan2()
#5 C:\laragon\www\geofisikaDNP\profileWeb\system\CodeIgniter.php(502): CodeIgniter\CodeIgniter->runController(Object(App\Controllers\Web))
#6 C:\laragon\www\geofisikaDNP\profileWeb\system\CodeIgniter.php(361): CodeIgniter\CodeIgniter->handleRequest(NULL, Object(Config\Cache), false)
#7 C:\laragon\www\geofisikaDNP\profileWeb\public\index.php(79): CodeIgniter\CodeIgniter->run()
#8 {main}
CRITICAL - 2024-03-30 18:56:43 --> Unknown column 'id_shakemap' in 'field list'
in SYSTEMPATH\Database\BaseConnection.php on line 647.
 1 APPPATH\Controllers\Web.php(157): CodeIgniter\Database\BaseConnection->query('INSERT INTO gempapgr3 (id,infogempa,id_shakemap) VALUES (\'20240331014912\',\'Info Gempa Mag:2.2 SR, 31-Mar-24 01:49:12 WIB, Lok:9.69 LS,117.77 BT (135 km BaratDaya KODI-SUMBABARATDAYA-NTT), Kedlmn:32 Km ::BMKG-KHK\',\'\')')
 2 SYSTEMPATH\CodeIgniter.php(939): App\Controllers\Web->simpan2()
 3 SYSTEMPATH\CodeIgniter.php(502): CodeIgniter\CodeIgniter->runController(Object(App\Controllers\Web))
 4 SYSTEMPATH\CodeIgniter.php(361): CodeIgniter\CodeIgniter->handleRequest(null, Object(Config\Cache), false)
 5 FCPATH\index.php(79): CodeIgniter\CodeIgniter->run()
ERROR - 2024-03-30 19:06:43 --> mysqli_sql_exception: Unknown column 'id_shakemap' in 'field list' in C:\laragon\www\geofisikaDNP\profileWeb\system\Database\MySQLi\Connection.php:306
Stack trace:
#0 C:\laragon\www\geofisikaDNP\profileWeb\system\Database\MySQLi\Connection.php(306): mysqli->query('INSERT INTO gem...', 0)
#1 C:\laragon\www\geofisikaDNP\profileWeb\system\Database\BaseConnection.php(693): CodeIgniter\Database\MySQLi\Connection->execute('INSERT INTO gem...')
#2 C:\laragon\www\geofisikaDNP\profileWeb\system\Database\BaseConnection.php(607): CodeIgniter\Database\BaseConnection->simpleQuery('INSERT INTO gem...')
#3 C:\laragon\www\geofisikaDNP\profileWeb\app\Controllers\Web.php(157): CodeIgniter\Database\BaseConnection->query('INSERT INTO gem...')
#4 C:\laragon\www\geofisikaDNP\profileWeb\system\CodeIgniter.php(939): App\Controllers\Web->simpan2()
#5 C:\laragon\www\geofisikaDNP\profileWeb\system\CodeIgniter.php(502): CodeIgniter\CodeIgniter->runController(Object(App\Controllers\Web))
#6 C:\laragon\www\geofisikaDNP\profileWeb\system\CodeIgniter.php(361): CodeIgniter\CodeIgniter->handleRequest(NULL, Object(Config\Cache), false)
#7 C:\laragon\www\geofisikaDNP\profileWeb\public\index.php(79): CodeIgniter\CodeIgniter->run()
#8 {main}
CRITICAL - 2024-03-30 19:06:43 --> Unknown column 'id_shakemap' in 'field list'
in SYSTEMPATH\Database\BaseConnection.php on line 647.
 1 APPPATH\Controllers\Web.php(157): CodeIgniter\Database\BaseConnection->query('INSERT INTO gempapgr3 (id,infogempa,id_shakemap) VALUES (\'20240331020004\',\'Info Gempa Mag:2.2 SR, 31-Mar-24 02:00:04 WIB, Lok:8.40 LS,119.28 BT (59 km TimurLaut KOTA-BIMA-NTB), Kedlmn:15 Km ::BMKG-PGR III\',\'\')')
 2 SYSTEMPATH\CodeIgniter.php(939): App\Controllers\Web->simpan2()
 3 SYSTEMPATH\CodeIgniter.php(502): CodeIgniter\CodeIgniter->runController(Object(App\Controllers\Web))
 4 SYSTEMPATH\CodeIgniter.php(361): CodeIgniter\CodeIgniter->handleRequest(null, Object(Config\Cache), false)
 5 FCPATH\index.php(79): CodeIgniter\CodeIgniter->run()
ERROR - 2024-03-30 19:10:42 --> mysqli_sql_exception: Unknown column 'id_shakemap' in 'field list' in C:\laragon\www\geofisikaDNP\profileWeb\system\Database\MySQLi\Connection.php:306
Stack trace:
#0 C:\laragon\www\geofisikaDNP\profileWeb\system\Database\MySQLi\Connection.php(306): mysqli->query('INSERT INTO gem...', 0)
#1 C:\laragon\www\geofisikaDNP\profileWeb\system\Database\BaseConnection.php(693): CodeIgniter\Database\MySQLi\Connection->execute('INSERT INTO gem...')
#2 C:\laragon\www\geofisikaDNP\profileWeb\system\Database\BaseConnection.php(607): CodeIgniter\Database\BaseConnection->simpleQuery('INSERT INTO gem...')
#3 C:\laragon\www\geofisikaDNP\profileWeb\app\Controllers\Web.php(157): CodeIgniter\Database\BaseConnection->query('INSERT INTO gem...')
#4 C:\laragon\www\geofisikaDNP\profileWeb\system\CodeIgniter.php(939): App\Controllers\Web->simpan2()
#5 C:\laragon\www\geofisikaDNP\profileWeb\system\CodeIgniter.php(502): CodeIgniter\CodeIgniter->runController(Object(App\Controllers\Web))
#6 C:\laragon\www\geofisikaDNP\profileWeb\system\CodeIgniter.php(361): CodeIgniter\CodeIgniter->handleRequest(NULL, Object(Config\Cache), false)
#7 C:\laragon\www\geofisikaDNP\profileWeb\public\index.php(79): CodeIgniter\CodeIgniter->run()
#8 {main}
CRITICAL - 2024-03-30 19:10:42 --> Unknown column 'id_shakemap' in 'field list'
in SYSTEMPATH\Database\BaseConnection.php on line 647.
 1 APPPATH\Controllers\Web.php(157): CodeIgniter\Database\BaseConnection->query('INSERT INTO gempapgr3 (id,infogempa,id_shakemap) VALUES (\'20240331020351\',\'Info Gempa Mag:1.9 SR, 31-Mar-24 02:03:51 WIB, Lok:8.73 LS,119.10 BT (49 km Tenggara KOTA-BIMA-NTB), Kedlmn:10 Km ::BMKG-KHK\',\'\')')
 2 SYSTEMPATH\CodeIgniter.php(939): App\Controllers\Web->simpan2()
 3 SYSTEMPATH\CodeIgniter.php(502): CodeIgniter\CodeIgniter->runController(Object(App\Controllers\Web))
 4 SYSTEMPATH\CodeIgniter.php(361): CodeIgniter\CodeIgniter->handleRequest(null, Object(Config\Cache), false)
 5 FCPATH\index.php(79): CodeIgniter\CodeIgniter->run()
ERROR - 2024-03-30 19:26:42 --> mysqli_sql_exception: Unknown column 'id_shakemap' in 'field list' in C:\laragon\www\geofisikaDNP\profileWeb\system\Database\MySQLi\Connection.php:306
Stack trace:
#0 C:\laragon\www\geofisikaDNP\profileWeb\system\Database\MySQLi\Connection.php(306): mysqli->query('INSERT INTO gem...', 0)
#1 C:\laragon\www\geofisikaDNP\profileWeb\system\Database\BaseConnection.php(693): CodeIgniter\Database\MySQLi\Connection->execute('INSERT INTO gem...')
#2 C:\laragon\www\geofisikaDNP\profileWeb\system\Database\BaseConnection.php(607): CodeIgniter\Database\BaseConnection->simpleQuery('INSERT INTO gem...')
#3 C:\laragon\www\geofisikaDNP\profileWeb\app\Controllers\Web.php(157): CodeIgniter\Database\BaseConnection->query('INSERT INTO gem...')
#4 C:\laragon\www\geofisikaDNP\profileWeb\system\CodeIgniter.php(939): App\Controllers\Web->simpan2()
#5 C:\laragon\www\geofisikaDNP\profileWeb\system\CodeIgniter.php(502): CodeIgniter\CodeIgniter->runController(Object(App\Controllers\Web))
#6 C:\laragon\www\geofisikaDNP\profileWeb\system\CodeIgniter.php(361): CodeIgniter\CodeIgniter->handleRequest(NULL, Object(Config\Cache), false)
#7 C:\laragon\www\geofisikaDNP\profileWeb\public\index.php(79): CodeIgniter\CodeIgniter->run()
#8 {main}
CRITICAL - 2024-03-30 19:26:42 --> Unknown column 'id_shakemap' in 'field list'
in SYSTEMPATH\Database\BaseConnection.php on line 647.
 1 APPPATH\Controllers\Web.php(157): CodeIgniter\Database\BaseConnection->query('INSERT INTO gempapgr3 (id,infogempa,id_shakemap) VALUES (\'20240331021834\',\'Info Gempa Mag:1.5 SR, 31-Mar-24 02:18:34 WIB, Lok:8.78 LS,115.14 BT (9 km BaratLaut KUTASELATAN-BALI), Kedlmn:14 Km ::BMKG-KHK\',\'\')')
 2 SYSTEMPATH\CodeIgniter.php(939): App\Controllers\Web->simpan2()
 3 SYSTEMPATH\CodeIgniter.php(502): CodeIgniter\CodeIgniter->runController(Object(App\Controllers\Web))
 4 SYSTEMPATH\CodeIgniter.php(361): CodeIgniter\CodeIgniter->handleRequest(null, Object(Config\Cache), false)
 5 FCPATH\index.php(79): CodeIgniter\CodeIgniter->run()
ERROR - 2024-03-30 22:23:43 --> mysqli_sql_exception: Unknown column 'id_shakemap' in 'field list' in C:\laragon\www\geofisikaDNP\profileWeb\system\Database\MySQLi\Connection.php:306
Stack trace:
#0 C:\laragon\www\geofisikaDNP\profileWeb\system\Database\MySQLi\Connection.php(306): mysqli->query('INSERT INTO gem...', 0)
#1 C:\laragon\www\geofisikaDNP\profileWeb\system\Database\BaseConnection.php(693): CodeIgniter\Database\MySQLi\Connection->execute('INSERT INTO gem...')
#2 C:\laragon\www\geofisikaDNP\profileWeb\system\Database\BaseConnection.php(607): CodeIgniter\Database\BaseConnection->simpleQuery('INSERT INTO gem...')
#3 C:\laragon\www\geofisikaDNP\profileWeb\app\Controllers\Web.php(157): CodeIgniter\Database\BaseConnection->query('INSERT INTO gem...')
#4 C:\laragon\www\geofisikaDNP\profileWeb\system\CodeIgniter.php(939): App\Controllers\Web->simpan2()
#5 C:\laragon\www\geofisikaDNP\profileWeb\system\CodeIgniter.php(502): CodeIgniter\CodeIgniter->runController(Object(App\Controllers\Web))
#6 C:\laragon\www\geofisikaDNP\profileWeb\system\CodeIgniter.php(361): CodeIgniter\CodeIgniter->handleRequest(NULL, Object(Config\Cache), false)
#7 C:\laragon\www\geofisikaDNP\profileWeb\public\index.php(79): CodeIgniter\CodeIgniter->run()
#8 {main}
CRITICAL - 2024-03-30 22:23:43 --> Unknown column 'id_shakemap' in 'field list'
in SYSTEMPATH\Database\BaseConnection.php on line 647.
 1 APPPATH\Controllers\Web.php(157): CodeIgniter\Database\BaseConnection->query('INSERT INTO gempapgr3 (id,infogempa,id_shakemap) VALUES (\'20240331051322\',\'Info Gempa Mag:2.3 SR, 31-Mar-24 05:13:22 WIB, Lok:9.51 LS,118.41 BT (64 km BaratLaut KODI-SUMBABARATDAYA-NTT), Kedlmn:26 Km ::BMKG-KHK\',\'\')')
 2 SYSTEMPATH\CodeIgniter.php(939): App\Controllers\Web->simpan2()
 3 SYSTEMPATH\CodeIgniter.php(502): CodeIgniter\CodeIgniter->runController(Object(App\Controllers\Web))
 4 SYSTEMPATH\CodeIgniter.php(361): CodeIgniter\CodeIgniter->handleRequest(null, Object(Config\Cache), false)
 5 FCPATH\index.php(79): CodeIgniter\CodeIgniter->run()
ERROR - 2024-03-30 23:00:43 --> mysqli_sql_exception: Unknown column 'id_shakemap' in 'field list' in C:\laragon\www\geofisikaDNP\profileWeb\system\Database\MySQLi\Connection.php:306
Stack trace:
#0 C:\laragon\www\geofisikaDNP\profileWeb\system\Database\MySQLi\Connection.php(306): mysqli->query('INSERT INTO gem...', 0)
#1 C:\laragon\www\geofisikaDNP\profileWeb\system\Database\BaseConnection.php(693): CodeIgniter\Database\MySQLi\Connection->execute('INSERT INTO gem...')
#2 C:\laragon\www\geofisikaDNP\profileWeb\system\Database\BaseConnection.php(607): CodeIgniter\Database\BaseConnection->simpleQuery('INSERT INTO gem...')
#3 C:\laragon\www\geofisikaDNP\profileWeb\app\Controllers\Web.php(157): CodeIgniter\Database\BaseConnection->query('INSERT INTO gem...')
#4 C:\laragon\www\geofisikaDNP\profileWeb\system\CodeIgniter.php(939): App\Controllers\Web->simpan2()
#5 C:\laragon\www\geofisikaDNP\profileWeb\system\CodeIgniter.php(502): CodeIgniter\CodeIgniter->runController(Object(App\Controllers\Web))
#6 C:\laragon\www\geofisikaDNP\profileWeb\system\CodeIgniter.php(361): CodeIgniter\CodeIgniter->handleRequest(NULL, Object(Config\Cache), false)
#7 C:\laragon\www\geofisikaDNP\profileWeb\public\index.php(79): CodeIgniter\CodeIgniter->run()
#8 {main}
CRITICAL - 2024-03-30 23:00:43 --> Unknown column 'id_shakemap' in 'field list'
in SYSTEMPATH\Database\BaseConnection.php on line 647.
 1 APPPATH\Controllers\Web.php(157): CodeIgniter\Database\BaseConnection->query('INSERT INTO gempapgr3 (id,infogempa,id_shakemap) VALUES (\'20240331055252\',\'Info Gempa Mag:2.2 SR, 31-Mar-24 05:52:52 WIB, Lok:8.36 LS,121.38 BT (35 km TimurLaut MBAY-NAGEKEO-NTT), Kedlmn:11 Km ::BMKG-PGR III\',\'\')')
 2 SYSTEMPATH\CodeIgniter.php(939): App\Controllers\Web->simpan2()
 3 SYSTEMPATH\CodeIgniter.php(502): CodeIgniter\CodeIgniter->runController(Object(App\Controllers\Web))
 4 SYSTEMPATH\CodeIgniter.php(361): CodeIgniter\CodeIgniter->handleRequest(null, Object(Config\Cache), false)
 5 FCPATH\index.php(79): CodeIgniter\CodeIgniter->run()
ERROR - 2024-03-30 23:37:42 --> mysqli_sql_exception: Unknown column 'id_shakemap' in 'field list' in C:\laragon\www\geofisikaDNP\profileWeb\system\Database\MySQLi\Connection.php:306
Stack trace:
#0 C:\laragon\www\geofisikaDNP\profileWeb\system\Database\MySQLi\Connection.php(306): mysqli->query('INSERT INTO gem...', 0)
#1 C:\laragon\www\geofisikaDNP\profileWeb\system\Database\BaseConnection.php(693): CodeIgniter\Database\MySQLi\Connection->execute('INSERT INTO gem...')
#2 C:\laragon\www\geofisikaDNP\profileWeb\system\Database\BaseConnection.php(607): CodeIgniter\Database\BaseConnection->simpleQuery('INSERT INTO gem...')
#3 C:\laragon\www\geofisikaDNP\profileWeb\app\Controllers\Web.php(157): CodeIgniter\Database\BaseConnection->query('INSERT INTO gem...')
#4 C:\laragon\www\geofisikaDNP\profileWeb\system\CodeIgniter.php(939): App\Controllers\Web->simpan2()
#5 C:\laragon\www\geofisikaDNP\profileWeb\system\CodeIgniter.php(502): CodeIgniter\CodeIgniter->runController(Object(App\Controllers\Web))
#6 C:\laragon\www\geofisikaDNP\profileWeb\system\CodeIgniter.php(361): CodeIgniter\CodeIgniter->handleRequest(NULL, Object(Config\Cache), false)
#7 C:\laragon\www\geofisikaDNP\profileWeb\public\index.php(79): CodeIgniter\CodeIgniter->run()
#8 {main}
CRITICAL - 2024-03-30 23:37:42 --> Unknown column 'id_shakemap' in 'field list'
in SYSTEMPATH\Database\BaseConnection.php on line 647.
 1 APPPATH\Controllers\Web.php(157): CodeIgniter\Database\BaseConnection->query('INSERT INTO gempapgr3 (id,infogempa,id_shakemap) VALUES (\'20240331063202\',\'Info Gempa Mag:2.5 SR, 31-Mar-24 06:32:02 WIB, Lok:8.22 LS,117.78 BT (49 km TimurLaut SUMBAWA-NTB), Kedlmn:10 Km ::BMKG-PGR III\',\'\')')
 2 SYSTEMPATH\CodeIgniter.php(939): App\Controllers\Web->simpan2()
 3 SYSTEMPATH\CodeIgniter.php(502): CodeIgniter\CodeIgniter->runController(Object(App\Controllers\Web))
 4 SYSTEMPATH\CodeIgniter.php(361): CodeIgniter\CodeIgniter->handleRequest(null, Object(Config\Cache), false)
 5 FCPATH\index.php(79): CodeIgniter\CodeIgniter->run()
