ERROR - 2024-04-10 00:01:43 --> mysqli_sql_exception: Unknown column 'id_shakemap' in 'field list' in C:\laragon\www\geofisikaDNP\profileWeb\system\Database\MySQLi\Connection.php:306
Stack trace:
#0 C:\laragon\www\geofisikaDNP\profileWeb\system\Database\MySQLi\Connection.php(306): mysqli->query('INSERT INTO gem...', 0)
#1 C:\laragon\www\geofisikaDNP\profileWeb\system\Database\BaseConnection.php(693): CodeIgniter\Database\MySQLi\Connection->execute('INSERT INTO gem...')
#2 C:\laragon\www\geofisikaDNP\profileWeb\system\Database\BaseConnection.php(607): CodeIgniter\Database\BaseConnection->simpleQuery('INSERT INTO gem...')
#3 C:\laragon\www\geofisikaDNP\profileWeb\app\Controllers\Web.php(157): CodeIgniter\Database\BaseConnection->query('INSERT INTO gem...')
#4 C:\laragon\www\geofisikaDNP\profileWeb\system\CodeIgniter.php(939): App\Controllers\Web->simpan2()
#5 C:\laragon\www\geofisikaDNP\profileWeb\system\CodeIgniter.php(502): CodeIgniter\CodeIgniter->runController(Object(App\Controllers\Web))
#6 C:\laragon\www\geofisikaDNP\profileWeb\system\CodeIgniter.php(361): CodeIgniter\CodeIgniter->handleRequest(NULL, Object(Config\Cache), false)
#7 C:\laragon\www\geofisikaDNP\profileWeb\public\index.php(79): CodeIgniter\CodeIgniter->run()
#8 {main}
CRITICAL - 2024-04-10 00:01:43 --> Unknown column 'id_shakemap' in 'field list'
in SYSTEMPATH\Database\BaseConnection.php on line 647.
 1 APPPATH\Controllers\Web.php(157): CodeIgniter\Database\BaseConnection->query('INSERT INTO gempapgr3 (id,infogempa,id_shakemap) VALUES (\'20240410065328\',\'Info Gempa Mag:2.5 SR, 10-Apr-24 06:53:28 WIB, Lok:7.91 LS,117.65 BT (69 km TimurLaut SUMBAWA-NTB), Kedlmn:18 Km ::BMKG-WSI\',\'\')')
 2 SYSTEMPATH\CodeIgniter.php(939): App\Controllers\Web->simpan2()
 3 SYSTEMPATH\CodeIgniter.php(502): CodeIgniter\CodeIgniter->runController(Object(App\Controllers\Web))
 4 SYSTEMPATH\CodeIgniter.php(361): CodeIgniter\CodeIgniter->handleRequest(null, Object(Config\Cache), false)
 5 FCPATH\index.php(79): CodeIgniter\CodeIgniter->run()
ERROR - 2024-04-10 02:07:45 --> mysqli_sql_exception: Unknown column 'id_shakemap' in 'field list' in C:\laragon\www\geofisikaDNP\profileWeb\system\Database\MySQLi\Connection.php:306
Stack trace:
#0 C:\laragon\www\geofisikaDNP\profileWeb\system\Database\MySQLi\Connection.php(306): mysqli->query('INSERT INTO gem...', 0)
#1 C:\laragon\www\geofisikaDNP\profileWeb\system\Database\BaseConnection.php(693): CodeIgniter\Database\MySQLi\Connection->execute('INSERT INTO gem...')
#2 C:\laragon\www\geofisikaDNP\profileWeb\system\Database\BaseConnection.php(607): CodeIgniter\Database\BaseConnection->simpleQuery('INSERT INTO gem...')
#3 C:\laragon\www\geofisikaDNP\profileWeb\app\Controllers\Web.php(157): CodeIgniter\Database\BaseConnection->query('INSERT INTO gem...')
#4 C:\laragon\www\geofisikaDNP\profileWeb\system\CodeIgniter.php(939): App\Controllers\Web->simpan2()
#5 C:\laragon\www\geofisikaDNP\profileWeb\system\CodeIgniter.php(502): CodeIgniter\CodeIgniter->runController(Object(App\Controllers\Web))
#6 C:\laragon\www\geofisikaDNP\profileWeb\system\CodeIgniter.php(361): CodeIgniter\CodeIgniter->handleRequest(NULL, Object(Config\Cache), false)
#7 C:\laragon\www\geofisikaDNP\profileWeb\public\index.php(79): CodeIgniter\CodeIgniter->run()
#8 {main}
CRITICAL - 2024-04-10 02:07:45 --> Unknown column 'id_shakemap' in 'field list'
in SYSTEMPATH\Database\BaseConnection.php on line 647.
 1 APPPATH\Controllers\Web.php(157): CodeIgniter\Database\BaseConnection->query('INSERT INTO gempapgr3 (id,infogempa,id_shakemap) VALUES (\'20240410090100\',\'Info Gempa Mag:2.6 SR, 10-Apr-24 09:01:00 WIB, Lok:8.41 LS,114.45 BT (17 km BaratDaya JEMBRANA-BALI), Kedlmn:16 Km ::BMKG-KHK\',\'\')')
 2 SYSTEMPATH\CodeIgniter.php(939): App\Controllers\Web->simpan2()
 3 SYSTEMPATH\CodeIgniter.php(502): CodeIgniter\CodeIgniter->runController(Object(App\Controllers\Web))
 4 SYSTEMPATH\CodeIgniter.php(361): CodeIgniter\CodeIgniter->handleRequest(null, Object(Config\Cache), false)
 5 FCPATH\index.php(79): CodeIgniter\CodeIgniter->run()
ERROR - 2024-04-10 02:46:42 --> mysqli_sql_exception: Unknown column 'id_shakemap' in 'field list' in C:\laragon\www\geofisikaDNP\profileWeb\system\Database\MySQLi\Connection.php:306
Stack trace:
#0 C:\laragon\www\geofisikaDNP\profileWeb\system\Database\MySQLi\Connection.php(306): mysqli->query('INSERT INTO gem...', 0)
#1 C:\laragon\www\geofisikaDNP\profileWeb\system\Database\BaseConnection.php(693): CodeIgniter\Database\MySQLi\Connection->execute('INSERT INTO gem...')
#2 C:\laragon\www\geofisikaDNP\profileWeb\system\Database\BaseConnection.php(607): CodeIgniter\Database\BaseConnection->simpleQuery('INSERT INTO gem...')
#3 C:\laragon\www\geofisikaDNP\profileWeb\app\Controllers\Web.php(157): CodeIgniter\Database\BaseConnection->query('INSERT INTO gem...')
#4 C:\laragon\www\geofisikaDNP\profileWeb\system\CodeIgniter.php(939): App\Controllers\Web->simpan2()
#5 C:\laragon\www\geofisikaDNP\profileWeb\system\CodeIgniter.php(502): CodeIgniter\CodeIgniter->runController(Object(App\Controllers\Web))
#6 C:\laragon\www\geofisikaDNP\profileWeb\system\CodeIgniter.php(361): CodeIgniter\CodeIgniter->handleRequest(NULL, Object(Config\Cache), false)
#7 C:\laragon\www\geofisikaDNP\profileWeb\public\index.php(79): CodeIgniter\CodeIgniter->run()
#8 {main}
CRITICAL - 2024-04-10 02:46:42 --> Unknown column 'id_shakemap' in 'field list'
in SYSTEMPATH\Database\BaseConnection.php on line 647.
 1 APPPATH\Controllers\Web.php(157): CodeIgniter\Database\BaseConnection->query('INSERT INTO gempapgr3 (id,infogempa,id_shakemap) VALUES (\'20240410094023\',\'Info Gempa Mag:2.6 SR, 10-Apr-24 09:40:23 WIB, Lok:7.87 LS,120.11 BT (73 km TimurLaut LABUANBAJO-NTT), Kedlmn:25 Km ::BMKG-KHK\',\'\')')
 2 SYSTEMPATH\CodeIgniter.php(939): App\Controllers\Web->simpan2()
 3 SYSTEMPATH\CodeIgniter.php(502): CodeIgniter\CodeIgniter->runController(Object(App\Controllers\Web))
 4 SYSTEMPATH\CodeIgniter.php(361): CodeIgniter\CodeIgniter->handleRequest(null, Object(Config\Cache), false)
 5 FCPATH\index.php(79): CodeIgniter\CodeIgniter->run()
ERROR - 2024-04-10 03:12:42 --> mysqli_sql_exception: Unknown column 'id_shakemap' in 'field list' in C:\laragon\www\geofisikaDNP\profileWeb\system\Database\MySQLi\Connection.php:306
Stack trace:
#0 C:\laragon\www\geofisikaDNP\profileWeb\system\Database\MySQLi\Connection.php(306): mysqli->query('INSERT INTO gem...', 0)
#1 C:\laragon\www\geofisikaDNP\profileWeb\system\Database\BaseConnection.php(693): CodeIgniter\Database\MySQLi\Connection->execute('INSERT INTO gem...')
#2 C:\laragon\www\geofisikaDNP\profileWeb\system\Database\BaseConnection.php(607): CodeIgniter\Database\BaseConnection->simpleQuery('INSERT INTO gem...')
#3 C:\laragon\www\geofisikaDNP\profileWeb\app\Controllers\Web.php(157): CodeIgniter\Database\BaseConnection->query('INSERT INTO gem...')
#4 C:\laragon\www\geofisikaDNP\profileWeb\system\CodeIgniter.php(939): App\Controllers\Web->simpan2()
#5 C:\laragon\www\geofisikaDNP\profileWeb\system\CodeIgniter.php(502): CodeIgniter\CodeIgniter->runController(Object(App\Controllers\Web))
#6 C:\laragon\www\geofisikaDNP\profileWeb\system\CodeIgniter.php(361): CodeIgniter\CodeIgniter->handleRequest(NULL, Object(Config\Cache), false)
#7 C:\laragon\www\geofisikaDNP\profileWeb\public\index.php(79): CodeIgniter\CodeIgniter->run()
#8 {main}
CRITICAL - 2024-04-10 03:12:42 --> Unknown column 'id_shakemap' in 'field list'
in SYSTEMPATH\Database\BaseConnection.php on line 647.
 1 APPPATH\Controllers\Web.php(157): CodeIgniter\Database\BaseConnection->query('INSERT INTO gempapgr3 (id,infogempa,id_shakemap) VALUES (\'20240410100602\',\'Info Gempa Mag:2.4 SR, 10-Apr-24 10:06:02 WIB, Lok:9.05 LS,119.80 BT (62 km BaratDaya LABUANBAJO-NTT), Kedlmn:83 Km ::BMKG-KHK\',\'\')')
 2 SYSTEMPATH\CodeIgniter.php(939): App\Controllers\Web->simpan2()
 3 SYSTEMPATH\CodeIgniter.php(502): CodeIgniter\CodeIgniter->runController(Object(App\Controllers\Web))
 4 SYSTEMPATH\CodeIgniter.php(361): CodeIgniter\CodeIgniter->handleRequest(null, Object(Config\Cache), false)
 5 FCPATH\index.php(79): CodeIgniter\CodeIgniter->run()
ERROR - 2024-04-10 04:03:43 --> mysqli_sql_exception: Unknown column 'id_shakemap' in 'field list' in C:\laragon\www\geofisikaDNP\profileWeb\system\Database\MySQLi\Connection.php:306
Stack trace:
#0 C:\laragon\www\geofisikaDNP\profileWeb\system\Database\MySQLi\Connection.php(306): mysqli->query('INSERT INTO gem...', 0)
#1 C:\laragon\www\geofisikaDNP\profileWeb\system\Database\BaseConnection.php(693): CodeIgniter\Database\MySQLi\Connection->execute('INSERT INTO gem...')
#2 C:\laragon\www\geofisikaDNP\profileWeb\system\Database\BaseConnection.php(607): CodeIgniter\Database\BaseConnection->simpleQuery('INSERT INTO gem...')
#3 C:\laragon\www\geofisikaDNP\profileWeb\app\Controllers\Web.php(157): CodeIgniter\Database\BaseConnection->query('INSERT INTO gem...')
#4 C:\laragon\www\geofisikaDNP\profileWeb\system\CodeIgniter.php(939): App\Controllers\Web->simpan2()
#5 C:\laragon\www\geofisikaDNP\profileWeb\system\CodeIgniter.php(502): CodeIgniter\CodeIgniter->runController(Object(App\Controllers\Web))
#6 C:\laragon\www\geofisikaDNP\profileWeb\system\CodeIgniter.php(361): CodeIgniter\CodeIgniter->handleRequest(NULL, Object(Config\Cache), false)
#7 C:\laragon\www\geofisikaDNP\profileWeb\public\index.php(79): CodeIgniter\CodeIgniter->run()
#8 {main}
CRITICAL - 2024-04-10 04:03:43 --> Unknown column 'id_shakemap' in 'field list'
in SYSTEMPATH\Database\BaseConnection.php on line 647.
 1 APPPATH\Controllers\Web.php(157): CodeIgniter\Database\BaseConnection->query('INSERT INTO gempapgr3 (id,infogempa,id_shakemap) VALUES (\'20240410105659\',\'Info Gempa Mag:2.1 SR, 10-Apr-24 10:56:59 WIB, Lok:8.63 LS,116.07 BT (9 km BaratLaut LOMBOKBARAT-NTB), Kedlmn:93 Km ::BMKG-KHK\',\'\')')
 2 SYSTEMPATH\CodeIgniter.php(939): App\Controllers\Web->simpan2()
 3 SYSTEMPATH\CodeIgniter.php(502): CodeIgniter\CodeIgniter->runController(Object(App\Controllers\Web))
 4 SYSTEMPATH\CodeIgniter.php(361): CodeIgniter\CodeIgniter->handleRequest(null, Object(Config\Cache), false)
 5 FCPATH\index.php(79): CodeIgniter\CodeIgniter->run()
ERROR - 2024-04-10 06:46:43 --> mysqli_sql_exception: Unknown column 'id_shakemap' in 'field list' in C:\laragon\www\geofisikaDNP\profileWeb\system\Database\MySQLi\Connection.php:306
Stack trace:
#0 C:\laragon\www\geofisikaDNP\profileWeb\system\Database\MySQLi\Connection.php(306): mysqli->query('INSERT INTO gem...', 0)
#1 C:\laragon\www\geofisikaDNP\profileWeb\system\Database\BaseConnection.php(693): CodeIgniter\Database\MySQLi\Connection->execute('INSERT INTO gem...')
#2 C:\laragon\www\geofisikaDNP\profileWeb\system\Database\BaseConnection.php(607): CodeIgniter\Database\BaseConnection->simpleQuery('INSERT INTO gem...')
#3 C:\laragon\www\geofisikaDNP\profileWeb\app\Controllers\Web.php(157): CodeIgniter\Database\BaseConnection->query('INSERT INTO gem...')
#4 C:\laragon\www\geofisikaDNP\profileWeb\system\CodeIgniter.php(939): App\Controllers\Web->simpan2()
#5 C:\laragon\www\geofisikaDNP\profileWeb\system\CodeIgniter.php(502): CodeIgniter\CodeIgniter->runController(Object(App\Controllers\Web))
#6 C:\laragon\www\geofisikaDNP\profileWeb\system\CodeIgniter.php(361): CodeIgniter\CodeIgniter->handleRequest(NULL, Object(Config\Cache), false)
#7 C:\laragon\www\geofisikaDNP\profileWeb\public\index.php(79): CodeIgniter\CodeIgniter->run()
#8 {main}
CRITICAL - 2024-04-10 06:46:43 --> Unknown column 'id_shakemap' in 'field list'
in SYSTEMPATH\Database\BaseConnection.php on line 647.
 1 APPPATH\Controllers\Web.php(157): CodeIgniter\Database\BaseConnection->query('INSERT INTO gempapgr3 (id,infogempa,id_shakemap) VALUES (\'20240410134049\',\'Info Gempa Mag:2.9 SR, 10-Apr-24 13:40:49 WIB, Lok:8.72 LS,118.54 BT (22 km Tenggara DOMPU-NTB), Kedlmn:91 Km ::BMKG-KHK\',\'\')')
 2 SYSTEMPATH\CodeIgniter.php(939): App\Controllers\Web->simpan2()
 3 SYSTEMPATH\CodeIgniter.php(502): CodeIgniter\CodeIgniter->runController(Object(App\Controllers\Web))
 4 SYSTEMPATH\CodeIgniter.php(361): CodeIgniter\CodeIgniter->handleRequest(null, Object(Config\Cache), false)
 5 FCPATH\index.php(79): CodeIgniter\CodeIgniter->run()
ERROR - 2024-04-10 09:27:46 --> mysqli_sql_exception: Unknown column 'id_shakemap' in 'field list' in C:\laragon\www\geofisikaDNP\profileWeb\system\Database\MySQLi\Connection.php:306
Stack trace:
#0 C:\laragon\www\geofisikaDNP\profileWeb\system\Database\MySQLi\Connection.php(306): mysqli->query('INSERT INTO gem...', 0)
#1 C:\laragon\www\geofisikaDNP\profileWeb\system\Database\BaseConnection.php(693): CodeIgniter\Database\MySQLi\Connection->execute('INSERT INTO gem...')
#2 C:\laragon\www\geofisikaDNP\profileWeb\system\Database\BaseConnection.php(607): CodeIgniter\Database\BaseConnection->simpleQuery('INSERT INTO gem...')
#3 C:\laragon\www\geofisikaDNP\profileWeb\app\Controllers\Web.php(157): CodeIgniter\Database\BaseConnection->query('INSERT INTO gem...')
#4 C:\laragon\www\geofisikaDNP\profileWeb\system\CodeIgniter.php(939): App\Controllers\Web->simpan2()
#5 C:\laragon\www\geofisikaDNP\profileWeb\system\CodeIgniter.php(502): CodeIgniter\CodeIgniter->runController(Object(App\Controllers\Web))
#6 C:\laragon\www\geofisikaDNP\profileWeb\system\CodeIgniter.php(361): CodeIgniter\CodeIgniter->handleRequest(NULL, Object(Config\Cache), false)
#7 C:\laragon\www\geofisikaDNP\profileWeb\public\index.php(79): CodeIgniter\CodeIgniter->run()
#8 {main}
CRITICAL - 2024-04-10 09:27:46 --> Unknown column 'id_shakemap' in 'field list'
in SYSTEMPATH\Database\BaseConnection.php on line 647.
 1 APPPATH\Controllers\Web.php(157): CodeIgniter\Database\BaseConnection->query('INSERT INTO gempapgr3 (id,infogempa,id_shakemap) VALUES (\'20240410162207\',\'Info Gempa Mag:2.6 SR, 10-Apr-24 16:22:07 WIB, Lok:7.50 LS,114.85 BT (73 km BaratLaut BULELENG-BALI), Kedlmn:16 Km ::BMKG-PGR III\',\'\')')
 2 SYSTEMPATH\CodeIgniter.php(939): App\Controllers\Web->simpan2()
 3 SYSTEMPATH\CodeIgniter.php(502): CodeIgniter\CodeIgniter->runController(Object(App\Controllers\Web))
 4 SYSTEMPATH\CodeIgniter.php(361): CodeIgniter\CodeIgniter->handleRequest(null, Object(Config\Cache), false)
 5 FCPATH\index.php(79): CodeIgniter\CodeIgniter->run()
ERROR - 2024-04-10 09:59:43 --> mysqli_sql_exception: Unknown column 'id_shakemap' in 'field list' in C:\laragon\www\geofisikaDNP\profileWeb\system\Database\MySQLi\Connection.php:306
Stack trace:
#0 C:\laragon\www\geofisikaDNP\profileWeb\system\Database\MySQLi\Connection.php(306): mysqli->query('INSERT INTO gem...', 0)
#1 C:\laragon\www\geofisikaDNP\profileWeb\system\Database\BaseConnection.php(693): CodeIgniter\Database\MySQLi\Connection->execute('INSERT INTO gem...')
#2 C:\laragon\www\geofisikaDNP\profileWeb\system\Database\BaseConnection.php(607): CodeIgniter\Database\BaseConnection->simpleQuery('INSERT INTO gem...')
#3 C:\laragon\www\geofisikaDNP\profileWeb\app\Controllers\Web.php(157): CodeIgniter\Database\BaseConnection->query('INSERT INTO gem...')
#4 C:\laragon\www\geofisikaDNP\profileWeb\system\CodeIgniter.php(939): App\Controllers\Web->simpan2()
#5 C:\laragon\www\geofisikaDNP\profileWeb\system\CodeIgniter.php(502): CodeIgniter\CodeIgniter->runController(Object(App\Controllers\Web))
#6 C:\laragon\www\geofisikaDNP\profileWeb\system\CodeIgniter.php(361): CodeIgniter\CodeIgniter->handleRequest(NULL, Object(Config\Cache), false)
#7 C:\laragon\www\geofisikaDNP\profileWeb\public\index.php(79): CodeIgniter\CodeIgniter->run()
#8 {main}
CRITICAL - 2024-04-10 09:59:43 --> Unknown column 'id_shakemap' in 'field list'
in SYSTEMPATH\Database\BaseConnection.php on line 647.
 1 APPPATH\Controllers\Web.php(157): CodeIgniter\Database\BaseConnection->query('INSERT INTO gempapgr3 (id,infogempa,id_shakemap) VALUES (\'20240410165205\',\'Info Gempa Mag:2.2 SR, 10-Apr-24 16:52:05 WIB, Lok:8.92 LS,116.86 BT (18 km Tenggara SUMBAWABARAT-NTB), Kedlmn:10 Km ::BMKG-KHK\',\'\')')
 2 SYSTEMPATH\CodeIgniter.php(939): App\Controllers\Web->simpan2()
 3 SYSTEMPATH\CodeIgniter.php(502): CodeIgniter\CodeIgniter->runController(Object(App\Controllers\Web))
 4 SYSTEMPATH\CodeIgniter.php(361): CodeIgniter\CodeIgniter->handleRequest(null, Object(Config\Cache), false)
 5 FCPATH\index.php(79): CodeIgniter\CodeIgniter->run()
ERROR - 2024-04-10 11:32:42 --> mysqli_sql_exception: Unknown column 'id_shakemap' in 'field list' in C:\laragon\www\geofisikaDNP\profileWeb\system\Database\MySQLi\Connection.php:306
Stack trace:
#0 C:\laragon\www\geofisikaDNP\profileWeb\system\Database\MySQLi\Connection.php(306): mysqli->query('INSERT INTO gem...', 0)
#1 C:\laragon\www\geofisikaDNP\profileWeb\system\Database\BaseConnection.php(693): CodeIgniter\Database\MySQLi\Connection->execute('INSERT INTO gem...')
#2 C:\laragon\www\geofisikaDNP\profileWeb\system\Database\BaseConnection.php(607): CodeIgniter\Database\BaseConnection->simpleQuery('INSERT INTO gem...')
#3 C:\laragon\www\geofisikaDNP\profileWeb\app\Controllers\Web.php(157): CodeIgniter\Database\BaseConnection->query('INSERT INTO gem...')
#4 C:\laragon\www\geofisikaDNP\profileWeb\system\CodeIgniter.php(939): App\Controllers\Web->simpan2()
#5 C:\laragon\www\geofisikaDNP\profileWeb\system\CodeIgniter.php(502): CodeIgniter\CodeIgniter->runController(Object(App\Controllers\Web))
#6 C:\laragon\www\geofisikaDNP\profileWeb\system\CodeIgniter.php(361): CodeIgniter\CodeIgniter->handleRequest(NULL, Object(Config\Cache), false)
#7 C:\laragon\www\geofisikaDNP\profileWeb\public\index.php(79): CodeIgniter\CodeIgniter->run()
#8 {main}
CRITICAL - 2024-04-10 11:32:42 --> Unknown column 'id_shakemap' in 'field list'
in SYSTEMPATH\Database\BaseConnection.php on line 647.
 1 APPPATH\Controllers\Web.php(157): CodeIgniter\Database\BaseConnection->query('INSERT INTO gempapgr3 (id,infogempa,id_shakemap) VALUES (\'20240410182721\',\'Info Gempa Mag:3.4 SR, 10-Apr-24 18:27:21 WIB, Lok:9.36 LS,119.15 BT (4 km BaratLaut TAMBOLAKA-NTT), Kedlmn:47 Km ::BMKG-KHK\',\'\')')
 2 SYSTEMPATH\CodeIgniter.php(939): App\Controllers\Web->simpan2()
 3 SYSTEMPATH\CodeIgniter.php(502): CodeIgniter\CodeIgniter->runController(Object(App\Controllers\Web))
 4 SYSTEMPATH\CodeIgniter.php(361): CodeIgniter\CodeIgniter->handleRequest(null, Object(Config\Cache), false)
 5 FCPATH\index.php(79): CodeIgniter\CodeIgniter->run()
ERROR - 2024-04-10 12:39:44 --> mysqli_sql_exception: Unknown column 'id_shakemap' in 'field list' in C:\laragon\www\geofisikaDNP\profileWeb\system\Database\MySQLi\Connection.php:306
Stack trace:
#0 C:\laragon\www\geofisikaDNP\profileWeb\system\Database\MySQLi\Connection.php(306): mysqli->query('INSERT INTO gem...', 0)
#1 C:\laragon\www\geofisikaDNP\profileWeb\system\Database\BaseConnection.php(693): CodeIgniter\Database\MySQLi\Connection->execute('INSERT INTO gem...')
#2 C:\laragon\www\geofisikaDNP\profileWeb\system\Database\BaseConnection.php(607): CodeIgniter\Database\BaseConnection->simpleQuery('INSERT INTO gem...')
#3 C:\laragon\www\geofisikaDNP\profileWeb\app\Controllers\Web.php(157): CodeIgniter\Database\BaseConnection->query('INSERT INTO gem...')
#4 C:\laragon\www\geofisikaDNP\profileWeb\system\CodeIgniter.php(939): App\Controllers\Web->simpan2()
#5 C:\laragon\www\geofisikaDNP\profileWeb\system\CodeIgniter.php(502): CodeIgniter\CodeIgniter->runController(Object(App\Controllers\Web))
#6 C:\laragon\www\geofisikaDNP\profileWeb\system\CodeIgniter.php(361): CodeIgniter\CodeIgniter->handleRequest(NULL, Object(Config\Cache), false)
#7 C:\laragon\www\geofisikaDNP\profileWeb\public\index.php(79): CodeIgniter\CodeIgniter->run()
#8 {main}
CRITICAL - 2024-04-10 12:39:44 --> Unknown column 'id_shakemap' in 'field list'
in SYSTEMPATH\Database\BaseConnection.php on line 647.
 1 APPPATH\Controllers\Web.php(157): CodeIgniter\Database\BaseConnection->query('INSERT INTO gempapgr3 (id,infogempa,id_shakemap) VALUES (\'20240410193300\',\'Info Gempa Mag:2.8 SR, 10-Apr-24 19:33:00 WIB, Lok:7.88 LS,119.50 BT (81 km BaratLaut LABUANBAJO-NTT), Kedlmn:270 Km ::BMKG-KHK\',\'\')')
 2 SYSTEMPATH\CodeIgniter.php(939): App\Controllers\Web->simpan2()
 3 SYSTEMPATH\CodeIgniter.php(502): CodeIgniter\CodeIgniter->runController(Object(App\Controllers\Web))
 4 SYSTEMPATH\CodeIgniter.php(361): CodeIgniter\CodeIgniter->handleRequest(null, Object(Config\Cache), false)
 5 FCPATH\index.php(79): CodeIgniter\CodeIgniter->run()
ERROR - 2024-04-10 13:11:43 --> mysqli_sql_exception: Unknown column 'id_shakemap' in 'field list' in C:\laragon\www\geofisikaDNP\profileWeb\system\Database\MySQLi\Connection.php:306
Stack trace:
#0 C:\laragon\www\geofisikaDNP\profileWeb\system\Database\MySQLi\Connection.php(306): mysqli->query('INSERT INTO gem...', 0)
#1 C:\laragon\www\geofisikaDNP\profileWeb\system\Database\BaseConnection.php(693): CodeIgniter\Database\MySQLi\Connection->execute('INSERT INTO gem...')
#2 C:\laragon\www\geofisikaDNP\profileWeb\system\Database\BaseConnection.php(607): CodeIgniter\Database\BaseConnection->simpleQuery('INSERT INTO gem...')
#3 C:\laragon\www\geofisikaDNP\profileWeb\app\Controllers\Web.php(157): CodeIgniter\Database\BaseConnection->query('INSERT INTO gem...')
#4 C:\laragon\www\geofisikaDNP\profileWeb\system\CodeIgniter.php(939): App\Controllers\Web->simpan2()
#5 C:\laragon\www\geofisikaDNP\profileWeb\system\CodeIgniter.php(502): CodeIgniter\CodeIgniter->runController(Object(App\Controllers\Web))
#6 C:\laragon\www\geofisikaDNP\profileWeb\system\CodeIgniter.php(361): CodeIgniter\CodeIgniter->handleRequest(NULL, Object(Config\Cache), false)
#7 C:\laragon\www\geofisikaDNP\profileWeb\public\index.php(79): CodeIgniter\CodeIgniter->run()
#8 {main}
CRITICAL - 2024-04-10 13:11:43 --> Unknown column 'id_shakemap' in 'field list'
in SYSTEMPATH\Database\BaseConnection.php on line 647.
 1 APPPATH\Controllers\Web.php(157): CodeIgniter\Database\BaseConnection->query('INSERT INTO gempapgr3 (id,infogempa,id_shakemap) VALUES (\'20240410200412\',\'Info Gempa Mag:2.4 SR, 10-Apr-24 20:04:12 WIB, Lok:7.76 LS,119.02 BT (82 km TimurLaut BIMA-NTB), Kedlmn:35 Km ::BMKG-KHK\',\'\')')
 2 SYSTEMPATH\CodeIgniter.php(939): App\Controllers\Web->simpan2()
 3 SYSTEMPATH\CodeIgniter.php(502): CodeIgniter\CodeIgniter->runController(Object(App\Controllers\Web))
 4 SYSTEMPATH\CodeIgniter.php(361): CodeIgniter\CodeIgniter->handleRequest(null, Object(Config\Cache), false)
 5 FCPATH\index.php(79): CodeIgniter\CodeIgniter->run()
ERROR - 2024-04-10 14:05:43 --> mysqli_sql_exception: Unknown column 'id_shakemap' in 'field list' in C:\laragon\www\geofisikaDNP\profileWeb\system\Database\MySQLi\Connection.php:306
Stack trace:
#0 C:\laragon\www\geofisikaDNP\profileWeb\system\Database\MySQLi\Connection.php(306): mysqli->query('INSERT INTO gem...', 0)
#1 C:\laragon\www\geofisikaDNP\profileWeb\system\Database\BaseConnection.php(693): CodeIgniter\Database\MySQLi\Connection->execute('INSERT INTO gem...')
#2 C:\laragon\www\geofisikaDNP\profileWeb\system\Database\BaseConnection.php(607): CodeIgniter\Database\BaseConnection->simpleQuery('INSERT INTO gem...')
#3 C:\laragon\www\geofisikaDNP\profileWeb\app\Controllers\Web.php(157): CodeIgniter\Database\BaseConnection->query('INSERT INTO gem...')
#4 C:\laragon\www\geofisikaDNP\profileWeb\system\CodeIgniter.php(939): App\Controllers\Web->simpan2()
#5 C:\laragon\www\geofisikaDNP\profileWeb\system\CodeIgniter.php(502): CodeIgniter\CodeIgniter->runController(Object(App\Controllers\Web))
#6 C:\laragon\www\geofisikaDNP\profileWeb\system\CodeIgniter.php(361): CodeIgniter\CodeIgniter->handleRequest(NULL, Object(Config\Cache), false)
#7 C:\laragon\www\geofisikaDNP\profileWeb\public\index.php(79): CodeIgniter\CodeIgniter->run()
#8 {main}
CRITICAL - 2024-04-10 14:05:43 --> Unknown column 'id_shakemap' in 'field list'
in SYSTEMPATH\Database\BaseConnection.php on line 647.
 1 APPPATH\Controllers\Web.php(157): CodeIgniter\Database\BaseConnection->query('INSERT INTO gempapgr3 (id,infogempa,id_shakemap) VALUES (\'20240410205807\',\'Info Gempa Mag:2.7 SR, 10-Apr-24 20:58:07 WIB, Lok:8.81 LS,122.45 BT (34 km Tenggara MAUMERE-SIKKA-NTT), Kedlmn:109 Km ::BMKG-PGR III\',\'\')')
 2 SYSTEMPATH\CodeIgniter.php(939): App\Controllers\Web->simpan2()
 3 SYSTEMPATH\CodeIgniter.php(502): CodeIgniter\CodeIgniter->runController(Object(App\Controllers\Web))
 4 SYSTEMPATH\CodeIgniter.php(361): CodeIgniter\CodeIgniter->handleRequest(null, Object(Config\Cache), false)
 5 FCPATH\index.php(79): CodeIgniter\CodeIgniter->run()
ERROR - 2024-04-10 15:02:45 --> mysqli_sql_exception: Unknown column 'id_shakemap' in 'field list' in C:\laragon\www\geofisikaDNP\profileWeb\system\Database\MySQLi\Connection.php:306
Stack trace:
#0 C:\laragon\www\geofisikaDNP\profileWeb\system\Database\MySQLi\Connection.php(306): mysqli->query('INSERT INTO gem...', 0)
#1 C:\laragon\www\geofisikaDNP\profileWeb\system\Database\BaseConnection.php(693): CodeIgniter\Database\MySQLi\Connection->execute('INSERT INTO gem...')
#2 C:\laragon\www\geofisikaDNP\profileWeb\system\Database\BaseConnection.php(607): CodeIgniter\Database\BaseConnection->simpleQuery('INSERT INTO gem...')
#3 C:\laragon\www\geofisikaDNP\profileWeb\app\Controllers\Web.php(157): CodeIgniter\Database\BaseConnection->query('INSERT INTO gem...')
#4 C:\laragon\www\geofisikaDNP\profileWeb\system\CodeIgniter.php(939): App\Controllers\Web->simpan2()
#5 C:\laragon\www\geofisikaDNP\profileWeb\system\CodeIgniter.php(502): CodeIgniter\CodeIgniter->runController(Object(App\Controllers\Web))
#6 C:\laragon\www\geofisikaDNP\profileWeb\system\CodeIgniter.php(361): CodeIgniter\CodeIgniter->handleRequest(NULL, Object(Config\Cache), false)
#7 C:\laragon\www\geofisikaDNP\profileWeb\public\index.php(79): CodeIgniter\CodeIgniter->run()
#8 {main}
CRITICAL - 2024-04-10 15:02:46 --> Unknown column 'id_shakemap' in 'field list'
in SYSTEMPATH\Database\BaseConnection.php on line 647.
 1 APPPATH\Controllers\Web.php(157): CodeIgniter\Database\BaseConnection->query('INSERT INTO gempapgr3 (id,infogempa,id_shakemap) VALUES (\'20240410215407\',\'Info Gempa Mag:1.3 SR, 10-Apr-24 21:54:07 WIB, Lok:8.46 LS,121.89 BT (39 km BaratLaut MAUMERE-SIKKA-NTT), Kedlmn:18 Km ::BMKG-PGR III\',\'\')')
 2 SYSTEMPATH\CodeIgniter.php(939): App\Controllers\Web->simpan2()
 3 SYSTEMPATH\CodeIgniter.php(502): CodeIgniter\CodeIgniter->runController(Object(App\Controllers\Web))
 4 SYSTEMPATH\CodeIgniter.php(361): CodeIgniter\CodeIgniter->handleRequest(null, Object(Config\Cache), false)
 5 FCPATH\index.php(79): CodeIgniter\CodeIgniter->run()
ERROR - 2024-04-10 15:45:43 --> mysqli_sql_exception: Unknown column 'id_shakemap' in 'field list' in C:\laragon\www\geofisikaDNP\profileWeb\system\Database\MySQLi\Connection.php:306
Stack trace:
#0 C:\laragon\www\geofisikaDNP\profileWeb\system\Database\MySQLi\Connection.php(306): mysqli->query('INSERT INTO gem...', 0)
#1 C:\laragon\www\geofisikaDNP\profileWeb\system\Database\BaseConnection.php(693): CodeIgniter\Database\MySQLi\Connection->execute('INSERT INTO gem...')
#2 C:\laragon\www\geofisikaDNP\profileWeb\system\Database\BaseConnection.php(607): CodeIgniter\Database\BaseConnection->simpleQuery('INSERT INTO gem...')
#3 C:\laragon\www\geofisikaDNP\profileWeb\app\Controllers\Web.php(157): CodeIgniter\Database\BaseConnection->query('INSERT INTO gem...')
#4 C:\laragon\www\geofisikaDNP\profileWeb\system\CodeIgniter.php(939): App\Controllers\Web->simpan2()
#5 C:\laragon\www\geofisikaDNP\profileWeb\system\CodeIgniter.php(502): CodeIgniter\CodeIgniter->runController(Object(App\Controllers\Web))
#6 C:\laragon\www\geofisikaDNP\profileWeb\system\CodeIgniter.php(361): CodeIgniter\CodeIgniter->handleRequest(NULL, Object(Config\Cache), false)
#7 C:\laragon\www\geofisikaDNP\profileWeb\public\index.php(79): CodeIgniter\CodeIgniter->run()
#8 {main}
CRITICAL - 2024-04-10 15:45:43 --> Unknown column 'id_shakemap' in 'field list'
in SYSTEMPATH\Database\BaseConnection.php on line 647.
 1 APPPATH\Controllers\Web.php(157): CodeIgniter\Database\BaseConnection->query('INSERT INTO gempapgr3 (id,infogempa,id_shakemap) VALUES (\'20240410223833\',\'Info Gempa Mag:2.0 SR, 10-Apr-24 22:38:33 WIB, Lok:10.30 LS,119.17 BT (62 km BaratDaya WANOKAKA-NTT), Kedlmn:10 Km ::BMKG-KHK\',\'\')')
 2 SYSTEMPATH\CodeIgniter.php(939): App\Controllers\Web->simpan2()
 3 SYSTEMPATH\CodeIgniter.php(502): CodeIgniter\CodeIgniter->runController(Object(App\Controllers\Web))
 4 SYSTEMPATH\CodeIgniter.php(361): CodeIgniter\CodeIgniter->handleRequest(null, Object(Config\Cache), false)
 5 FCPATH\index.php(79): CodeIgniter\CodeIgniter->run()
ERROR - 2024-04-10 15:57:39 --> mysqli_sql_exception: Unknown column 'id_shakemap' in 'field list' in C:\laragon\www\geofisikaDNP\profileWeb\system\Database\MySQLi\Connection.php:306
Stack trace:
#0 C:\laragon\www\geofisikaDNP\profileWeb\system\Database\MySQLi\Connection.php(306): mysqli->query('INSERT INTO gem...', 0)
#1 C:\laragon\www\geofisikaDNP\profileWeb\system\Database\BaseConnection.php(693): CodeIgniter\Database\MySQLi\Connection->execute('INSERT INTO gem...')
#2 C:\laragon\www\geofisikaDNP\profileWeb\system\Database\BaseConnection.php(607): CodeIgniter\Database\BaseConnection->simpleQuery('INSERT INTO gem...')
#3 C:\laragon\www\geofisikaDNP\profileWeb\app\Controllers\Web.php(157): CodeIgniter\Database\BaseConnection->query('INSERT INTO gem...')
#4 C:\laragon\www\geofisikaDNP\profileWeb\system\CodeIgniter.php(939): App\Controllers\Web->simpan2()
#5 C:\laragon\www\geofisikaDNP\profileWeb\system\CodeIgniter.php(502): CodeIgniter\CodeIgniter->runController(Object(App\Controllers\Web))
#6 C:\laragon\www\geofisikaDNP\profileWeb\system\CodeIgniter.php(361): CodeIgniter\CodeIgniter->handleRequest(NULL, Object(Config\Cache), false)
#7 C:\laragon\www\geofisikaDNP\profileWeb\public\index.php(79): CodeIgniter\CodeIgniter->run()
#8 {main}
CRITICAL - 2024-04-10 15:57:39 --> Unknown column 'id_shakemap' in 'field list'
in SYSTEMPATH\Database\BaseConnection.php on line 647.
 1 APPPATH\Controllers\Web.php(157): CodeIgniter\Database\BaseConnection->query('INSERT INTO gempapgr3 (id,infogempa,id_shakemap) VALUES (\'20240410224238\',\'Info Gempa Mag:1.9 SR, 10-Apr-24 22:42:38 WIB, Lok:8.50 LS,121.90 BT (36 km BaratLaut MAUMERE-SIKKA-NTT), Kedlmn:24 Km ::BMKG-PGR III\',\'\')')
 2 SYSTEMPATH\CodeIgniter.php(939): App\Controllers\Web->simpan2()
 3 SYSTEMPATH\CodeIgniter.php(502): CodeIgniter\CodeIgniter->runController(Object(App\Controllers\Web))
 4 SYSTEMPATH\CodeIgniter.php(361): CodeIgniter\CodeIgniter->handleRequest(null, Object(Config\Cache), false)
 5 FCPATH\index.php(79): CodeIgniter\CodeIgniter->run()
ERROR - 2024-04-10 16:19:46 --> mysqli_sql_exception: Unknown column 'id_shakemap' in 'field list' in C:\laragon\www\geofisikaDNP\profileWeb\system\Database\MySQLi\Connection.php:306
Stack trace:
#0 C:\laragon\www\geofisikaDNP\profileWeb\system\Database\MySQLi\Connection.php(306): mysqli->query('INSERT INTO gem...', 0)
#1 C:\laragon\www\geofisikaDNP\profileWeb\system\Database\BaseConnection.php(693): CodeIgniter\Database\MySQLi\Connection->execute('INSERT INTO gem...')
#2 C:\laragon\www\geofisikaDNP\profileWeb\system\Database\BaseConnection.php(607): CodeIgniter\Database\BaseConnection->simpleQuery('INSERT INTO gem...')
#3 C:\laragon\www\geofisikaDNP\profileWeb\app\Controllers\Web.php(157): CodeIgniter\Database\BaseConnection->query('INSERT INTO gem...')
#4 C:\laragon\www\geofisikaDNP\profileWeb\system\CodeIgniter.php(939): App\Controllers\Web->simpan2()
#5 C:\laragon\www\geofisikaDNP\profileWeb\system\CodeIgniter.php(502): CodeIgniter\CodeIgniter->runController(Object(App\Controllers\Web))
#6 C:\laragon\www\geofisikaDNP\profileWeb\system\CodeIgniter.php(361): CodeIgniter\CodeIgniter->handleRequest(NULL, Object(Config\Cache), false)
#7 C:\laragon\www\geofisikaDNP\profileWeb\public\index.php(79): CodeIgniter\CodeIgniter->run()
#8 {main}
CRITICAL - 2024-04-10 16:19:46 --> Unknown column 'id_shakemap' in 'field list'
in SYSTEMPATH\Database\BaseConnection.php on line 647.
 1 APPPATH\Controllers\Web.php(157): CodeIgniter\Database\BaseConnection->query('INSERT INTO gempapgr3 (id,infogempa,id_shakemap) VALUES (\'20240410231202\',\'Info Gempa Mag:1.8 SR, 10-Apr-24 23:12:02 WIB, Lok:8.44 LS,116.37 BT (25 km Tenggara LOMBOKUTARA-NTB), Kedlmn:16 Km ::BMKG-KHK\',\'\')')
 2 SYSTEMPATH\CodeIgniter.php(939): App\Controllers\Web->simpan2()
 3 SYSTEMPATH\CodeIgniter.php(502): CodeIgniter\CodeIgniter->runController(Object(App\Controllers\Web))
 4 SYSTEMPATH\CodeIgniter.php(361): CodeIgniter\CodeIgniter->handleRequest(null, Object(Config\Cache), false)
 5 FCPATH\index.php(79): CodeIgniter\CodeIgniter->run()
ERROR - 2024-04-10 18:18:43 --> mysqli_sql_exception: Unknown column 'id_shakemap' in 'field list' in C:\laragon\www\geofisikaDNP\profileWeb\system\Database\MySQLi\Connection.php:306
Stack trace:
#0 C:\laragon\www\geofisikaDNP\profileWeb\system\Database\MySQLi\Connection.php(306): mysqli->query('INSERT INTO gem...', 0)
#1 C:\laragon\www\geofisikaDNP\profileWeb\system\Database\BaseConnection.php(693): CodeIgniter\Database\MySQLi\Connection->execute('INSERT INTO gem...')
#2 C:\laragon\www\geofisikaDNP\profileWeb\system\Database\BaseConnection.php(607): CodeIgniter\Database\BaseConnection->simpleQuery('INSERT INTO gem...')
#3 C:\laragon\www\geofisikaDNP\profileWeb\app\Controllers\Web.php(157): CodeIgniter\Database\BaseConnection->query('INSERT INTO gem...')
#4 C:\laragon\www\geofisikaDNP\profileWeb\system\CodeIgniter.php(939): App\Controllers\Web->simpan2()
#5 C:\laragon\www\geofisikaDNP\profileWeb\system\CodeIgniter.php(502): CodeIgniter\CodeIgniter->runController(Object(App\Controllers\Web))
#6 C:\laragon\www\geofisikaDNP\profileWeb\system\CodeIgniter.php(361): CodeIgniter\CodeIgniter->handleRequest(NULL, Object(Config\Cache), false)
#7 C:\laragon\www\geofisikaDNP\profileWeb\public\index.php(79): CodeIgniter\CodeIgniter->run()
#8 {main}
CRITICAL - 2024-04-10 18:18:43 --> Unknown column 'id_shakemap' in 'field list'
in SYSTEMPATH\Database\BaseConnection.php on line 647.
 1 APPPATH\Controllers\Web.php(157): CodeIgniter\Database\BaseConnection->query('INSERT INTO gempapgr3 (id,infogempa,id_shakemap) VALUES (\'20240411011126\',\'Info Gempa Mag:3.6 SR, 11-Apr-24 01:11:26 WIB, Lok:8.80 LS,119.60 BT (47 km BaratDaya LABUANBAJO-NTT), Kedlmn:106 Km ::BMKG-PGR III\',\'\')')
 2 SYSTEMPATH\CodeIgniter.php(939): App\Controllers\Web->simpan2()
 3 SYSTEMPATH\CodeIgniter.php(502): CodeIgniter\CodeIgniter->runController(Object(App\Controllers\Web))
 4 SYSTEMPATH\CodeIgniter.php(361): CodeIgniter\CodeIgniter->handleRequest(null, Object(Config\Cache), false)
 5 FCPATH\index.php(79): CodeIgniter\CodeIgniter->run()
ERROR - 2024-04-10 18:46:43 --> mysqli_sql_exception: Unknown column 'id_shakemap' in 'field list' in C:\laragon\www\geofisikaDNP\profileWeb\system\Database\MySQLi\Connection.php:306
Stack trace:
#0 C:\laragon\www\geofisikaDNP\profileWeb\system\Database\MySQLi\Connection.php(306): mysqli->query('INSERT INTO gem...', 0)
#1 C:\laragon\www\geofisikaDNP\profileWeb\system\Database\BaseConnection.php(693): CodeIgniter\Database\MySQLi\Connection->execute('INSERT INTO gem...')
#2 C:\laragon\www\geofisikaDNP\profileWeb\system\Database\BaseConnection.php(607): CodeIgniter\Database\BaseConnection->simpleQuery('INSERT INTO gem...')
#3 C:\laragon\www\geofisikaDNP\profileWeb\app\Controllers\Web.php(157): CodeIgniter\Database\BaseConnection->query('INSERT INTO gem...')
#4 C:\laragon\www\geofisikaDNP\profileWeb\system\CodeIgniter.php(939): App\Controllers\Web->simpan2()
#5 C:\laragon\www\geofisikaDNP\profileWeb\system\CodeIgniter.php(502): CodeIgniter\CodeIgniter->runController(Object(App\Controllers\Web))
#6 C:\laragon\www\geofisikaDNP\profileWeb\system\CodeIgniter.php(361): CodeIgniter\CodeIgniter->handleRequest(NULL, Object(Config\Cache), false)
#7 C:\laragon\www\geofisikaDNP\profileWeb\public\index.php(79): CodeIgniter\CodeIgniter->run()
#8 {main}
CRITICAL - 2024-04-10 18:46:43 --> Unknown column 'id_shakemap' in 'field list'
in SYSTEMPATH\Database\BaseConnection.php on line 647.
 1 APPPATH\Controllers\Web.php(157): CodeIgniter\Database\BaseConnection->query('INSERT INTO gempapgr3 (id,infogempa,id_shakemap) VALUES (\'20240411014118\',\'Info Gempa Mag:2.7 SR, 11-Apr-24 01:41:18 WIB, Lok:8.38 LS,122.23 BT (26 km TimurLaut MAUMERE-SIKKA-NTT), Kedlmn:16 Km ::BMKG-PGR III\',\'\')')
 2 SYSTEMPATH\CodeIgniter.php(939): App\Controllers\Web->simpan2()
 3 SYSTEMPATH\CodeIgniter.php(502): CodeIgniter\CodeIgniter->runController(Object(App\Controllers\Web))
 4 SYSTEMPATH\CodeIgniter.php(361): CodeIgniter\CodeIgniter->handleRequest(null, Object(Config\Cache), false)
 5 FCPATH\index.php(79): CodeIgniter\CodeIgniter->run()
ERROR - 2024-04-10 19:05:45 --> mysqli_sql_exception: Unknown column 'id_shakemap' in 'field list' in C:\laragon\www\geofisikaDNP\profileWeb\system\Database\MySQLi\Connection.php:306
Stack trace:
#0 C:\laragon\www\geofisikaDNP\profileWeb\system\Database\MySQLi\Connection.php(306): mysqli->query('INSERT INTO gem...', 0)
#1 C:\laragon\www\geofisikaDNP\profileWeb\system\Database\BaseConnection.php(693): CodeIgniter\Database\MySQLi\Connection->execute('INSERT INTO gem...')
#2 C:\laragon\www\geofisikaDNP\profileWeb\system\Database\BaseConnection.php(607): CodeIgniter\Database\BaseConnection->simpleQuery('INSERT INTO gem...')
#3 C:\laragon\www\geofisikaDNP\profileWeb\app\Controllers\Web.php(157): CodeIgniter\Database\BaseConnection->query('INSERT INTO gem...')
#4 C:\laragon\www\geofisikaDNP\profileWeb\system\CodeIgniter.php(939): App\Controllers\Web->simpan2()
#5 C:\laragon\www\geofisikaDNP\profileWeb\system\CodeIgniter.php(502): CodeIgniter\CodeIgniter->runController(Object(App\Controllers\Web))
#6 C:\laragon\www\geofisikaDNP\profileWeb\system\CodeIgniter.php(361): CodeIgniter\CodeIgniter->handleRequest(NULL, Object(Config\Cache), false)
#7 C:\laragon\www\geofisikaDNP\profileWeb\public\index.php(79): CodeIgniter\CodeIgniter->run()
#8 {main}
CRITICAL - 2024-04-10 19:05:45 --> Unknown column 'id_shakemap' in 'field list'
in SYSTEMPATH\Database\BaseConnection.php on line 647.
 1 APPPATH\Controllers\Web.php(157): CodeIgniter\Database\BaseConnection->query('INSERT INTO gempapgr3 (id,infogempa,id_shakemap) VALUES (\'20240411015903\',\'Info Gempa Mag:1.7 SR, 11-Apr-24 01:59:03 WIB, Lok:9.02 LS,119.65 BT (64 km BaratDaya LABUANBAJO-NTT), Kedlmn:10 Km ::BMKG-PGR III\',\'\')')
 2 SYSTEMPATH\CodeIgniter.php(939): App\Controllers\Web->simpan2()
 3 SYSTEMPATH\CodeIgniter.php(502): CodeIgniter\CodeIgniter->runController(Object(App\Controllers\Web))
 4 SYSTEMPATH\CodeIgniter.php(361): CodeIgniter\CodeIgniter->handleRequest(null, Object(Config\Cache), false)
 5 FCPATH\index.php(79): CodeIgniter\CodeIgniter->run()
ERROR - 2024-04-10 19:29:43 --> mysqli_sql_exception: Unknown column 'id_shakemap' in 'field list' in C:\laragon\www\geofisikaDNP\profileWeb\system\Database\MySQLi\Connection.php:306
Stack trace:
#0 C:\laragon\www\geofisikaDNP\profileWeb\system\Database\MySQLi\Connection.php(306): mysqli->query('INSERT INTO gem...', 0)
#1 C:\laragon\www\geofisikaDNP\profileWeb\system\Database\BaseConnection.php(693): CodeIgniter\Database\MySQLi\Connection->execute('INSERT INTO gem...')
#2 C:\laragon\www\geofisikaDNP\profileWeb\system\Database\BaseConnection.php(607): CodeIgniter\Database\BaseConnection->simpleQuery('INSERT INTO gem...')
#3 C:\laragon\www\geofisikaDNP\profileWeb\app\Controllers\Web.php(157): CodeIgniter\Database\BaseConnection->query('INSERT INTO gem...')
#4 C:\laragon\www\geofisikaDNP\profileWeb\system\CodeIgniter.php(939): App\Controllers\Web->simpan2()
#5 C:\laragon\www\geofisikaDNP\profileWeb\system\CodeIgniter.php(502): CodeIgniter\CodeIgniter->runController(Object(App\Controllers\Web))
#6 C:\laragon\www\geofisikaDNP\profileWeb\system\CodeIgniter.php(361): CodeIgniter\CodeIgniter->handleRequest(NULL, Object(Config\Cache), false)
#7 C:\laragon\www\geofisikaDNP\profileWeb\public\index.php(79): CodeIgniter\CodeIgniter->run()
#8 {main}
CRITICAL - 2024-04-10 19:29:43 --> Unknown column 'id_shakemap' in 'field list'
in SYSTEMPATH\Database\BaseConnection.php on line 647.
 1 APPPATH\Controllers\Web.php(157): CodeIgniter\Database\BaseConnection->query('INSERT INTO gempapgr3 (id,infogempa,id_shakemap) VALUES (\'20240411022326\',\'Info Gempa Mag:2.3 SR, 11-Apr-24 02:23:26 WIB, Lok:8.02 LS,118.89 BT (50 km TimurLaut BIMA-NTB), Kedlmn:60 Km ::BMKG-PGR III\',\'\')')
 2 SYSTEMPATH\CodeIgniter.php(939): App\Controllers\Web->simpan2()
 3 SYSTEMPATH\CodeIgniter.php(502): CodeIgniter\CodeIgniter->runController(Object(App\Controllers\Web))
 4 SYSTEMPATH\CodeIgniter.php(361): CodeIgniter\CodeIgniter->handleRequest(null, Object(Config\Cache), false)
 5 FCPATH\index.php(79): CodeIgniter\CodeIgniter->run()
ERROR - 2024-04-10 20:22:43 --> mysqli_sql_exception: Unknown column 'id_shakemap' in 'field list' in C:\laragon\www\geofisikaDNP\profileWeb\system\Database\MySQLi\Connection.php:306
Stack trace:
#0 C:\laragon\www\geofisikaDNP\profileWeb\system\Database\MySQLi\Connection.php(306): mysqli->query('INSERT INTO gem...', 0)
#1 C:\laragon\www\geofisikaDNP\profileWeb\system\Database\BaseConnection.php(693): CodeIgniter\Database\MySQLi\Connection->execute('INSERT INTO gem...')
#2 C:\laragon\www\geofisikaDNP\profileWeb\system\Database\BaseConnection.php(607): CodeIgniter\Database\BaseConnection->simpleQuery('INSERT INTO gem...')
#3 C:\laragon\www\geofisikaDNP\profileWeb\app\Controllers\Web.php(157): CodeIgniter\Database\BaseConnection->query('INSERT INTO gem...')
#4 C:\laragon\www\geofisikaDNP\profileWeb\system\CodeIgniter.php(939): App\Controllers\Web->simpan2()
#5 C:\laragon\www\geofisikaDNP\profileWeb\system\CodeIgniter.php(502): CodeIgniter\CodeIgniter->runController(Object(App\Controllers\Web))
#6 C:\laragon\www\geofisikaDNP\profileWeb\system\CodeIgniter.php(361): CodeIgniter\CodeIgniter->handleRequest(NULL, Object(Config\Cache), false)
#7 C:\laragon\www\geofisikaDNP\profileWeb\public\index.php(79): CodeIgniter\CodeIgniter->run()
#8 {main}
CRITICAL - 2024-04-10 20:22:43 --> Unknown column 'id_shakemap' in 'field list'
in SYSTEMPATH\Database\BaseConnection.php on line 647.
 1 APPPATH\Controllers\Web.php(157): CodeIgniter\Database\BaseConnection->query('INSERT INTO gempapgr3 (id,infogempa,id_shakemap) VALUES (\'20240411031401\',\'Info Gempa Mag:3.3 SR, 11-Apr-24 03:14:01 WIB, Lok:9.18 LS,121.74 BT (38 km Tenggara ENDE-NTT), Kedlmn:71 Km ::BMKG-KHK\',\'\')')
 2 SYSTEMPATH\CodeIgniter.php(939): App\Controllers\Web->simpan2()
 3 SYSTEMPATH\CodeIgniter.php(502): CodeIgniter\CodeIgniter->runController(Object(App\Controllers\Web))
 4 SYSTEMPATH\CodeIgniter.php(361): CodeIgniter\CodeIgniter->handleRequest(null, Object(Config\Cache), false)
 5 FCPATH\index.php(79): CodeIgniter\CodeIgniter->run()
ERROR - 2024-04-10 21:11:44 --> mysqli_sql_exception: Unknown column 'id_shakemap' in 'field list' in C:\laragon\www\geofisikaDNP\profileWeb\system\Database\MySQLi\Connection.php:306
Stack trace:
#0 C:\laragon\www\geofisikaDNP\profileWeb\system\Database\MySQLi\Connection.php(306): mysqli->query('INSERT INTO gem...', 0)
#1 C:\laragon\www\geofisikaDNP\profileWeb\system\Database\BaseConnection.php(693): CodeIgniter\Database\MySQLi\Connection->execute('INSERT INTO gem...')
#2 C:\laragon\www\geofisikaDNP\profileWeb\system\Database\BaseConnection.php(607): CodeIgniter\Database\BaseConnection->simpleQuery('INSERT INTO gem...')
#3 C:\laragon\www\geofisikaDNP\profileWeb\app\Controllers\Web.php(157): CodeIgniter\Database\BaseConnection->query('INSERT INTO gem...')
#4 C:\laragon\www\geofisikaDNP\profileWeb\system\CodeIgniter.php(939): App\Controllers\Web->simpan2()
#5 C:\laragon\www\geofisikaDNP\profileWeb\system\CodeIgniter.php(502): CodeIgniter\CodeIgniter->runController(Object(App\Controllers\Web))
#6 C:\laragon\www\geofisikaDNP\profileWeb\system\CodeIgniter.php(361): CodeIgniter\CodeIgniter->handleRequest(NULL, Object(Config\Cache), false)
#7 C:\laragon\www\geofisikaDNP\profileWeb\public\index.php(79): CodeIgniter\CodeIgniter->run()
#8 {main}
CRITICAL - 2024-04-10 21:11:44 --> Unknown column 'id_shakemap' in 'field list'
in SYSTEMPATH\Database\BaseConnection.php on line 647.
 1 APPPATH\Controllers\Web.php(157): CodeIgniter\Database\BaseConnection->query('INSERT INTO gempapgr3 (id,infogempa,id_shakemap) VALUES (\'20240411040513\',\'Info Gempa Mag:2.9 SR, 11-Apr-24 04:05:13 WIB, Lok:9.73 LS,117.66 BT (140 km Tenggara SUMBAWABARAT-NTB), Kedlmn:10 Km ::BMKG-PGR III\',\'\')')
 2 SYSTEMPATH\CodeIgniter.php(939): App\Controllers\Web->simpan2()
 3 SYSTEMPATH\CodeIgniter.php(502): CodeIgniter\CodeIgniter->runController(Object(App\Controllers\Web))
 4 SYSTEMPATH\CodeIgniter.php(361): CodeIgniter\CodeIgniter->handleRequest(null, Object(Config\Cache), false)
 5 FCPATH\index.php(79): CodeIgniter\CodeIgniter->run()
ERROR - 2024-04-10 21:19:43 --> mysqli_sql_exception: Unknown column 'id_shakemap' in 'field list' in C:\laragon\www\geofisikaDNP\profileWeb\system\Database\MySQLi\Connection.php:306
Stack trace:
#0 C:\laragon\www\geofisikaDNP\profileWeb\system\Database\MySQLi\Connection.php(306): mysqli->query('INSERT INTO gem...', 0)
#1 C:\laragon\www\geofisikaDNP\profileWeb\system\Database\BaseConnection.php(693): CodeIgniter\Database\MySQLi\Connection->execute('INSERT INTO gem...')
#2 C:\laragon\www\geofisikaDNP\profileWeb\system\Database\BaseConnection.php(607): CodeIgniter\Database\BaseConnection->simpleQuery('INSERT INTO gem...')
#3 C:\laragon\www\geofisikaDNP\profileWeb\app\Controllers\Web.php(157): CodeIgniter\Database\BaseConnection->query('INSERT INTO gem...')
#4 C:\laragon\www\geofisikaDNP\profileWeb\system\CodeIgniter.php(939): App\Controllers\Web->simpan2()
#5 C:\laragon\www\geofisikaDNP\profileWeb\system\CodeIgniter.php(502): CodeIgniter\CodeIgniter->runController(Object(App\Controllers\Web))
#6 C:\laragon\www\geofisikaDNP\profileWeb\system\CodeIgniter.php(361): CodeIgniter\CodeIgniter->handleRequest(NULL, Object(Config\Cache), false)
#7 C:\laragon\www\geofisikaDNP\profileWeb\public\index.php(79): CodeIgniter\CodeIgniter->run()
#8 {main}
CRITICAL - 2024-04-10 21:19:43 --> Unknown column 'id_shakemap' in 'field list'
in SYSTEMPATH\Database\BaseConnection.php on line 647.
 1 APPPATH\Controllers\Web.php(157): CodeIgniter\Database\BaseConnection->query('INSERT INTO gempapgr3 (id,infogempa,id_shakemap) VALUES (\'20240411041102\',\'Info Gempa Mag:2.0 SR, 11-Apr-24 04:11:02 WIB, Lok:8.12 LS,120.49 BT (54 km TimurLaut RUTENG-MANGGARAI-NTT), Kedlmn:10 Km ::BMKG-PGR III\',\'\')')
 2 SYSTEMPATH\CodeIgniter.php(939): App\Controllers\Web->simpan2()
 3 SYSTEMPATH\CodeIgniter.php(502): CodeIgniter\CodeIgniter->runController(Object(App\Controllers\Web))
 4 SYSTEMPATH\CodeIgniter.php(361): CodeIgniter\CodeIgniter->handleRequest(null, Object(Config\Cache), false)
 5 FCPATH\index.php(79): CodeIgniter\CodeIgniter->run()
ERROR - 2024-04-10 21:43:43 --> mysqli_sql_exception: Unknown column 'id_shakemap' in 'field list' in C:\laragon\www\geofisikaDNP\profileWeb\system\Database\MySQLi\Connection.php:306
Stack trace:
#0 C:\laragon\www\geofisikaDNP\profileWeb\system\Database\MySQLi\Connection.php(306): mysqli->query('INSERT INTO gem...', 0)
#1 C:\laragon\www\geofisikaDNP\profileWeb\system\Database\BaseConnection.php(693): CodeIgniter\Database\MySQLi\Connection->execute('INSERT INTO gem...')
#2 C:\laragon\www\geofisikaDNP\profileWeb\system\Database\BaseConnection.php(607): CodeIgniter\Database\BaseConnection->simpleQuery('INSERT INTO gem...')
#3 C:\laragon\www\geofisikaDNP\profileWeb\app\Controllers\Web.php(157): CodeIgniter\Database\BaseConnection->query('INSERT INTO gem...')
#4 C:\laragon\www\geofisikaDNP\profileWeb\system\CodeIgniter.php(939): App\Controllers\Web->simpan2()
#5 C:\laragon\www\geofisikaDNP\profileWeb\system\CodeIgniter.php(502): CodeIgniter\CodeIgniter->runController(Object(App\Controllers\Web))
#6 C:\laragon\www\geofisikaDNP\profileWeb\system\CodeIgniter.php(361): CodeIgniter\CodeIgniter->handleRequest(NULL, Object(Config\Cache), false)
#7 C:\laragon\www\geofisikaDNP\profileWeb\public\index.php(79): CodeIgniter\CodeIgniter->run()
#8 {main}
CRITICAL - 2024-04-10 21:43:43 --> Unknown column 'id_shakemap' in 'field list'
in SYSTEMPATH\Database\BaseConnection.php on line 647.
 1 APPPATH\Controllers\Web.php(157): CodeIgniter\Database\BaseConnection->query('INSERT INTO gempapgr3 (id,infogempa,id_shakemap) VALUES (\'20240411043647\',\'Info Gempa Mag:2.0 SR, 11-Apr-24 04:36:47 WIB, Lok:9.84 LS,119.89 BT (15 km Tenggara LEWA-SUMBATIMUR-NTT), Kedlmn:49 Km ::BMKG-PGR III\',\'\')')
 2 SYSTEMPATH\CodeIgniter.php(939): App\Controllers\Web->simpan2()
 3 SYSTEMPATH\CodeIgniter.php(502): CodeIgniter\CodeIgniter->runController(Object(App\Controllers\Web))
 4 SYSTEMPATH\CodeIgniter.php(361): CodeIgniter\CodeIgniter->handleRequest(null, Object(Config\Cache), false)
 5 FCPATH\index.php(79): CodeIgniter\CodeIgniter->run()
ERROR - 2024-04-10 22:06:42 --> mysqli_sql_exception: Unknown column 'id_shakemap' in 'field list' in C:\laragon\www\geofisikaDNP\profileWeb\system\Database\MySQLi\Connection.php:306
Stack trace:
#0 C:\laragon\www\geofisikaDNP\profileWeb\system\Database\MySQLi\Connection.php(306): mysqli->query('INSERT INTO gem...', 0)
#1 C:\laragon\www\geofisikaDNP\profileWeb\system\Database\BaseConnection.php(693): CodeIgniter\Database\MySQLi\Connection->execute('INSERT INTO gem...')
#2 C:\laragon\www\geofisikaDNP\profileWeb\system\Database\BaseConnection.php(607): CodeIgniter\Database\BaseConnection->simpleQuery('INSERT INTO gem...')
#3 C:\laragon\www\geofisikaDNP\profileWeb\app\Controllers\Web.php(157): CodeIgniter\Database\BaseConnection->query('INSERT INTO gem...')
#4 C:\laragon\www\geofisikaDNP\profileWeb\system\CodeIgniter.php(939): App\Controllers\Web->simpan2()
#5 C:\laragon\www\geofisikaDNP\profileWeb\system\CodeIgniter.php(502): CodeIgniter\CodeIgniter->runController(Object(App\Controllers\Web))
#6 C:\laragon\www\geofisikaDNP\profileWeb\system\CodeIgniter.php(361): CodeIgniter\CodeIgniter->handleRequest(NULL, Object(Config\Cache), false)
#7 C:\laragon\www\geofisikaDNP\profileWeb\public\index.php(79): CodeIgniter\CodeIgniter->run()
#8 {main}
CRITICAL - 2024-04-10 22:06:42 --> Unknown column 'id_shakemap' in 'field list'
in SYSTEMPATH\Database\BaseConnection.php on line 647.
 1 APPPATH\Controllers\Web.php(157): CodeIgniter\Database\BaseConnection->query('INSERT INTO gempapgr3 (id,infogempa,id_shakemap) VALUES (\'20240411045726\',\'Info Gempa Mag:2.1 SR, 11-Apr-24 04:57:26 WIB, Lok:8.39 LS,118.61 BT (14 km BaratLaut BIMA-NTB), Kedlmn:174 Km ::BMKG-KHK\',\'\')')
 2 SYSTEMPATH\CodeIgniter.php(939): App\Controllers\Web->simpan2()
 3 SYSTEMPATH\CodeIgniter.php(502): CodeIgniter\CodeIgniter->runController(Object(App\Controllers\Web))
 4 SYSTEMPATH\CodeIgniter.php(361): CodeIgniter\CodeIgniter->handleRequest(null, Object(Config\Cache), false)
 5 FCPATH\index.php(79): CodeIgniter\CodeIgniter->run()
ERROR - 2024-04-10 22:56:43 --> mysqli_sql_exception: Unknown column 'id_shakemap' in 'field list' in C:\laragon\www\geofisikaDNP\profileWeb\system\Database\MySQLi\Connection.php:306
Stack trace:
#0 C:\laragon\www\geofisikaDNP\profileWeb\system\Database\MySQLi\Connection.php(306): mysqli->query('INSERT INTO gem...', 0)
#1 C:\laragon\www\geofisikaDNP\profileWeb\system\Database\BaseConnection.php(693): CodeIgniter\Database\MySQLi\Connection->execute('INSERT INTO gem...')
#2 C:\laragon\www\geofisikaDNP\profileWeb\system\Database\BaseConnection.php(607): CodeIgniter\Database\BaseConnection->simpleQuery('INSERT INTO gem...')
#3 C:\laragon\www\geofisikaDNP\profileWeb\app\Controllers\Web.php(157): CodeIgniter\Database\BaseConnection->query('INSERT INTO gem...')
#4 C:\laragon\www\geofisikaDNP\profileWeb\system\CodeIgniter.php(939): App\Controllers\Web->simpan2()
#5 C:\laragon\www\geofisikaDNP\profileWeb\system\CodeIgniter.php(502): CodeIgniter\CodeIgniter->runController(Object(App\Controllers\Web))
#6 C:\laragon\www\geofisikaDNP\profileWeb\system\CodeIgniter.php(361): CodeIgniter\CodeIgniter->handleRequest(NULL, Object(Config\Cache), false)
#7 C:\laragon\www\geofisikaDNP\profileWeb\public\index.php(79): CodeIgniter\CodeIgniter->run()
#8 {main}
CRITICAL - 2024-04-10 22:56:43 --> Unknown column 'id_shakemap' in 'field list'
in SYSTEMPATH\Database\BaseConnection.php on line 647.
 1 APPPATH\Controllers\Web.php(157): CodeIgniter\Database\BaseConnection->query('INSERT INTO gempapgr3 (id,infogempa,id_shakemap) VALUES (\'20240411054827\',\'Info Gempa Mag:2.3 SR, 11-Apr-24 05:48:27 WIB, Lok:9.57 LS,118.10 BT (98 km BaratLaut KODI-SUMBABARATDAYA-NTT), Kedlmn:25 Km ::BMKG-KHK\',\'\')')
 2 SYSTEMPATH\CodeIgniter.php(939): App\Controllers\Web->simpan2()
 3 SYSTEMPATH\CodeIgniter.php(502): CodeIgniter\CodeIgniter->runController(Object(App\Controllers\Web))
 4 SYSTEMPATH\CodeIgniter.php(361): CodeIgniter\CodeIgniter->handleRequest(null, Object(Config\Cache), false)
 5 FCPATH\index.php(79): CodeIgniter\CodeIgniter->run()
