ERROR - 2024-05-22 00:06:43 --> mysqli_sql_exception: Unknown column 'id_shakemap' in 'field list' in C:\laragon\www\geofisikaDNP\profileWeb\system\Database\MySQLi\Connection.php:306
Stack trace:
#0 C:\laragon\www\geofisikaDNP\profileWeb\system\Database\MySQLi\Connection.php(306): mysqli->query('INSERT INTO gem...', 0)
#1 C:\laragon\www\geofisikaDNP\profileWeb\system\Database\BaseConnection.php(693): CodeIgniter\Database\MySQLi\Connection->execute('INSERT INTO gem...')
#2 C:\laragon\www\geofisikaDNP\profileWeb\system\Database\BaseConnection.php(607): CodeIgniter\Database\BaseConnection->simpleQuery('INSERT INTO gem...')
#3 C:\laragon\www\geofisikaDNP\profileWeb\app\Controllers\Web.php(158): CodeIgniter\Database\BaseConnection->query('INSERT INTO gem...')
#4 C:\laragon\www\geofisikaDNP\profileWeb\system\CodeIgniter.php(939): App\Controllers\Web->simpan2()
#5 C:\laragon\www\geofisikaDNP\profileWeb\system\CodeIgniter.php(502): CodeIgniter\CodeIgniter->runController(Object(App\Controllers\Web))
#6 C:\laragon\www\geofisikaDNP\profileWeb\system\CodeIgniter.php(361): CodeIgniter\CodeIgniter->handleRequest(NULL, Object(Config\Cache), false)
#7 C:\laragon\www\geofisikaDNP\profileWeb\public\index.php(79): CodeIgniter\CodeIgniter->run()
#8 {main}
CRITICAL - 2024-05-22 00:06:43 --> Unknown column 'id_shakemap' in 'field list'
in SYSTEMPATH\Database\BaseConnection.php on line 647.
 1 APPPATH\Controllers\Web.php(158): CodeIgniter\Database\BaseConnection->query('INSERT INTO gempapgr3 (id,infogempa,id_shakemap) VALUES (\'20240522065958\',\'Info Gempa Mag:2.8 SR, 22-Mei-24 06:59:58 WIB, Lok:9.60 LS,119.55 BT (5 km BaratLaut WAIBAKUL-NTT), Kedlmn:30 Km ::BMKG-PGR III\',\'\')')
 2 SYSTEMPATH\CodeIgniter.php(939): App\Controllers\Web->simpan2()
 3 SYSTEMPATH\CodeIgniter.php(502): CodeIgniter\CodeIgniter->runController(Object(App\Controllers\Web))
 4 SYSTEMPATH\CodeIgniter.php(361): CodeIgniter\CodeIgniter->handleRequest(null, Object(Config\Cache), false)
 5 FCPATH\index.php(79): CodeIgniter\CodeIgniter->run()
CRITICAL - 2024-05-22 00:56:06 --> Invalid file: "Layout/template_baru.php"
in SYSTEMPATH\Exceptions\FrameworkException.php on line 39.
 1 SYSTEMPATH\View\View.php(216): CodeIgniter\Exceptions\FrameworkException::forInvalidFile('Layout/template_baru.php')
 2 SYSTEMPATH\View\View.php(244): CodeIgniter\View\View->render('Layout/template_baru', [], true)
 3 SYSTEMPATH\Common.php(1190): CodeIgniter\View\View->render('informasiGempaBumi/gempaBumiTerkini.php', [], true)
 4 APPPATH\Controllers\Web.php(58): view('informasiGempaBumi/gempaBumiTerkini.php')
 5 SYSTEMPATH\CodeIgniter.php(939): App\Controllers\Web->infogempaterkini()
 6 SYSTEMPATH\CodeIgniter.php(502): CodeIgniter\CodeIgniter->runController(Object(App\Controllers\Web))
 7 SYSTEMPATH\CodeIgniter.php(361): CodeIgniter\CodeIgniter->handleRequest(null, Object(Config\Cache), false)
 8 FCPATH\index.php(79): CodeIgniter\CodeIgniter->run()
